[I 2026-03-27 12:41:41,192] Trial 15 finished with value: 0.31034482758620685 and parameters: {'C': 1.773157667304706}. Best is trial 13 with value: 0.23333333333333328.
[I 2026-03-27 12:41:41,200] Trial 16 finished with value: 0.28205128205128205 and parameters: {'C': 4.447462331992433}. Best is trial 13 with value: 0.23333333333333328.
[I 2026-03-27 12:41:41,207] Trial 17 finished with value: 0.31034482758620685 and parameters: {'C': 0.9771768499410525}. Best is trial 13 with value: 0.23333333333333328.
[I 2026-03-27 12:41:41,215] Trial 18 finished with value: 0.16455696202531644 and parameters: {'C': 5.5511795745423065}. Best is trial 18 with value: 0.16455696202531644.
[I 2026-03-27 12:41:41,223] Trial 19 finished with value: 0.31034482758620685 and parameters: {'C': 2.4559116933093503}. Best is trial 18 with value: 0.16455696202531644.
[I 2026-03-27 12:41:41,230] Trial 20 finished with value: 0.31034482758620685 and parameters: {'C': 1.3451052945417867}. Best is trial 18 with value: 0.16455696202531644.
[I 2026-03-27 12:41:41,238] Trial 21 finished with value: 0.17500000000000004 and parameters: {'C': 5.530556590635056}. Best is trial 18 with value: 0.16455696202531644.
[I 2026-03-27 12:41:41,246] Trial 22 finished with value: 0.17557251908396942 and parameters: {'C': 6.634515632182889}. Best is trial 18 with value: 0.16455696202531644.
[I 2026-03-27 12:41:41,253] Trial 23 finished with value: 0.37254901960784315 and parameters: {'C': 6.544865529449962}. Best is trial 18 with value: 0.16455696202531644.
[I 2026-03-27 12:41:41,261] Trial 24 finished with value: 0.31034482758620685 and parameters: {'C': 3.3176123771411326}. Best is trial 18 with value: 0.16455696202531644.
[I 2026-03-27 12:41:41,268] Trial 25 finished with value: 0.17293233082706772 and parameters: {'C': 6.47480752328638}. Best is trial 18 with value: 0.16455696202531644.
[I 2026-03-27 12:41:41,276] Trial 26 finished with value: 0.31034482758620685 and parameters: {'C': 3.185180459841521}. Best is trial 18 with value: 0.16455696202531644.
[I 2026-03-27 12:41:41,283] Trial 27 finished with value: 0.2649572649572649 and parameters: {'C': 9.835222298453001}. Best is trial 18 with value: 0.16455696202531644.
[I 2026-03-27 12:41:41,291] Trial 28 finished with value: 0.17391304347826086 and parameters: {'C': 6.081198170979168}. Best is trial 18 with value: 0.16455696202531644.
[I 2026-03-27 12:41:41,299] Trial 29 finished with value: 0.31034482758620685 and parameters: {'C': 0.11944301014863777}. Best is trial 18 with value: 0.16455696202531644.
✅ Optuna a trouvé le meilleur C: 5.5511795745423065
🔹 Fold 3: Kernel TrainVal (400x400)
💾 Kernel sauvegardé: ./kernel_cache/kernel_trainval_0e7a161c07d2bf47e96d9c36d6b544ef.npy
🔹 Fold 3: Kernel Test (2000x400)
💾 Kernel sauvegardé: ./kernel_cache/kernel_test_20345dceb466ac49b5dd1684d8794421.npy
🚀 Retraining final SVM with best C: 5.5511795745423065...
✅ Result Fold 3: F1=0.7558 AUC=0.8816

🏆 Final Average: F1=0.7617, AUC=0.8849
wandb: updating run metadata; uploading artifact run-3dunxeld-fold_2confusion_matrix_table-UwD1Dg
wandb: uploading artifact run-3dunxeld-fold_2confusion_matrix_table-UwD1Dg
wandb: uploading media/table/fold_2/confusion_matrix_table_5_e94ce1a99dd702ea0995.table.json; uploading output.log; uploading wandb-summary.json; uploading config.yaml
wandb: uploading data
wandb: 
wandb: Run history:
wandb:                     avg/auc ▁
wandb:                      avg/f1 ▁
wandb:               fold_0/best_C ▁
wandb:   fold_0/config/num_streams ▁
wandb:    fold_0/config/state_tile ▁
wandb: fold_0/config/vram_fraction ▁
wandb:             fold_0/test_acc ▁
wandb:             fold_0/test_auc ▁
wandb:              fold_0/test_f1 ▁
wandb:               fold_1/best_C ▁
wandb:                         +13 ...
wandb: 
wandb: Run summary:
wandb:                             avg/auc 0.88494
wandb:                              avg/f1 0.7617
wandb:                       fold_0/best_C 7.05909
wandb:              fold_0/config/autotune True
wandb:         fold_0/config/dynamic_batch False
wandb:           fold_0/config/learn_tiles True
wandb:           fold_0/config/num_streams 2
wandb: fold_0/config/precompute_all_states True
wandb:            fold_0/config/state_tile -1
wandb:       fold_0/config/use_cuda_graphs False
wandb:                                 +28 ...
wandb: 
wandb: 🚀 View run fashion_mnist_qsvm_torch_ryrz_scale0.1 at: https://wandb.ai/dylan-fouepe-university-of-florence/pp_project/runs/3dunxeld
wandb: ⭐️ View project at: https://wandb.ai/dylan-fouepe-university-of-florence/pp_project
wandb: Synced 5 W&B file(s), 3 media file(s), 6 artifact file(s) and 0 other file(s)
wandb: Find logs at: ./wandb/run-20260327_124054-3dunxeld/logs
339.19user 6.52system 1:11.22elapsed 485%CPU (0avgtext+0avgdata 5243220maxresident)k
24inputs+50968outputs (0major+685148minor)pagefaults 0swaps
