📂 Loading fashion_mnist...
⚠️ Subset Train: 2500
🚀 Starting 3-Fold CV on None via torch
⚙️  Params: tile=None, angle_scale=0.1, embed=ryrz

🔹 Fold 1: Kernel Train (1666x1666)
⚡ Cache hit pour train: ./kernel_cache/kernel_train_0f9704591b542adbd0bd82355c0ec3f6.npy
🔹 Fold 1: Kernel Val (834x1666)
⚡ Cache hit pour val: ./kernel_cache/kernel_val_c9e65902d691e6db2f803dfc75cd3883.npy
🔍 Optimizing C (Optuna) - SKIPPED FOR MANUAL OVERRIDE

⚠️ OVERRIDE : Utilisation manuelle de C=0.45 (Zone optimale identifiée)
🔹 Fold 1: Kernel TrainVal (2500x2500)
⚡ Cache hit pour trainval: ./kernel_cache/kernel_trainval_a1ffa9d8142705cfaaaee5fd3281cea7.npy
🔹 Fold 1: Kernel Test (2000x2500)
⚡ Cache hit pour test: ./kernel_cache/kernel_test_52d010cb4193986a9ed368645bf00400.npy
🚀 Retraining final SVM with best C: 0.45...
✅ Result Fold 1: F1=0.1168 AUC=0.9894

🔹 Fold 2: Kernel Train (1667x1667)
⚡ Cache hit pour train: ./kernel_cache/kernel_train_4dcc69ab267da580206e6dbcc89143bc.npy
🔹 Fold 2: Kernel Val (833x1667)
⚡ Cache hit pour val: ./kernel_cache/kernel_val_968147c7fabd796b296b557115c573ff.npy
🔍 Optimizing C (Optuna) - SKIPPED FOR MANUAL OVERRIDE

⚠️ OVERRIDE : Utilisation manuelle de C=0.45 (Zone optimale identifiée)
🔹 Fold 2: Kernel TrainVal (2500x2500)
⚡ Cache hit pour trainval: ./kernel_cache/kernel_trainval_0035cdba3b9a3fe92cf6b3141938022d.npy
🔹 Fold 2: Kernel Test (2000x2500)
⚡ Cache hit pour test: ./kernel_cache/kernel_test_9579426f632a54c15aaa1bc79e92b8f7.npy
🚀 Retraining final SVM with best C: 0.45...
✅ Result Fold 2: F1=0.3779 AUC=0.9890

🔹 Fold 3: Kernel Train (1667x1667)
⚡ Cache hit pour train: ./kernel_cache/kernel_train_a02cfe6069f8711dad472aeeee1252fc.npy
🔹 Fold 3: Kernel Val (833x1667)
⚡ Cache hit pour val: ./kernel_cache/kernel_val_70220442704531b0b46105dbf9d540b4.npy
🔍 Optimizing C (Optuna) - SKIPPED FOR MANUAL OVERRIDE

⚠️ OVERRIDE : Utilisation manuelle de C=0.45 (Zone optimale identifiée)
🔹 Fold 3: Kernel TrainVal (2500x2500)
⚡ Cache hit pour trainval: ./kernel_cache/kernel_trainval_40c2c8f948ca9c1763e965a0f516af8f.npy
🔹 Fold 3: Kernel Test (2000x2500)
⚡ Cache hit pour test: ./kernel_cache/kernel_test_68ac92c43d3450e7488535393cf05c44.npy
🚀 Retraining final SVM with best C: 0.45...
✅ Result Fold 3: F1=0.1221 AUC=0.9889

🏆 Final Average: F1=0.2056, AUC=0.9891
📂 Loading fashion_mnist...
⚠️ Subset Train: 2500
🚀 Starting 3-Fold CV on None via torch
⚙️  Params: tile=None, angle_scale=0.1, embed=ryrz

🔹 Fold 1: Kernel Train (1666x1666)
💾 Kernel sauvegardé: ./kernel_cache/kernel_train_0f9704591b542adbd0bd82355c0ec3f6.npy
🔹 Fold 1: Kernel Val (834x1666)
💾 Kernel sauvegardé: ./kernel_cache/kernel_val_c9e65902d691e6db2f803dfc75cd3883.npy
🔍 Optimizing C (Optuna)...
✅ Optuna a trouvé le meilleur C: 7.7024661098226535
🔹 Fold 1: Kernel TrainVal (2500x2500)
💾 Kernel sauvegardé: ./kernel_cache/kernel_trainval_a1ffa9d8142705cfaaaee5fd3281cea7.npy
🔹 Fold 1: Kernel Test (2000x2500)
💾 Kernel sauvegardé: ./kernel_cache/kernel_test_52d010cb4193986a9ed368645bf00400.npy
🚀 Retraining final SVM with best C: 7.7024661098226535...
✅ Result Fold 1: F1=0.9621 AUC=0.9948

🔹 Fold 2: Kernel Train (1667x1667)
💾 Kernel sauvegardé: ./kernel_cache/kernel_train_4dcc69ab267da580206e6dbcc89143bc.npy
🔹 Fold 2: Kernel Val (833x1667)
💾 Kernel sauvegardé: ./kernel_cache/kernel_val_968147c7fabd796b296b557115c573ff.npy
🔍 Optimizing C (Optuna)...
✅ Optuna a trouvé le meilleur C: 9.771006877988892
🔹 Fold 2: Kernel TrainVal (2500x2500)
💾 Kernel sauvegardé: ./kernel_cache/kernel_trainval_0035cdba3b9a3fe92cf6b3141938022d.npy
🔹 Fold 2: Kernel Test (2000x2500)
💾 Kernel sauvegardé: ./kernel_cache/kernel_test_9579426f632a54c15aaa1bc79e92b8f7.npy
🚀 Retraining final SVM with best C: 9.771006877988892...
✅ Result Fold 2: F1=0.9641 AUC=0.9951

🔹 Fold 3: Kernel Train (1667x1667)
💾 Kernel sauvegardé: ./kernel_cache/kernel_train_a02cfe6069f8711dad472aeeee1252fc.npy
🔹 Fold 3: Kernel Val (833x1667)
💾 Kernel sauvegardé: ./kernel_cache/kernel_val_70220442704531b0b46105dbf9d540b4.npy
🔍 Optimizing C (Optuna)...
✅ Optuna a trouvé le meilleur C: 1.5456751534490736
🔹 Fold 3: Kernel TrainVal (2500x2500)
💾 Kernel sauvegardé: ./kernel_cache/kernel_trainval_40c2c8f948ca9c1763e965a0f516af8f.npy
🔹 Fold 3: Kernel Test (2000x2500)
💾 Kernel sauvegardé: ./kernel_cache/kernel_test_68ac92c43d3450e7488535393cf05c44.npy
🚀 Retraining final SVM with best C: 1.5456751534490736...
✅ Result Fold 3: F1=0.9538 AUC=0.9907

🏆 Final Average: F1=0.9600, AUC=0.9935
 📂 Loading fashion_mnist...
⚠️ Subset Train: 2500
🚀 Starting 3-Fold CV on None via torch
⚙️  Params: tile=None, angle_scale=0.1, embed=ryrz

🔹 Fold 1: Kernel Train (1666x1666)
💾 Kernel sauvegardé: ./kernel_cache/kernel_train_95ce911217deedaab1f65572f81a7c05.npy
🔹 Fold 1: Kernel Val (834x1666)
💾 Kernel sauvegardé: ./kernel_cache/kernel_val_a5d59adf91937f0dbcbe24738923659b.npy
🔍 Optimizing C (Optuna)...
✅ Optuna a trouvé le meilleur C: 1.141823125028769
🔹 Fold 1: Kernel TrainVal (2500x2500)
💾 Kernel sauvegardé: ./kernel_cache/kernel_trainval_2145ce7cccbf484c7a0822192025cde4.npy
🔹 Fold 1: Kernel Test (2000x2500)
💾 Kernel sauvegardé: ./kernel_cache/kernel_test_91206958cc41883f7ebc54b981f466af.npy
🚀 Retraining final SVM with best C: 1.141823125028769...
✅ Result Fold 1: F1=0.7601 AUC=0.8844

🔹 Fold 2: Kernel Train (1667x1667)
💾 Kernel sauvegardé: ./kernel_cache/kernel_train_870bf5c93fef6e52dcfdab184215c498.npy
🔹 Fold 2: Kernel Val (833x1667)
💾 Kernel sauvegardé: ./kernel_cache/kernel_val_c60d80c5d9d4ff240605db968c410700.npy
🔍 Optimizing C (Optuna)...
✅ Optuna a trouvé le meilleur C: 9.450420516865108
🔹 Fold 2: Kernel TrainVal (2500x2500)
💾 Kernel sauvegardé: ./kernel_cache/kernel_trainval_6064dd7521f642848dae16a6a3cd90f1.npy
🔹 Fold 2: Kernel Test (2000x2500)
💾 Kernel sauvegardé: ./kernel_cache/kernel_test_58c2ec0c4f9733accafa4bf8e04e3ecd.npy
🚀 Retraining final SVM with best C: 9.450420516865108...
✅ Result Fold 2: F1=0.7699 AUC=0.8838

🔹 Fold 3: Kernel Train (1667x1667)
💾 Kernel sauvegardé: ./kernel_cache/kernel_train_a1d21b69ca686b6d37c8324dd3b0a162.npy
🔹 Fold 3: Kernel Val (833x1667)
💾 Kernel sauvegardé: ./kernel_cache/kernel_val_8a3483132cde225d504f0b2148d86078.npy
🔍 Optimizing C (Optuna)...
✅ Optuna a trouvé le meilleur C: 6.404771669274446
🔹 Fold 3: Kernel TrainVal (2500x2500)
💾 Kernel sauvegardé: ./kernel_cache/kernel_trainval_76e6104b9653d651538520fb6a5132d5.npy
🔹 Fold 3: Kernel Test (2000x2500)
💾 Kernel sauvegardé: ./kernel_cache/kernel_test_fa9214989d0461db43b9d186dd37bbd7.npy
🚀 Retraining final SVM with best C: 6.404771669274446...
✅ Result Fold 3: F1=0.7680 AUC=0.8806

🏆 Final Average: F1=0.7660, AUC=0.8829
wandb: [wandb.login()] Loaded credentials for https://api.wandb.ai from /root/.netrc.
wandb: Currently logged in as: dylan-fouepe (dylan-fouepe-university-of-florence) to https://api.wandb.ai. Use `wandb login --relogin` to force relogin
wandb: setting up run b5wcbflz
wandb: Tracking run with wandb version 0.25.1
wandb: Run data is saved locally in /app/ProjectWorkParallelProgramming/wandb/run-20260327_124330-b5wcbflz
wandb: Run `wandb offline` to turn off syncing.
wandb: Syncing run fashion_mnist_qsvm_torch_ryrz_scale0.1
wandb: ⭐️ View project at https://wandb.ai/dylan-fouepe-university-of-florence/pp_project
wandb: 🚀 View run at https://wandb.ai/dylan-fouepe-university-of-florence/pp_project/runs/b5wcbflz
📂 Loading fashion_mnist...
⚠️ Subset Train: 2500
Extracting:   0%|          | 0/10 [00:00<?, ?it/s]Extracting:  10%|█         | 1/10 [00:00<00:00,  9.92it/s]Extracting:  70%|███████   | 7/10 [00:00<00:00, 37.87it/s]                                                          Extracting:   0%|          | 0/8 [00:00<?, ?it/s]Extracting:  12%|█▎        | 1/8 [00:00<00:00,  7.80it/s]Extracting:  88%|████████▊ | 7/8 [00:00<00:00, 34.13it/s]                                                         🚀 Starting 3-Fold CV on None via torch
⚙️  Params: tile=None, angle_scale=0.1, embed=ryrz

🔹 Fold 1: Kernel Train (1666x1666)
💾 Kernel sauvegardé: ./kernel_cache/kernel_train_95ce911217deedaab1f65572f81a7c05.npy
🔹 Fold 1: Kernel Val (834x1666)
💾 Kernel sauvegardé: ./kernel_cache/kernel_val_a5d59adf91937f0dbcbe24738923659b.npy
🔍 Optimizing C (Optuna)...
[I 2026-03-27 12:43:54,875] A new study created in memory with name: no-name-cc9373d8-a65b-411e-b2f5-8f6608e50f97
[I 2026-03-27 12:43:55,024] Trial 0 finished with value: 0.29805447470817126 and parameters: {'C': 0.17381841942345955}. Best is trial 0 with value: 0.29805447470817126.
[I 2026-03-27 12:43:55,155] Trial 1 finished with value: 0.22264150943396221 and parameters: {'C': 2.329171776361241}. Best is trial 1 with value: 0.22264150943396221.
[I 2026-03-27 12:43:55,257] Trial 2 finished with value: 0.21771217712177127 and parameters: {'C': 7.318932855585724}. Best is trial 2 with value: 0.21771217712177127.
[I 2026-03-27 12:43:55,398] Trial 3 finished with value: 0.29805447470817126 and parameters: {'C': 0.19182114475042114}. Best is trial 2 with value: 0.21771217712177127.
[I 2026-03-27 12:43:55,536] Trial 4 finished with value: 0.22208281053952317 and parameters: {'C': 2.7367166779410317}. Best is trial 2 with value: 0.21771217712177127.
[I 2026-03-27 12:43:55,677] Trial 5 finished with value: 0.29805447470817126 and parameters: {'C': 0.6479227384599964}. Best is trial 2 with value: 0.21771217712177127.
[I 2026-03-27 12:43:55,818] Trial 6 finished with value: 0.22978177150192558 and parameters: {'C': 1.5738808567744602}. Best is trial 2 with value: 0.21771217712177127.
[I 2026-03-27 12:43:55,957] Trial 7 finished with value: 0.29805447470817126 and parameters: {'C': 0.2502214383441266}. Best is trial 2 with value: 0.21771217712177127.
[I 2026-03-27 12:43:56,095] Trial 8 finished with value: 1.0 and parameters: {'C': 0.16979444875921934}. Best is trial 2 with value: 0.21771217712177127.
[I 2026-03-27 12:43:56,234] Trial 9 finished with value: 1.0 and parameters: {'C': 0.3202767218761673}. Best is trial 2 with value: 0.21771217712177127.
[I 2026-03-27 12:43:56,324] Trial 10 finished with value: 0.21271393643031788 and parameters: {'C': 9.243791071887177}. Best is trial 10 with value: 0.21271393643031788.
[I 2026-03-27 12:43:56,413] Trial 11 finished with value: 0.21771217712177127 and parameters: {'C': 7.464836897948789}. Best is trial 10 with value: 0.21271393643031788.
[I 2026-03-27 12:43:56,495] Trial 12 finished with value: 0.21559074299634595 and parameters: {'C': 9.559091199717479}. Best is trial 10 with value: 0.21271393643031788.
[I 2026-03-27 12:43:56,573] Trial 13 finished with value: 0.21271393643031788 and parameters: {'C': 9.230816894643391}. Best is trial 10 with value: 0.21271393643031788.
[I 2026-03-27 12:43:56,668] Trial 14 finished with value: 0.22071516646115907 and parameters: {'C': 4.958461113131033}. Best is trial 10 with value: 0.21271393643031788.
[I 2026-03-27 12:43:56,757] Trial 15 finished with value: 0.21987577639751554 and parameters: {'C': 4.439268048845023}. Best is trial 10 with value: 0.21271393643031788.
[I 2026-03-27 12:43:56,855] Trial 16 finished with value: 0.9694323144104804 and parameters: {'C': 0.8057917028472703}. Best is trial 10 with value: 0.21271393643031788.
[I 2026-03-27 12:43:56,945] Trial 17 finished with value: 0.22097378277153557 and parameters: {'C': 3.6489078721660393}. Best is trial 10 with value: 0.21271393643031788.
[I 2026-03-27 12:43:57,040] Trial 18 finished with value: 0.26702997275204354 and parameters: {'C': 1.3413091595531188}. Best is trial 10 with value: 0.21271393643031788.
[I 2026-03-27 12:43:57,132] Trial 19 finished with value: 1.0 and parameters: {'C': 0.10256880218496738}. Best is trial 10 with value: 0.21271393643031788.
[I 2026-03-27 12:43:57,207] Trial 20 finished with value: 0.21771217712177127 and parameters: {'C': 5.88351925680515}. Best is trial 10 with value: 0.21271393643031788.
[I 2026-03-27 12:43:57,296] Trial 21 finished with value: 0.21621621621621623 and parameters: {'C': 8.314529081634634}. Best is trial 10 with value: 0.21271393643031788.
[I 2026-03-27 12:43:57,392] Trial 22 finished with value: 0.2136752136752137 and parameters: {'C': 8.989267557731178}. Best is trial 10 with value: 0.21271393643031788.
[I 2026-03-27 12:43:57,526] Trial 23 finished with value: 0.22152690863579472 and parameters: {'C': 3.1761009761289345}. Best is trial 10 with value: 0.21271393643031788.
[I 2026-03-27 12:43:57,622] Trial 24 finished with value: 0.21559074299634595 and parameters: {'C': 9.84521439973013}. Best is trial 10 with value: 0.21271393643031788.
[I 2026-03-27 12:43:57,738] Trial 25 finished with value: 0.21824907521578296 and parameters: {'C': 5.646006739209492}. Best is trial 10 with value: 0.21271393643031788.
[I 2026-03-27 12:43:57,875] Trial 26 finished with value: 0.22152690863579472 and parameters: {'C': 1.9109526667471104}. Best is trial 10 with value: 0.21271393643031788.
[I 2026-03-27 12:43:57,997] Trial 27 finished with value: 0.22097378277153557 and parameters: {'C': 4.110130147071919}. Best is trial 10 with value: 0.21271393643031788.
[I 2026-03-27 12:43:58,109] Trial 28 finished with value: 0.21867321867321865 and parameters: {'C': 6.075531085760438}. Best is trial 10 with value: 0.21271393643031788.
[I 2026-03-27 12:43:58,215] Trial 29 finished with value: 0.21771217712177127 and parameters: {'C': 6.850490359394584}. Best is trial 10 with value: 0.21271393643031788.
✅ Optuna a trouvé le meilleur C: 9.243791071887177
🔹 Fold 1: Kernel TrainVal (2500x2500)
💾 Kernel sauvegardé: ./kernel_cache/kernel_trainval_2145ce7cccbf484c7a0822192025cde4.npy
🔹 Fold 1: Kernel Test (2000x2500)
💾 Kernel sauvegardé: ./kernel_cache/kernel_test_91206958cc41883f7ebc54b981f466af.npy
🚀 Retraining final SVM with best C: 9.243791071887177...
✅ Result Fold 1: F1=0.7723 AUC=0.8861

🔹 Fold 2: Kernel Train (1667x1667)
💾 Kernel sauvegardé: ./kernel_cache/kernel_train_870bf5c93fef6e52dcfdab184215c498.npy
🔹 Fold 2: Kernel Val (833x1667)
💾 Kernel sauvegardé: ./kernel_cache/kernel_val_c60d80c5d9d4ff240605db968c410700.npy
🔍 Optimizing C (Optuna)...
[I 2026-03-27 12:45:00,725] A new study created in memory with name: no-name-561a4aba-39ce-4d26-a70a-669f1805e018
[I 2026-03-27 12:45:00,829] Trial 0 finished with value: 0.23636363636363633 and parameters: {'C': 3.7008103867074675}. Best is trial 0 with value: 0.23636363636363633.
[I 2026-03-27 12:45:00,926] Trial 1 finished with value: 1.0 and parameters: {'C': 0.19964251879706138}. Best is trial 0 with value: 0.23636363636363633.
[I 2026-03-27 12:45:01,024] Trial 2 finished with value: 0.32854864433811803 and parameters: {'C': 0.6192636250949796}. Best is trial 0 with value: 0.23636363636363633.
[I 2026-03-27 12:45:01,121] Trial 3 finished with value: 1.0 and parameters: {'C': 0.2216065251592837}. Best is trial 0 with value: 0.23636363636363633.
[I 2026-03-27 12:45:01,216] Trial 4 finished with value: 0.32854864433811803 and parameters: {'C': 0.1732578230121026}. Best is trial 0 with value: 0.23636363636363633.
[I 2026-03-27 12:45:01,313] Trial 5 finished with value: 1.0 and parameters: {'C': 0.5528634631792199}. Best is trial 0 with value: 0.23636363636363633.
[I 2026-03-27 12:45:01,409] Trial 6 finished with value: 0.32854864433811803 and parameters: {'C': 0.1966976873675234}. Best is trial 0 with value: 0.23636363636363633.
[I 2026-03-27 12:45:01,502] Trial 7 finished with value: 0.32854864433811803 and parameters: {'C': 0.1474592250169613}. Best is trial 0 with value: 0.23636363636363633.
[I 2026-03-27 12:45:01,595] Trial 8 finished with value: 0.32854864433811803 and parameters: {'C': 0.1931366529315141}. Best is trial 0 with value: 0.23636363636363633.
[I 2026-03-27 12:45:01,689] Trial 9 finished with value: 1.0 and parameters: {'C': 0.21866653504735714}. Best is trial 0 with value: 0.23636363636363633.
[I 2026-03-27 12:45:01,760] Trial 10 finished with value: 0.22589531680440766 and parameters: {'C': 9.101220160301647}. Best is trial 10 with value: 0.22589531680440766.
[I 2026-03-27 12:45:01,831] Trial 11 finished with value: 0.22589531680440766 and parameters: {'C': 8.69779269199211}. Best is trial 10 with value: 0.22589531680440766.
[I 2026-03-27 12:45:01,901] Trial 12 finished with value: 0.22758620689655173 and parameters: {'C': 9.822229081152438}. Best is trial 10 with value: 0.22589531680440766.
[I 2026-03-27 12:45:01,972] Trial 13 finished with value: 0.22589531680440766 and parameters: {'C': 9.26796723942555}. Best is trial 10 with value: 0.22589531680440766.
[I 2026-03-27 12:45:02,059] Trial 14 finished with value: 0.23743016759776536 and parameters: {'C': 3.761503597010947}. Best is trial 10 with value: 0.22589531680440766.
[I 2026-03-27 12:45:02,148] Trial 15 finished with value: 0.23809523809523814 and parameters: {'C': 3.5422012034575654}. Best is trial 10 with value: 0.22589531680440766.
[I 2026-03-27 12:45:02,241] Trial 16 finished with value: 0.2532188841201717 and parameters: {'C': 1.781311613888214}. Best is trial 10 with value: 0.22589531680440766.
[I 2026-03-27 12:45:02,320] Trial 17 finished with value: 0.2288488210818308 and parameters: {'C': 5.857213977441212}. Best is trial 10 with value: 0.22589531680440766.
[I 2026-03-27 12:45:02,414] Trial 18 finished with value: 0.24964336661911557 and parameters: {'C': 1.6558012988375619}. Best is trial 10 with value: 0.22589531680440766.
[I 2026-03-27 12:45:02,509] Trial 19 finished with value: 0.24893314366998576 and parameters: {'C': 1.7018329600471853}. Best is trial 10 with value: 0.22589531680440766.
[I 2026-03-27 12:45:02,585] Trial 20 finished with value: 0.22821576763485474 and parameters: {'C': 6.832291892518872}. Best is trial 10 with value: 0.22589531680440766.
[I 2026-03-27 12:45:02,654] Trial 21 finished with value: 0.22589531680440766 and parameters: {'C': 9.452217475297951}. Best is trial 10 with value: 0.22589531680440766.
[I 2026-03-27 12:45:02,738] Trial 22 finished with value: 0.23226703755215572 and parameters: {'C': 4.7079360850833325}. Best is trial 10 with value: 0.22589531680440766.
[I 2026-03-27 12:45:02,816] Trial 23 finished with value: 0.22821576763485474 and parameters: {'C': 7.039205245715357}. Best is trial 10 with value: 0.22589531680440766.
[I 2026-03-27 12:45:02,886] Trial 24 finished with value: 0.22758620689655173 and parameters: {'C': 9.69434744819527}. Best is trial 10 with value: 0.22589531680440766.
[I 2026-03-27 12:45:02,981] Trial 25 finished with value: 0.24225352112676057 and parameters: {'C': 2.3530315358313043}. Best is trial 10 with value: 0.22589531680440766.
[I 2026-03-27 12:45:03,071] Trial 26 finished with value: 0.2457627118644068 and parameters: {'C': 2.6977343000000626}. Best is trial 10 with value: 0.22589531680440766.
[I 2026-03-27 12:45:03,167] Trial 27 finished with value: 0.24976958525345627 and parameters: {'C': 0.9913008760045385}. Best is trial 10 with value: 0.22589531680440766.
[I 2026-03-27 12:45:03,248] Trial 28 finished with value: 0.2288488210818308 and parameters: {'C': 5.631856119101498}. Best is trial 10 with value: 0.22589531680440766.
[I 2026-03-27 12:45:03,333] Trial 29 finished with value: 0.2391608391608392 and parameters: {'C': 4.065375987969447}. Best is trial 10 with value: 0.22589531680440766.
✅ Optuna a trouvé le meilleur C: 9.101220160301647
🔹 Fold 2: Kernel TrainVal (2500x2500)
💾 Kernel sauvegardé: ./kernel_cache/kernel_trainval_6064dd7521f642848dae16a6a3cd90f1.npy
🔹 Fold 2: Kernel Test (2000x2500)
💾 Kernel sauvegardé: ./kernel_cache/kernel_test_58c2ec0c4f9733accafa4bf8e04e3ecd.npy
🚀 Retraining final SVM with best C: 9.101220160301647...
✅ Result Fold 2: F1=0.7692 AUC=0.8834

🔹 Fold 3: Kernel Train (1667x1667)
💾 Kernel sauvegardé: ./kernel_cache/kernel_train_a1d21b69ca686b6d37c8324dd3b0a162.npy
🔹 Fold 3: Kernel Val (833x1667)
💾 Kernel sauvegardé: ./kernel_cache/kernel_val_8a3483132cde225d504f0b2148d86078.npy
🔍 Optimizing C (Optuna)...
[I 2026-03-27 12:46:05,869] A new study created in memory with name: no-name-0061f8ca-abda-49de-abe0-f699c1ecd621
[I 2026-03-27 12:46:05,959] Trial 0 finished with value: 0.19181585677749358 and parameters: {'C': 6.045177290530207}. Best is trial 0 with value: 0.19181585677749358.
[I 2026-03-27 12:46:06,054] Trial 1 finished with value: 1.0 and parameters: {'C': 0.50987911217367}. Best is trial 0 with value: 0.19181585677749358.
[I 2026-03-27 12:46:06,150] Trial 2 finished with value: 1.0 and parameters: {'C': 0.23097080100568354}. Best is trial 0 with value: 0.19181585677749358.
[I 2026-03-27 12:46:06,241] Trial 3 finished with value: 0.2041343669250646 and parameters: {'C': 3.077579593020651}. Best is trial 0 with value: 0.19181585677749358.
[I 2026-03-27 12:46:06,339] Trial 4 finished with value: 1.0 and parameters: {'C': 0.48490358994367155}. Best is trial 0 with value: 0.19181585677749358.
[I 2026-03-27 12:46:06,433] Trial 5 finished with value: 0.2093628088426528 and parameters: {'C': 2.3270711020441253}. Best is trial 0 with value: 0.19181585677749358.
[I 2026-03-27 12:46:06,513] Trial 6 finished with value: 0.18877551020408168 and parameters: {'C': 5.557620509022509}. Best is trial 6 with value: 0.18877551020408168.
[I 2026-03-27 12:46:06,586] Trial 7 finished with value: 0.19083969465648853 and parameters: {'C': 8.630544004073988}. Best is trial 6 with value: 0.18877551020408168.
[I 2026-03-27 12:46:06,681] Trial 8 finished with value: 0.3128447596532703 and parameters: {'C': 0.25204805285448195}. Best is trial 6 with value: 0.18877551020408168.
[I 2026-03-27 12:46:06,774] Trial 9 finished with value: 0.20725388601036265 and parameters: {'C': 2.372066682049054}. Best is trial 6 with value: 0.18877551020408168.
[I 2026-03-27 12:46:06,871] Trial 10 finished with value: 0.16919739696312364 and parameters: {'C': 1.1552247946073186}. Best is trial 10 with value: 0.16919739696312364.
[I 2026-03-27 12:46:06,968] Trial 11 finished with value: 0.8997821350762527 and parameters: {'C': 0.9906759220243395}. Best is trial 10 with value: 0.16919739696312364.
