[I 2026-03-27 12:53:57,382] Trial 6 finished with value: 1.0 and parameters: {'C': 0.10916608834523274}. Best is trial 0 with value: 1.0.
/usr/local/lib/python3.10/dist-packages/sklearn/svm/_base.py:305: ConvergenceWarning: Solver terminated early (max_iter=50000).  Consider pre-processing your data with StandardScaler or MinMaxScaler.
  warnings.warn(
[I 2026-03-27 12:53:57,772] Trial 7 finished with value: 1.0 and parameters: {'C': 0.6300246146065476}. Best is trial 0 with value: 1.0.
/usr/local/lib/python3.10/dist-packages/sklearn/svm/_base.py:305: ConvergenceWarning: Solver terminated early (max_iter=50000).  Consider pre-processing your data with StandardScaler or MinMaxScaler.
  warnings.warn(
[I 2026-03-27 12:53:58,212] Trial 8 finished with value: 1.0 and parameters: {'C': 0.7534205198977745}. Best is trial 0 with value: 1.0.
/usr/local/lib/python3.10/dist-packages/sklearn/svm/_base.py:305: ConvergenceWarning: Solver terminated early (max_iter=50000).  Consider pre-processing your data with StandardScaler or MinMaxScaler.
  warnings.warn(
[I 2026-03-27 12:53:58,728] Trial 9 finished with value: 1.0 and parameters: {'C': 0.6127769998723378}. Best is trial 0 with value: 1.0.
/usr/local/lib/python3.10/dist-packages/sklearn/svm/_base.py:305: ConvergenceWarning: Solver terminated early (max_iter=50000).  Consider pre-processing your data with StandardScaler or MinMaxScaler.
  warnings.warn(
[I 2026-03-27 12:53:59,270] Trial 10 finished with value: 1.0 and parameters: {'C': 1.945194728576833}. Best is trial 0 with value: 1.0.
/usr/local/lib/python3.10/dist-packages/sklearn/svm/_base.py:305: ConvergenceWarning: Solver terminated early (max_iter=50000).  Consider pre-processing your data with StandardScaler or MinMaxScaler.
  warnings.warn(
[I 2026-03-27 12:53:59,700] Trial 11 finished with value: 1.0 and parameters: {'C': 7.891263609613215}. Best is trial 0 with value: 1.0.
/usr/local/lib/python3.10/dist-packages/sklearn/svm/_base.py:305: ConvergenceWarning: Solver terminated early (max_iter=50000).  Consider pre-processing your data with StandardScaler or MinMaxScaler.
  warnings.warn(
[I 2026-03-27 12:54:00,116] Trial 12 finished with value: 1.0 and parameters: {'C': 9.23878841414475}. Best is trial 0 with value: 1.0.
/usr/local/lib/python3.10/dist-packages/sklearn/svm/_base.py:305: ConvergenceWarning: Solver terminated early (max_iter=50000).  Consider pre-processing your data with StandardScaler or MinMaxScaler.
  warnings.warn(
[I 2026-03-27 12:54:00,603] Trial 13 finished with value: 1.0 and parameters: {'C': 3.897122303770924}. Best is trial 0 with value: 1.0.
/usr/local/lib/python3.10/dist-packages/sklearn/svm/_base.py:305: ConvergenceWarning: Solver terminated early (max_iter=50000).  Consider pre-processing your data with StandardScaler or MinMaxScaler.
  warnings.warn(
[I 2026-03-27 12:54:01,132] Trial 14 finished with value: 1.0 and parameters: {'C': 0.2918546242625865}. Best is trial 0 with value: 1.0.
/usr/local/lib/python3.10/dist-packages/sklearn/svm/_base.py:305: ConvergenceWarning: Solver terminated early (max_iter=50000).  Consider pre-processing your data with StandardScaler or MinMaxScaler.
  warnings.warn(
[I 2026-03-27 12:54:01,609] Trial 15 finished with value: 1.0 and parameters: {'C': 1.5343485987924146}. Best is trial 0 with value: 1.0.
/usr/local/lib/python3.10/dist-packages/sklearn/svm/_base.py:305: ConvergenceWarning: Solver terminated early (max_iter=50000).  Consider pre-processing your data with StandardScaler or MinMaxScaler.
  warnings.warn(
[I 2026-03-27 12:54:01,995] Trial 16 finished with value: 1.0 and parameters: {'C': 4.254668284287242}. Best is trial 0 with value: 1.0.
/usr/local/lib/python3.10/dist-packages/sklearn/svm/_base.py:305: ConvergenceWarning: Solver terminated early (max_iter=50000).  Consider pre-processing your data with StandardScaler or MinMaxScaler.
  warnings.warn(
[I 2026-03-27 12:54:02,451] Trial 17 finished with value: 1.0 and parameters: {'C': 0.34311394439330783}. Best is trial 0 with value: 1.0.
/usr/local/lib/python3.10/dist-packages/sklearn/svm/_base.py:305: ConvergenceWarning: Solver terminated early (max_iter=50000).  Consider pre-processing your data with StandardScaler or MinMaxScaler.
  warnings.warn(
[I 2026-03-27 12:54:03,012] Trial 18 finished with value: 1.0 and parameters: {'C': 0.11907556626150186}. Best is trial 0 with value: 1.0.
/usr/local/lib/python3.10/dist-packages/sklearn/svm/_base.py:305: ConvergenceWarning: Solver terminated early (max_iter=50000).  Consider pre-processing your data with StandardScaler or MinMaxScaler.
  warnings.warn(
[I 2026-03-27 12:54:03,623] Trial 19 finished with value: 1.0 and parameters: {'C': 0.4280145668811761}. Best is trial 0 with value: 1.0.
/usr/local/lib/python3.10/dist-packages/sklearn/svm/_base.py:305: ConvergenceWarning: Solver terminated early (max_iter=50000).  Consider pre-processing your data with StandardScaler or MinMaxScaler.
  warnings.warn(
[I 2026-03-27 12:54:04,060] Trial 20 finished with value: 1.0 and parameters: {'C': 1.2432670549645513}. Best is trial 0 with value: 1.0.
/usr/local/lib/python3.10/dist-packages/sklearn/svm/_base.py:305: ConvergenceWarning: Solver terminated early (max_iter=50000).  Consider pre-processing your data with StandardScaler or MinMaxScaler.
  warnings.warn(
[I 2026-03-27 12:54:04,456] Trial 21 finished with value: 1.0 and parameters: {'C': 2.6680547582192027}. Best is trial 0 with value: 1.0.
/usr/local/lib/python3.10/dist-packages/sklearn/svm/_base.py:305: ConvergenceWarning: Solver terminated early (max_iter=50000).  Consider pre-processing your data with StandardScaler or MinMaxScaler.
  warnings.warn(
[I 2026-03-27 12:54:04,946] Trial 22 finished with value: 1.0 and parameters: {'C': 5.330523226680521}. Best is trial 0 with value: 1.0.
/usr/local/lib/python3.10/dist-packages/sklearn/svm/_base.py:305: ConvergenceWarning: Solver terminated early (max_iter=50000).  Consider pre-processing your data with StandardScaler or MinMaxScaler.
  warnings.warn(
[I 2026-03-27 12:54:05,435] Trial 23 finished with value: 1.0 and parameters: {'C': 2.789953717238775}. Best is trial 0 with value: 1.0.
/usr/local/lib/python3.10/dist-packages/sklearn/svm/_base.py:305: ConvergenceWarning: Solver terminated early (max_iter=50000).  Consider pre-processing your data with StandardScaler or MinMaxScaler.
  warnings.warn(
[I 2026-03-27 12:54:05,904] Trial 24 finished with value: 1.0 and parameters: {'C': 6.433383916930468}. Best is trial 0 with value: 1.0.
/usr/local/lib/python3.10/dist-packages/sklearn/svm/_base.py:305: ConvergenceWarning: Solver terminated early (max_iter=50000).  Consider pre-processing your data with StandardScaler or MinMaxScaler.
  warnings.warn(
[I 2026-03-27 12:54:06,299] Trial 25 finished with value: 1.0 and parameters: {'C': 2.6309097340617327}. Best is trial 0 with value: 1.0.
/usr/local/lib/python3.10/dist-packages/sklearn/svm/_base.py:305: ConvergenceWarning: Solver terminated early (max_iter=50000).  Consider pre-processing your data with StandardScaler or MinMaxScaler.
  warnings.warn(
[I 2026-03-27 12:54:06,753] Trial 26 finished with value: 1.0 and parameters: {'C': 1.803654487619253}. Best is trial 0 with value: 1.0.
/usr/local/lib/python3.10/dist-packages/sklearn/svm/_base.py:305: ConvergenceWarning: Solver terminated early (max_iter=50000).  Consider pre-processing your data with StandardScaler or MinMaxScaler.
  warnings.warn(
[I 2026-03-27 12:54:07,257] Trial 27 finished with value: 1.0 and parameters: {'C': 3.685215884681873}. Best is trial 0 with value: 1.0.
/usr/local/lib/python3.10/dist-packages/sklearn/svm/_base.py:305: ConvergenceWarning: Solver terminated early (max_iter=50000).  Consider pre-processing your data with StandardScaler or MinMaxScaler.
  warnings.warn(
[I 2026-03-27 12:54:07,775] Trial 28 finished with value: 1.0 and parameters: {'C': 1.0988003210535573}. Best is trial 0 with value: 1.0.
/usr/local/lib/python3.10/dist-packages/sklearn/svm/_base.py:305: ConvergenceWarning: Solver terminated early (max_iter=50000).  Consider pre-processing your data with StandardScaler or MinMaxScaler.
  warnings.warn(
[I 2026-03-27 12:54:08,190] Trial 29 finished with value: 1.0 and parameters: {'C': 0.1529499078049143}. Best is trial 0 with value: 1.0.
✅ Optuna a trouvé le meilleur C: 0.21384613682955744
🔹 Fold 3: Kernel TrainVal (1000x1000)
📊 Auto-sized state_tile=32768 (using 95% VRAM)
⚠️ Using conservative tiles for 16 qubits: M=16, N=16, K=16
🧠 Learned kernel tiles: M=32, N=16, K=64
🌊 Stream pool initialized with 2 streams
📊 Estimated VRAM: states=1.0GB, kernel=0.0GB, total=1.1GB
⚡ Bulk precomputing 1000 + 1000 states...
TrainVal:   0%|          | 0/1 [00:00<?, ?it/s]TrainVal: 100%|██████████| 1/1 [00:00<00:00,  2.22it/s]                                                       💾 Kernel sauvegardé: ./kernel_cache/kernel_trainval_fd3a8220533669eea7e4c2663c9d4d73.npy
🔹 Fold 3: Kernel Test (2000x1000)
📊 Auto-sized state_tile=32768 (using 95% VRAM)
⚠️ Using conservative tiles for 16 qubits: M=16, N=16, K=16
🧠 Learned kernel tiles: M=32, N=16, K=64
🌊 Stream pool initialized with 2 streams
📊 Estimated VRAM: states=2.1GB, kernel=0.0GB, total=2.1GB
⚡ Bulk precomputing 2000 + 1000 states...
Test:   0%|          | 0/1 [00:00<?, ?it/s]Test: 100%|██████████| 1/1 [00:02<00:00,  2.99s/it]                                                   💾 Kernel sauvegardé: ./kernel_cache/kernel_test_1732491f20740e7e2ffc6d85bb3265fe.npy
🚀 Retraining final SVM with best C: 0.21384613682955744...
/usr/local/lib/python3.10/dist-packages/sklearn/svm/_base.py:305: ConvergenceWarning: Solver terminated early (max_iter=50000).  Consider pre-processing your data with StandardScaler or MinMaxScaler.
  warnings.warn(
✅ Result Fold 3: F1=0.6667 AUC=0.5000

🏆 Final Average: F1=0.6667, AUC=0.5000
wandb: updating run metadata; uploading artifact run-wej85d41-fold_2confusion_matrix_table-LwhyXQ
wandb: uploading artifact run-wej85d41-fold_2confusion_matrix_table-LwhyXQ
wandb: uploading config.yaml; uploading media/table/fold_2/confusion_matrix_table_5_179c889c6c5ffcd7215b.table.json; uploading output.log; uploading wandb-summary.json
wandb: uploading history steps 5-6, summary, console lines 381-381
wandb: 
wandb: Run history:
wandb:                     avg/auc ▁
wandb:                      avg/f1 ▁
wandb:               fold_0/best_C ▁
wandb:   fold_0/config/num_streams ▁
wandb:    fold_0/config/state_tile ▁
wandb: fold_0/config/vram_fraction ▁
wandb:             fold_0/test_acc ▁
wandb:             fold_0/test_auc ▁
wandb:              fold_0/test_f1 ▁
wandb:               fold_1/best_C ▁
wandb:                         +13 ...
wandb: 
wandb: Run summary:
wandb:                             avg/auc 0.5
wandb:                              avg/f1 0.66667
wandb:                       fold_0/best_C 4.5512
wandb:              fold_0/config/autotune True
wandb:         fold_0/config/dynamic_batch False
wandb:           fold_0/config/learn_tiles True
wandb:           fold_0/config/num_streams 2
wandb: fold_0/config/precompute_all_states True
wandb:            fold_0/config/state_tile -1
wandb:       fold_0/config/use_cuda_graphs False
wandb:                                 +28 ...
wandb: 
wandb: 🚀 View run fashion_mnist_qsvm_cuda_states_ryrz_scale0.1 at: https://wandb.ai/dylan-fouepe-university-of-florence/pp_project/runs/wej85d41
wandb: ⭐️ View project at: https://wandb.ai/dylan-fouepe-university-of-florence/pp_project
wandb: Synced 5 W&B file(s), 3 media file(s), 6 artifact file(s) and 0 other file(s)
wandb: Find logs at: ./wandb/run-20260327_124919-wej85d41/logs
5207.57user 20.35system 5:51.05elapsed 1489%CPU (0avgtext+0avgdata 5408660maxresident)k
568inputs+91456outputs (0major+13744750minor)pagefaults 0swaps
