📂 Loading fashion_mnist...
⚠️ Subset Train: 1000
🚀 Starting 3-Fold CV on None via cuda_states
⚙️  Params: tile=-1, angle_scale=0.1, embed=ryrz

🔹 Fold 1: Kernel Train (666x666)
⚡ Cache hit pour train: ./kernel_cache/kernel_train_79efc1b87539b2ea58c6b4f1d68e36ee.npy
🔹 Fold 1: Kernel Val (334x666)
⚡ Cache hit pour val: ./kernel_cache/kernel_val_16fb3bf8e646b6020b4854a9d4792348.npy
🔍 Optimizing C (Optuna) - SKIPPED FOR MANUAL OVERRIDE

⚠️ OVERRIDE : Utilisation manuelle de C=0.45 (Zone optimale identifiée)
🔹 Fold 1: Kernel TrainVal (1000x1000)
⚡ Cache hit pour trainval: ./kernel_cache/kernel_trainval_f4d9424b82d2a44144d0d88deb81bb96.npy
🔹 Fold 1: Kernel Test (2000x1000)
⚡ Cache hit pour test: ./kernel_cache/kernel_test_854dc1fcdf326800cb62f041c150b30d.npy
🚀 Retraining final SVM with best C: 0.45...
✅ Result Fold 1: F1=0.6667 AUC=0.5000

🔹 Fold 2: Kernel Train (667x667)
⚡ Cache hit pour train: ./kernel_cache/kernel_train_ae104714b3fb9634961d9c4a56a234c5.npy
🔹 Fold 2: Kernel Val (333x667)
⚡ Cache hit pour val: ./kernel_cache/kernel_val_b4f1098f10809eb08fe1701e6b6b86ab.npy
🔍 Optimizing C (Optuna) - SKIPPED FOR MANUAL OVERRIDE

⚠️ OVERRIDE : Utilisation manuelle de C=0.45 (Zone optimale identifiée)
🔹 Fold 2: Kernel TrainVal (1000x1000)
⚡ Cache hit pour trainval: ./kernel_cache/kernel_trainval_943abcecf675507ef833b22b73ee8f87.npy
🔹 Fold 2: Kernel Test (2000x1000)
⚡ Cache hit pour test: ./kernel_cache/kernel_test_c1893edb06f0af05d749c0c1d17531f7.npy
🚀 Retraining final SVM with best C: 0.45...
✅ Result Fold 2: F1=0.6667 AUC=0.5000

🔹 Fold 3: Kernel Train (667x667)
⚡ Cache hit pour train: ./kernel_cache/kernel_train_1bf576d0457e542e6a48e3757e0611a5.npy
🔹 Fold 3: Kernel Val (333x667)
⚡ Cache hit pour val: ./kernel_cache/kernel_val_a554e7adc43923389e2638f5281c32f3.npy
🔍 Optimizing C (Optuna) - SKIPPED FOR MANUAL OVERRIDE

⚠️ OVERRIDE : Utilisation manuelle de C=0.45 (Zone optimale identifiée)
🔹 Fold 3: Kernel TrainVal (1000x1000)
⚡ Cache hit pour trainval: ./kernel_cache/kernel_trainval_fd3a8220533669eea7e4c2663c9d4d73.npy
🔹 Fold 3: Kernel Test (2000x1000)
⚡ Cache hit pour test: ./kernel_cache/kernel_test_1732491f20740e7e2ffc6d85bb3265fe.npy
🚀 Retraining final SVM with best C: 0.45...
✅ Result Fold 3: F1=0.6667 AUC=0.5000

🏆 Final Average: F1=0.6667, AUC=0.5000
📂 Loading fashion_mnist...
⚠️ Subset Train: 1000
🚀 Starting 3-Fold CV on None via cuda_states
⚙️  Params: tile=-1, angle_scale=0.1, embed=ryrz

🔹 Fold 1: Kernel Train (666x666)
⚡ Cache hit pour train: ./kernel_cache/kernel_train_79efc1b87539b2ea58c6b4f1d68e36ee.npy
🔹 Fold 1: Kernel Val (334x666)
⚡ Cache hit pour val: ./kernel_cache/kernel_val_16fb3bf8e646b6020b4854a9d4792348.npy
🔍 Optimizing C (Optuna)...
✅ Optuna a trouvé le meilleur C: 0.1243907772970997
🔹 Fold 1: Kernel TrainVal (1000x1000)
⚡ Cache hit pour trainval: ./kernel_cache/kernel_trainval_f4d9424b82d2a44144d0d88deb81bb96.npy
🔹 Fold 1: Kernel Test (2000x1000)
⚡ Cache hit pour test: ./kernel_cache/kernel_test_854dc1fcdf326800cb62f041c150b30d.npy
🚀 Retraining final SVM with best C: 0.1243907772970997...
✅ Result Fold 1: F1=0.6667 AUC=0.5000

🔹 Fold 2: Kernel Train (667x667)
⚡ Cache hit pour train: ./kernel_cache/kernel_train_ae104714b3fb9634961d9c4a56a234c5.npy
🔹 Fold 2: Kernel Val (333x667)
⚡ Cache hit pour val: ./kernel_cache/kernel_val_b4f1098f10809eb08fe1701e6b6b86ab.npy
🔍 Optimizing C (Optuna)...
✅ Optuna a trouvé le meilleur C: 5.077828284188872
🔹 Fold 2: Kernel TrainVal (1000x1000)
⚡ Cache hit pour trainval: ./kernel_cache/kernel_trainval_943abcecf675507ef833b22b73ee8f87.npy
🔹 Fold 2: Kernel Test (2000x1000)
⚡ Cache hit pour test: ./kernel_cache/kernel_test_c1893edb06f0af05d749c0c1d17531f7.npy
🚀 Retraining final SVM with best C: 5.077828284188872...
✅ Result Fold 2: F1=0.6667 AUC=0.5000

🔹 Fold 3: Kernel Train (667x667)
⚡ Cache hit pour train: ./kernel_cache/kernel_train_1bf576d0457e542e6a48e3757e0611a5.npy
🔹 Fold 3: Kernel Val (333x667)
⚡ Cache hit pour val: ./kernel_cache/kernel_val_a554e7adc43923389e2638f5281c32f3.npy
🔍 Optimizing C (Optuna)...
✅ Optuna a trouvé le meilleur C: 0.5589174335886063
🔹 Fold 3: Kernel TrainVal (1000x1000)
⚡ Cache hit pour trainval: ./kernel_cache/kernel_trainval_fd3a8220533669eea7e4c2663c9d4d73.npy
🔹 Fold 3: Kernel Test (2000x1000)
⚡ Cache hit pour test: ./kernel_cache/kernel_test_1732491f20740e7e2ffc6d85bb3265fe.npy
🚀 Retraining final SVM with best C: 0.5589174335886063...
✅ Result Fold 3: F1=0.6667 AUC=0.5000

🏆 Final Average: F1=0.6667, AUC=0.5000
📂 Loading fashion_mnist...
⚠️ Subset Train: 1000
🚀 Starting 3-Fold CV on None via cuda_states
⚙️  Params: tile=-1, angle_scale=0.1, embed=ryrz

🔹 Fold 1: Kernel Train (666x666)
📊 Auto-sized state_tile=32768 (using 95% VRAM)
⚠️ Using conservative tiles for 16 qubits: M=16, N=16, K=16
🧠 Learned kernel tiles: M=32, N=16, K=64
🌊 Stream pool initialized with 2 streams
📊 Estimated VRAM: states=0.7GB, kernel=0.0GB, total=0.7GB
⚡ Bulk precomputing 666 + 666 states...
💾 Kernel sauvegardé: ./kernel_cache/kernel_train_79efc1b87539b2ea58c6b4f1d68e36ee.npy
🔹 Fold 1: Kernel Val (334x666)
📊 Auto-sized state_tile=32768 (using 95% VRAM)
⚠️ Using conservative tiles for 16 qubits: M=16, N=16, K=16
🧠 Learned kernel tiles: M=32, N=16, K=64
🌊 Stream pool initialized with 2 streams
📊 Estimated VRAM: states=0.4GB, kernel=0.0GB, total=0.4GB
⚡ Bulk precomputing 334 + 666 states...
💾 Kernel sauvegardé: ./kernel_cache/kernel_val_16fb3bf8e646b6020b4854a9d4792348.npy
🔍 Optimizing C (Optuna)...
✅ Optuna a trouvé le meilleur C: 1.014341963762281
🔹 Fold 1: Kernel TrainVal (1000x1000)
📊 Auto-sized state_tile=32768 (using 95% VRAM)
⚠️ Using conservative tiles for 16 qubits: M=16, N=16, K=16
🧠 Learned kernel tiles: M=32, N=16, K=64
🌊 Stream pool initialized with 2 streams
📊 Estimated VRAM: states=1.0GB, kernel=0.0GB, total=1.1GB
⚡ Bulk precomputing 1000 + 1000 states...
💾 Kernel sauvegardé: ./kernel_cache/kernel_trainval_f4d9424b82d2a44144d0d88deb81bb96.npy
🔹 Fold 1: Kernel Test (2000x1000)
📊 Auto-sized state_tile=32768 (using 95% VRAM)
⚠️ Using conservative tiles for 16 qubits: M=16, N=16, K=16
🧠 Learned kernel tiles: M=32, N=16, K=64
🌊 Stream pool initialized with 2 streams
📊 Estimated VRAM: states=2.1GB, kernel=0.0GB, total=2.1GB
⚡ Bulk precomputing 2000 + 1000 states...
💾 Kernel sauvegardé: ./kernel_cache/kernel_test_854dc1fcdf326800cb62f041c150b30d.npy
🚀 Retraining final SVM with best C: 1.014341963762281...
✅ Result Fold 1: F1=0.6667 AUC=0.4979

🔹 Fold 2: Kernel Train (667x667)
📊 Auto-sized state_tile=32768 (using 95% VRAM)
⚠️ Using conservative tiles for 16 qubits: M=16, N=16, K=16
🧠 Learned kernel tiles: M=32, N=16, K=64
🌊 Stream pool initialized with 2 streams
📊 Estimated VRAM: states=0.7GB, kernel=0.0GB, total=0.7GB
⚡ Bulk precomputing 667 + 667 states...
💾 Kernel sauvegardé: ./kernel_cache/kernel_train_ae104714b3fb9634961d9c4a56a234c5.npy
🔹 Fold 2: Kernel Val (333x667)
📊 Auto-sized state_tile=32768 (using 95% VRAM)
⚠️ Using conservative tiles for 16 qubits: M=16, N=16, K=16
🧠 Learned kernel tiles: M=32, N=16, K=64
🌊 Stream pool initialized with 2 streams
📊 Estimated VRAM: states=0.3GB, kernel=0.0GB, total=0.4GB
⚡ Bulk precomputing 333 + 667 states...
💾 Kernel sauvegardé: ./kernel_cache/kernel_val_b4f1098f10809eb08fe1701e6b6b86ab.npy
🔍 Optimizing C (Optuna)...
✅ Optuna a trouvé le meilleur C: 0.14895905329264816
🔹 Fold 2: Kernel TrainVal (1000x1000)
📊 Auto-sized state_tile=32768 (using 95% VRAM)
⚠️ Using conservative tiles for 16 qubits: M=16, N=16, K=16
🧠 Learned kernel tiles: M=32, N=16, K=64
🌊 Stream pool initialized with 2 streams
📊 Estimated VRAM: states=1.0GB, kernel=0.0GB, total=1.1GB
⚡ Bulk precomputing 1000 + 1000 states...
💾 Kernel sauvegardé: ./kernel_cache/kernel_trainval_943abcecf675507ef833b22b73ee8f87.npy
🔹 Fold 2: Kernel Test (2000x1000)
📊 Auto-sized state_tile=32768 (using 95% VRAM)
⚠️ Using conservative tiles for 16 qubits: M=16, N=16, K=16
🧠 Learned kernel tiles: M=32, N=16, K=64
🌊 Stream pool initialized with 2 streams
📊 Estimated VRAM: states=2.1GB, kernel=0.0GB, total=2.1GB
⚡ Bulk precomputing 2000 + 1000 states...
💾 Kernel sauvegardé: ./kernel_cache/kernel_test_c1893edb06f0af05d749c0c1d17531f7.npy
🚀 Retraining final SVM with best C: 0.14895905329264816...
✅ Result Fold 2: F1=0.6667 AUC=0.5000

🔹 Fold 3: Kernel Train (667x667)
📊 Auto-sized state_tile=32768 (using 95% VRAM)
⚠️ Using conservative tiles for 16 qubits: M=16, N=16, K=16
🧠 Learned kernel tiles: M=32, N=16, K=64
🌊 Stream pool initialized with 2 streams
📊 Estimated VRAM: states=0.7GB, kernel=0.0GB, total=0.7GB
⚡ Bulk precomputing 667 + 667 states...
💾 Kernel sauvegardé: ./kernel_cache/kernel_train_1bf576d0457e542e6a48e3757e0611a5.npy
🔹 Fold 3: Kernel Val (333x667)
📊 Auto-sized state_tile=32768 (using 95% VRAM)
⚠️ Using conservative tiles for 16 qubits: M=16, N=16, K=16
🧠 Learned kernel tiles: M=32, N=16, K=64
🌊 Stream pool initialized with 2 streams
📊 Estimated VRAM: states=0.3GB, kernel=0.0GB, total=0.4GB
⚡ Bulk precomputing 333 + 667 states...
💾 Kernel sauvegardé: ./kernel_cache/kernel_val_a554e7adc43923389e2638f5281c32f3.npy
🔍 Optimizing C (Optuna)...
✅ Optuna a trouvé le meilleur C: 0.18650983652935693
🔹 Fold 3: Kernel TrainVal (1000x1000)
📊 Auto-sized state_tile=32768 (using 95% VRAM)
⚠️ Using conservative tiles for 16 qubits: M=16, N=16, K=16
🧠 Learned kernel tiles: M=32, N=16, K=64
🌊 Stream pool initialized with 2 streams
📊 Estimated VRAM: states=1.0GB, kernel=0.0GB, total=1.1GB
⚡ Bulk precomputing 1000 + 1000 states...
💾 Kernel sauvegardé: ./kernel_cache/kernel_trainval_fd3a8220533669eea7e4c2663c9d4d73.npy
🔹 Fold 3: Kernel Test (2000x1000)
📊 Auto-sized state_tile=32768 (using 95% VRAM)
⚠️ Using conservative tiles for 16 qubits: M=16, N=16, K=16
🧠 Learned kernel tiles: M=32, N=16, K=64
🌊 Stream pool initialized with 2 streams
📊 Estimated VRAM: states=2.1GB, kernel=0.0GB, total=2.1GB
⚡ Bulk precomputing 2000 + 1000 states...
💾 Kernel sauvegardé: ./kernel_cache/kernel_test_1732491f20740e7e2ffc6d85bb3265fe.npy
🚀 Retraining final SVM with best C: 0.18650983652935693...
✅ Result Fold 3: F1=0.6667 AUC=0.5000

🏆 Final Average: F1=0.6667, AUC=0.4993
wandb: [wandb.login()] Loaded credentials for https://api.wandb.ai from /root/.netrc.
wandb: Currently logged in as: dylan-fouepe (dylan-fouepe-university-of-florence) to https://api.wandb.ai. Use `wandb login --relogin` to force relogin
wandb: setting up run wej85d41
wandb: Tracking run with wandb version 0.25.1
wandb: Run data is saved locally in /app/ProjectWorkParallelProgramming/wandb/run-20260327_124919-wej85d41
wandb: Run `wandb offline` to turn off syncing.
wandb: Syncing run fashion_mnist_qsvm_cuda_states_ryrz_scale0.1
wandb: ⭐️ View project at https://wandb.ai/dylan-fouepe-university-of-florence/pp_project
wandb: 🚀 View run at https://wandb.ai/dylan-fouepe-university-of-florence/pp_project/runs/wej85d41
📂 Loading fashion_mnist...
⚠️ Subset Train: 1000
Extracting:   0%|          | 0/4 [00:00<?, ?it/s]Extracting:  25%|██▌       | 1/4 [00:00<00:00,  4.52it/s]                                                         Extracting:   0%|          | 0/8 [00:00<?, ?it/s]Extracting:  12%|█▎        | 1/8 [00:00<00:00,  8.96it/s]Extracting:  88%|████████▊ | 7/8 [00:00<00:00, 34.89it/s]                                                         🚀 Starting 3-Fold CV on None via cuda_states
⚙️  Params: tile=-1, angle_scale=0.1, embed=ryrz

🔹 Fold 1: Kernel Train (666x666)
📊 Auto-sized state_tile=32768 (using 95% VRAM)
⚠️ Using conservative tiles for 16 qubits: M=16, N=16, K=16
🧠 Learned kernel tiles: M=32, N=16, K=64
🌊 Stream pool initialized with 2 streams
📊 Estimated VRAM: states=0.7GB, kernel=0.0GB, total=0.7GB
⚡ Bulk precomputing 666 + 666 states...
Fold 1 train:   0%|          | 0/1 [00:00<?, ?it/s]Fold 1 train: 100%|██████████| 1/1 [00:00<00:00,  2.81it/s]                                                           💾 Kernel sauvegardé: ./kernel_cache/kernel_train_79efc1b87539b2ea58c6b4f1d68e36ee.npy
🔹 Fold 1: Kernel Val (334x666)
📊 Auto-sized state_tile=32768 (using 95% VRAM)
⚠️ Using conservative tiles for 16 qubits: M=16, N=16, K=16
🧠 Learned kernel tiles: M=32, N=16, K=64
🌊 Stream pool initialized with 2 streams
📊 Estimated VRAM: states=0.4GB, kernel=0.0GB, total=0.4GB
⚡ Bulk precomputing 334 + 666 states...
Fold 1 val:   0%|          | 0/1 [00:00<?, ?it/s]Fold 1 val: 100%|██████████| 1/1 [00:00<00:00,  2.24it/s]                                                         💾 Kernel sauvegardé: ./kernel_cache/kernel_val_16fb3bf8e646b6020b4854a9d4792348.npy
🔍 Optimizing C (Optuna)...
[I 2026-03-27 12:49:55,706] A new study created in memory with name: no-name-d8fac566-b136-456b-afc7-5ff74c266cf4
/usr/local/lib/python3.10/dist-packages/sklearn/svm/_base.py:305: ConvergenceWarning: Solver terminated early (max_iter=50000).  Consider pre-processing your data with StandardScaler or MinMaxScaler.
  warnings.warn(
[I 2026-03-27 12:49:55,757] Trial 0 finished with value: 0.26996197718631176 and parameters: {'C': 4.551201588563319}. Best is trial 0 with value: 0.26996197718631176.
/usr/local/lib/python3.10/dist-packages/sklearn/svm/_base.py:305: ConvergenceWarning: Solver terminated early (max_iter=50000).  Consider pre-processing your data with StandardScaler or MinMaxScaler.
  warnings.warn(
[I 2026-03-27 12:49:55,806] Trial 1 finished with value: 0.26996197718631176 and parameters: {'C': 8.398247366445148}. Best is trial 0 with value: 0.26996197718631176.
/usr/local/lib/python3.10/dist-packages/sklearn/svm/_base.py:305: ConvergenceWarning: Solver terminated early (max_iter=50000).  Consider pre-processing your data with StandardScaler or MinMaxScaler.
  warnings.warn(
[I 2026-03-27 12:49:55,860] Trial 2 finished with value: 0.26996197718631176 and parameters: {'C': 4.914852903002078}. Best is trial 0 with value: 0.26996197718631176.
/usr/local/lib/python3.10/dist-packages/sklearn/svm/_base.py:305: ConvergenceWarning: Solver terminated early (max_iter=50000).  Consider pre-processing your data with StandardScaler or MinMaxScaler.
  warnings.warn(
[I 2026-03-27 12:49:55,908] Trial 3 finished with value: 0.26996197718631176 and parameters: {'C': 4.479620790151016}. Best is trial 0 with value: 0.26996197718631176.
/usr/local/lib/python3.10/dist-packages/sklearn/svm/_base.py:305: ConvergenceWarning: Solver terminated early (max_iter=50000).  Consider pre-processing your data with StandardScaler or MinMaxScaler.
  warnings.warn(
[I 2026-03-27 12:49:55,957] Trial 4 finished with value: 0.26996197718631176 and parameters: {'C': 2.641009667279823}. Best is trial 0 with value: 0.26996197718631176.
/usr/local/lib/python3.10/dist-packages/sklearn/svm/_base.py:305: ConvergenceWarning: Solver terminated early (max_iter=50000).  Consider pre-processing your data with StandardScaler or MinMaxScaler.
  warnings.warn(
[I 2026-03-27 12:49:56,005] Trial 5 finished with value: 0.26996197718631176 and parameters: {'C': 0.24830691501181573}. Best is trial 0 with value: 0.26996197718631176.
/usr/local/lib/python3.10/dist-packages/sklearn/svm/_base.py:305: ConvergenceWarning: Solver terminated early (max_iter=50000).  Consider pre-processing your data with StandardScaler or MinMaxScaler.
  warnings.warn(
[I 2026-03-27 12:49:56,054] Trial 6 finished with value: 0.26996197718631176 and parameters: {'C': 0.1145375318879375}. Best is trial 0 with value: 0.26996197718631176.
/usr/local/lib/python3.10/dist-packages/sklearn/svm/_base.py:305: ConvergenceWarning: Solver terminated early (max_iter=50000).  Consider pre-processing your data with StandardScaler or MinMaxScaler.
  warnings.warn(
[I 2026-03-27 12:49:56,102] Trial 7 finished with value: 0.26996197718631176 and parameters: {'C': 4.137982194635296}. Best is trial 0 with value: 0.26996197718631176.
/usr/local/lib/python3.10/dist-packages/sklearn/svm/_base.py:305: ConvergenceWarning: Solver terminated early (max_iter=50000).  Consider pre-processing your data with StandardScaler or MinMaxScaler.
  warnings.warn(
[I 2026-03-27 12:49:56,151] Trial 8 finished with value: 0.26996197718631176 and parameters: {'C': 8.15184318493668}. Best is trial 0 with value: 0.26996197718631176.
/usr/local/lib/python3.10/dist-packages/sklearn/svm/_base.py:305: ConvergenceWarning: Solver terminated early (max_iter=50000).  Consider pre-processing your data with StandardScaler or MinMaxScaler.
  warnings.warn(
[I 2026-03-27 12:49:56,204] Trial 9 finished with value: 0.26996197718631176 and parameters: {'C': 0.7052505823262399}. Best is trial 0 with value: 0.26996197718631176.
/usr/local/lib/python3.10/dist-packages/sklearn/svm/_base.py:305: ConvergenceWarning: Solver terminated early (max_iter=50000).  Consider pre-processing your data with StandardScaler or MinMaxScaler.
  warnings.warn(
[I 2026-03-27 12:49:56,255] Trial 10 finished with value: 0.26996197718631176 and parameters: {'C': 1.3167672942912498}. Best is trial 0 with value: 0.26996197718631176.
/usr/local/lib/python3.10/dist-packages/sklearn/svm/_base.py:305: ConvergenceWarning: Solver terminated early (max_iter=50000).  Consider pre-processing your data with StandardScaler or MinMaxScaler.
  warnings.warn(
[I 2026-03-27 12:49:56,305] Trial 11 finished with value: 0.26996197718631176 and parameters: {'C': 8.038658654901132}. Best is trial 0 with value: 0.26996197718631176.
/usr/local/lib/python3.10/dist-packages/sklearn/svm/_base.py:305: ConvergenceWarning: Solver terminated early (max_iter=50000).  Consider pre-processing your data with StandardScaler or MinMaxScaler.
  warnings.warn(
[I 2026-03-27 12:49:56,354] Trial 12 finished with value: 0.26996197718631176 and parameters: {'C': 1.50129344011851}. Best is trial 0 with value: 0.26996197718631176.
/usr/local/lib/python3.10/dist-packages/sklearn/svm/_base.py:305: ConvergenceWarning: Solver terminated early (max_iter=50000).  Consider pre-processing your data with StandardScaler or MinMaxScaler.
  warnings.warn(
[I 2026-03-27 12:49:56,404] Trial 13 finished with value: 0.26996197718631176 and parameters: {'C': 0.6025106191684098}. Best is trial 0 with value: 0.26996197718631176.
/usr/local/lib/python3.10/dist-packages/sklearn/svm/_base.py:305: ConvergenceWarning: Solver terminated early (max_iter=50000).  Consider pre-processing your data with StandardScaler or MinMaxScaler.
  warnings.warn(
[I 2026-03-27 12:49:56,453] Trial 14 finished with value: 0.26996197718631176 and parameters: {'C': 2.548660338369488}. Best is trial 0 with value: 0.26996197718631176.
/usr/local/lib/python3.10/dist-packages/sklearn/svm/_base.py:305: ConvergenceWarning: Solver terminated early (max_iter=50000).  Consider pre-processing your data with StandardScaler or MinMaxScaler.
  warnings.warn(
[I 2026-03-27 12:49:56,502] Trial 15 finished with value: 0.26996197718631176 and parameters: {'C': 8.672677420262513}. Best is trial 0 with value: 0.26996197718631176.
/usr/local/lib/python3.10/dist-packages/sklearn/svm/_base.py:305: ConvergenceWarning: Solver terminated early (max_iter=50000).  Consider pre-processing your data with StandardScaler or MinMaxScaler.
  warnings.warn(
[I 2026-03-27 12:49:56,555] Trial 16 finished with value: 0.26996197718631176 and parameters: {'C': 2.033102292158091}. Best is trial 0 with value: 0.26996197718631176.
/usr/local/lib/python3.10/dist-packages/sklearn/svm/_base.py:305: ConvergenceWarning: Solver terminated early (max_iter=50000).  Consider pre-processing your data with StandardScaler or MinMaxScaler.
  warnings.warn(
[I 2026-03-27 12:49:56,604] Trial 17 finished with value: 0.26996197718631176 and parameters: {'C': 5.100399733280915}. Best is trial 0 with value: 0.26996197718631176.
/usr/local/lib/python3.10/dist-packages/sklearn/svm/_base.py:305: ConvergenceWarning: Solver terminated early (max_iter=50000).  Consider pre-processing your data with StandardScaler or MinMaxScaler.
  warnings.warn(
[I 2026-03-27 12:49:56,654] Trial 18 finished with value: 0.26996197718631176 and parameters: {'C': 0.325823432180984}. Best is trial 0 with value: 0.26996197718631176.
/usr/local/lib/python3.10/dist-packages/sklearn/svm/_base.py:305: ConvergenceWarning: Solver terminated early (max_iter=50000).  Consider pre-processing your data with StandardScaler or MinMaxScaler.
  warnings.warn(
[I 2026-03-27 12:49:56,703] Trial 19 finished with value: 0.26996197718631176 and parameters: {'C': 3.206083870466673}. Best is trial 0 with value: 0.26996197718631176.
/usr/local/lib/python3.10/dist-packages/sklearn/svm/_base.py:305: ConvergenceWarning: Solver terminated early (max_iter=50000).  Consider pre-processing your data with StandardScaler or MinMaxScaler.
  warnings.warn(
[I 2026-03-27 12:49:56,753] Trial 20 finished with value: 0.26996197718631176 and parameters: {'C': 6.322771661074019}. Best is trial 0 with value: 0.26996197718631176.
/usr/local/lib/python3.10/dist-packages/sklearn/svm/_base.py:305: ConvergenceWarning: Solver terminated early (max_iter=50000).  Consider pre-processing your data with StandardScaler or MinMaxScaler.
  warnings.warn(
[I 2026-03-27 12:49:56,802] Trial 21 finished with value: 0.26996197718631176 and parameters: {'C': 9.726105540088113}. Best is trial 0 with value: 0.26996197718631176.
/usr/local/lib/python3.10/dist-packages/sklearn/svm/_base.py:305: ConvergenceWarning: Solver terminated early (max_iter=50000).  Consider pre-processing your data with StandardScaler or MinMaxScaler.
  warnings.warn(
[I 2026-03-27 12:49:56,851] Trial 22 finished with value: 0.26996197718631176 and parameters: {'C': 4.223757443301787}. Best is trial 0 with value: 0.26996197718631176.
/usr/local/lib/python3.10/dist-packages/sklearn/svm/_base.py:305: ConvergenceWarning: Solver terminated early (max_iter=50000).  Consider pre-processing your data with StandardScaler or MinMaxScaler.
  warnings.warn(
