[I 2026-03-27 12:42:54,904] Trial 15 finished with value: 0.3745454545454545 and parameters: {'C': 2.992978592223781}. Best is trial 12 with value: 0.2411575562700965.
[I 2026-03-27 12:42:54,925] Trial 16 finished with value: 0.7570093457943925 and parameters: {'C': 2.2042753351298665}. Best is trial 12 with value: 0.2411575562700965.
[I 2026-03-27 12:42:54,946] Trial 17 finished with value: 0.2451612903225806 and parameters: {'C': 6.510782983332457}. Best is trial 12 with value: 0.2411575562700965.
[I 2026-03-27 12:42:54,968] Trial 18 finished with value: 0.9788359788359788 and parameters: {'C': 1.8424486940302547}. Best is trial 12 with value: 0.2411575562700965.
[I 2026-03-27 12:42:54,989] Trial 19 finished with value: 0.2460063897763578 and parameters: {'C': 5.818394454748298}. Best is trial 12 with value: 0.2411575562700965.
[I 2026-03-27 12:42:55,010] Trial 20 finished with value: 0.25161290322580643 and parameters: {'C': 4.283984733498218}. Best is trial 12 with value: 0.2411575562700965.
[I 2026-03-27 12:42:55,029] Trial 21 finished with value: 0.2411575562700965 and parameters: {'C': 9.853379309119362}. Best is trial 12 with value: 0.2411575562700965.
[I 2026-03-27 12:42:55,049] Trial 22 finished with value: 0.2411575562700965 and parameters: {'C': 9.976201380511961}. Best is trial 12 with value: 0.2411575562700965.
[I 2026-03-27 12:42:55,069] Trial 23 finished with value: 0.2411575562700965 and parameters: {'C': 9.991835327587987}. Best is trial 12 with value: 0.2411575562700965.
[I 2026-03-27 12:42:55,090] Trial 24 finished with value: 0.2451612903225806 and parameters: {'C': 6.210893173576264}. Best is trial 12 with value: 0.2411575562700965.
[I 2026-03-27 12:42:55,112] Trial 25 finished with value: 0.45945945945945943 and parameters: {'C': 2.814418743630466}. Best is trial 12 with value: 0.2411575562700965.
[I 2026-03-27 12:42:55,134] Trial 26 finished with value: 0.2435897435897436 and parameters: {'C': 5.548502263207021}. Best is trial 12 with value: 0.2411575562700965.
[I 2026-03-27 12:42:55,159] Trial 27 finished with value: 0.2411575562700965 and parameters: {'C': 9.706196768533806}. Best is trial 12 with value: 0.2411575562700965.
[I 2026-03-27 12:42:55,181] Trial 28 finished with value: 0.26732673267326734 and parameters: {'C': 3.795981813012312}. Best is trial 12 with value: 0.2411575562700965.
[I 2026-03-27 12:42:55,205] Trial 29 finished with value: 1.0 and parameters: {'C': 1.6984206237129227}. Best is trial 12 with value: 0.2411575562700965.
✅ Optuna a trouvé le meilleur C: 9.89447244593708
🔹 Fold 3: Kernel TrainVal (1000x1000)
💾 Kernel sauvegardé: ./kernel_cache/kernel_trainval_d506869768ba4679e3e106b8b5ca1666.npy
🔹 Fold 3: Kernel Test (2000x1000)
💾 Kernel sauvegardé: ./kernel_cache/kernel_test_b6ed848df7a836574888c9df285c2102.npy
🚀 Retraining final SVM with best C: 9.89447244593708...
✅ Result Fold 3: F1=0.7744 AUC=0.8783

🏆 Final Average: F1=0.7695, AUC=0.8804
wandb: updating run metadata; uploading artifact run-qwwfpsm0-fold_2confusion_matrix_table-kBRfGg
wandb: uploading artifact run-qwwfpsm0-fold_2confusion_matrix_table-kBRfGg
wandb: uploading config.yaml; uploading media/table/fold_2/confusion_matrix_table_5_465c81f762bd744c67d4.table.json; uploading output.log; uploading wandb-summary.json
wandb: uploading wandb-summary.json
wandb: 
wandb: Run history:
wandb:                     avg/auc ▁
wandb:                      avg/f1 ▁
wandb:               fold_0/best_C ▁
wandb:   fold_0/config/num_streams ▁
wandb:    fold_0/config/state_tile ▁
wandb: fold_0/config/vram_fraction ▁
wandb:             fold_0/test_acc ▁
wandb:             fold_0/test_auc ▁
wandb:              fold_0/test_f1 ▁
wandb:               fold_1/best_C ▁
wandb:                         +13 ...
wandb: 
wandb: Run summary:
wandb:                             avg/auc 0.88039
wandb:                              avg/f1 0.7695
wandb:                       fold_0/best_C 4.71513
wandb:              fold_0/config/autotune True
wandb:         fold_0/config/dynamic_batch False
wandb:           fold_0/config/learn_tiles True
wandb:           fold_0/config/num_streams 2
wandb: fold_0/config/precompute_all_states True
wandb:            fold_0/config/state_tile -1
wandb:       fold_0/config/use_cuda_graphs False
wandb:                                 +28 ...
wandb: 
wandb: 🚀 View run fashion_mnist_qsvm_torch_ryrz_scale0.1 at: https://wandb.ai/dylan-fouepe-university-of-florence/pp_project/runs/qwwfpsm0
wandb: ⭐️ View project at: https://wandb.ai/dylan-fouepe-university-of-florence/pp_project
wandb: Synced 5 W&B file(s), 3 media file(s), 6 artifact file(s) and 0 other file(s)
wandb: Find logs at: ./wandb/run-20260327_124134-qwwfpsm0/logs
868.12user 8.44system 1:48.00elapsed 811%CPU (0avgtext+0avgdata 5291960maxresident)k
24inputs+172984outputs (0major+689176minor)pagefaults 0swaps
