[I 2026-03-27 12:39:24,409] Trial 29 finished with value: 1.0 and parameters: {'C': 2.9594035667902467}. Best is trial 0 with value: 0.03076923076923077.
✅ Optuna a trouvé le meilleur C: 9.589861986070208
🔹 Fold 3: Kernel TrainVal (400x400)
💾 Kernel sauvegardé: ./kernel_cache/kernel_trainval_5d7c379ed7ae3f40bf71837c7d8629db.npy
🔹 Fold 3: Kernel Test (2000x400)
💾 Kernel sauvegardé: ./kernel_cache/kernel_test_9d4bb37707c3288841252fb8a09e7949.npy
🚀 Retraining final SVM with best C: 9.589861986070208...
✅ Result Fold 3: F1=0.9642 AUC=0.9957

🏆 Final Average: F1=0.9615, AUC=0.9957
wandb: updating run metadata; uploading artifact run-3069patz-fold_2confusion_matrix_table-ljZk1g
wandb: uploading artifact run-3069patz-fold_2confusion_matrix_table-ljZk1g
wandb: uploading artifact run-3069patz-fold_2confusion_matrix_table-ljZk1g; uploading history steps 4-6, summary, console lines 94-137
wandb: uploading artifact run-3069patz-fold_2confusion_matrix_table-ljZk1g
wandb: uploading media/table/fold_2/confusion_matrix_table_5_6f761f8eacb2dd049bdf.table.json; uploading output.log; uploading wandb-summary.json; uploading config.yaml
wandb: uploading data
wandb: 
wandb: Run history:
wandb:                     avg/auc ▁
wandb:                      avg/f1 ▁
wandb:               fold_0/best_C ▁
wandb:   fold_0/config/num_streams ▁
wandb:    fold_0/config/state_tile ▁
wandb: fold_0/config/vram_fraction ▁
wandb:             fold_0/test_acc ▁
wandb:             fold_0/test_auc ▁
wandb:              fold_0/test_f1 ▁
wandb:               fold_1/best_C ▁
wandb:                         +13 ...
wandb: 
wandb: Run summary:
wandb:                             avg/auc 0.99568
wandb:                              avg/f1 0.9615
wandb:                       fold_0/best_C 9.31403
wandb:              fold_0/config/autotune True
wandb:         fold_0/config/dynamic_batch False
wandb:           fold_0/config/learn_tiles True
wandb:           fold_0/config/num_streams 2
wandb: fold_0/config/precompute_all_states True
wandb:            fold_0/config/state_tile -1
wandb:       fold_0/config/use_cuda_graphs False
wandb:                                 +28 ...
wandb: 
wandb: 🚀 View run fashion_mnist_qsvm_torch_ryrz_scale0.1 at: https://wandb.ai/dylan-fouepe-university-of-florence/pp_project/runs/3069patz
wandb: ⭐️ View project at: https://wandb.ai/dylan-fouepe-university-of-florence/pp_project
wandb: Synced 5 W&B file(s), 3 media file(s), 6 artifact file(s) and 0 other file(s)
wandb: Find logs at: ./wandb/run-20260327_123850-3069patz/logs
193.07user 6.97system 0:54.54elapsed 366%CPU (0avgtext+0avgdata 5239184maxresident)k
24inputs+50936outputs (0major+579937minor)pagefaults 0swaps
