[I 2026-03-27 12:14:52,357] Trial 11 finished with value: 0.3886010362694301 and parameters: {'C': 2.1865379264627824}. Best is trial 0 with value: 0.3886010362694301.
/usr/local/lib/python3.10/dist-packages/sklearn/svm/_base.py:305: ConvergenceWarning: Solver terminated early (max_iter=50000).  Consider pre-processing your data with StandardScaler or MinMaxScaler.
  warnings.warn(
[I 2026-03-27 12:14:52,386] Trial 12 finished with value: 0.3886010362694301 and parameters: {'C': 0.36055315792933684}. Best is trial 0 with value: 0.3886010362694301.
/usr/local/lib/python3.10/dist-packages/sklearn/svm/_base.py:305: ConvergenceWarning: Solver terminated early (max_iter=50000).  Consider pre-processing your data with StandardScaler or MinMaxScaler.
  warnings.warn(
[I 2026-03-27 12:14:52,415] Trial 13 finished with value: 0.3886010362694301 and parameters: {'C': 3.5047480503531343}. Best is trial 0 with value: 0.3886010362694301.
/usr/local/lib/python3.10/dist-packages/sklearn/svm/_base.py:305: ConvergenceWarning: Solver terminated early (max_iter=50000).  Consider pre-processing your data with StandardScaler or MinMaxScaler.
  warnings.warn(
[I 2026-03-27 12:14:52,444] Trial 14 finished with value: 0.3886010362694301 and parameters: {'C': 4.21162529028914}. Best is trial 0 with value: 0.3886010362694301.
/usr/local/lib/python3.10/dist-packages/sklearn/svm/_base.py:305: ConvergenceWarning: Solver terminated early (max_iter=50000).  Consider pre-processing your data with StandardScaler or MinMaxScaler.
  warnings.warn(
[I 2026-03-27 12:14:52,472] Trial 15 finished with value: 0.3886010362694301 and parameters: {'C': 0.9250030825509054}. Best is trial 0 with value: 0.3886010362694301.
/usr/local/lib/python3.10/dist-packages/sklearn/svm/_base.py:305: ConvergenceWarning: Solver terminated early (max_iter=50000).  Consider pre-processing your data with StandardScaler or MinMaxScaler.
  warnings.warn(
[I 2026-03-27 12:14:52,501] Trial 16 finished with value: 0.3886010362694301 and parameters: {'C': 0.32090761185606026}. Best is trial 0 with value: 0.3886010362694301.
/usr/local/lib/python3.10/dist-packages/sklearn/svm/_base.py:305: ConvergenceWarning: Solver terminated early (max_iter=50000).  Consider pre-processing your data with StandardScaler or MinMaxScaler.
  warnings.warn(
[I 2026-03-27 12:14:52,530] Trial 17 finished with value: 0.3886010362694301 and parameters: {'C': 1.4167932172642292}. Best is trial 0 with value: 0.3886010362694301.
/usr/local/lib/python3.10/dist-packages/sklearn/svm/_base.py:305: ConvergenceWarning: Solver terminated early (max_iter=50000).  Consider pre-processing your data with StandardScaler or MinMaxScaler.
  warnings.warn(
[I 2026-03-27 12:14:52,559] Trial 18 finished with value: 0.3886010362694301 and parameters: {'C': 3.2091442023738503}. Best is trial 0 with value: 0.3886010362694301.
/usr/local/lib/python3.10/dist-packages/sklearn/svm/_base.py:305: ConvergenceWarning: Solver terminated early (max_iter=50000).  Consider pre-processing your data with StandardScaler or MinMaxScaler.
  warnings.warn(
[I 2026-03-27 12:14:52,588] Trial 19 finished with value: 0.3886010362694301 and parameters: {'C': 0.44262608402138237}. Best is trial 0 with value: 0.3886010362694301.
/usr/local/lib/python3.10/dist-packages/sklearn/svm/_base.py:305: ConvergenceWarning: Solver terminated early (max_iter=50000).  Consider pre-processing your data with StandardScaler or MinMaxScaler.
  warnings.warn(
[I 2026-03-27 12:14:52,616] Trial 20 finished with value: 0.3886010362694301 and parameters: {'C': 0.8633669209985478}. Best is trial 0 with value: 0.3886010362694301.
/usr/local/lib/python3.10/dist-packages/sklearn/svm/_base.py:305: ConvergenceWarning: Solver terminated early (max_iter=50000).  Consider pre-processing your data with StandardScaler or MinMaxScaler.
  warnings.warn(
[I 2026-03-27 12:14:52,645] Trial 21 finished with value: 0.3886010362694301 and parameters: {'C': 1.6276596273699624}. Best is trial 0 with value: 0.3886010362694301.
/usr/local/lib/python3.10/dist-packages/sklearn/svm/_base.py:305: ConvergenceWarning: Solver terminated early (max_iter=50000).  Consider pre-processing your data with StandardScaler or MinMaxScaler.
  warnings.warn(
[I 2026-03-27 12:14:52,673] Trial 22 finished with value: 0.3886010362694301 and parameters: {'C': 2.2103777087540246}. Best is trial 0 with value: 0.3886010362694301.
/usr/local/lib/python3.10/dist-packages/sklearn/svm/_base.py:305: ConvergenceWarning: Solver terminated early (max_iter=50000).  Consider pre-processing your data with StandardScaler or MinMaxScaler.
  warnings.warn(
[I 2026-03-27 12:14:52,702] Trial 23 finished with value: 0.3886010362694301 and parameters: {'C': 5.948407801372267}. Best is trial 0 with value: 0.3886010362694301.
/usr/local/lib/python3.10/dist-packages/sklearn/svm/_base.py:305: ConvergenceWarning: Solver terminated early (max_iter=50000).  Consider pre-processing your data with StandardScaler or MinMaxScaler.
  warnings.warn(
[I 2026-03-27 12:14:52,732] Trial 24 finished with value: 0.3886010362694301 and parameters: {'C': 2.2651555015312144}. Best is trial 0 with value: 0.3886010362694301.
/usr/local/lib/python3.10/dist-packages/sklearn/svm/_base.py:305: ConvergenceWarning: Solver terminated early (max_iter=50000).  Consider pre-processing your data with StandardScaler or MinMaxScaler.
  warnings.warn(
[I 2026-03-27 12:14:52,760] Trial 25 finished with value: 0.3886010362694301 and parameters: {'C': 0.6646290820220415}. Best is trial 0 with value: 0.3886010362694301.
/usr/local/lib/python3.10/dist-packages/sklearn/svm/_base.py:305: ConvergenceWarning: Solver terminated early (max_iter=50000).  Consider pre-processing your data with StandardScaler or MinMaxScaler.
  warnings.warn(
[I 2026-03-27 12:14:52,789] Trial 26 finished with value: 0.3886010362694301 and parameters: {'C': 0.24461814585626518}. Best is trial 0 with value: 0.3886010362694301.
/usr/local/lib/python3.10/dist-packages/sklearn/svm/_base.py:305: ConvergenceWarning: Solver terminated early (max_iter=50000).  Consider pre-processing your data with StandardScaler or MinMaxScaler.
  warnings.warn(
[I 2026-03-27 12:14:52,818] Trial 27 finished with value: 0.3886010362694301 and parameters: {'C': 1.1663074130590885}. Best is trial 0 with value: 0.3886010362694301.
/usr/local/lib/python3.10/dist-packages/sklearn/svm/_base.py:305: ConvergenceWarning: Solver terminated early (max_iter=50000).  Consider pre-processing your data with StandardScaler or MinMaxScaler.
  warnings.warn(
[I 2026-03-27 12:14:52,847] Trial 28 finished with value: 0.3886010362694301 and parameters: {'C': 1.80480767830106}. Best is trial 0 with value: 0.3886010362694301.
/usr/local/lib/python3.10/dist-packages/sklearn/svm/_base.py:305: ConvergenceWarning: Solver terminated early (max_iter=50000).  Consider pre-processing your data with StandardScaler or MinMaxScaler.
  warnings.warn(
[I 2026-03-27 12:14:52,875] Trial 29 finished with value: 0.3886010362694301 and parameters: {'C': 5.184191879954844}. Best is trial 0 with value: 0.3886010362694301.
✅ Optuna a trouvé le meilleur C: 0.6895827897661538
🔹 Fold 1: Kernel TrainVal (400x400)
⚡ Cache hit pour trainval: ./kernel_cache/kernel_trainval_24496bdfee928e60eac6afc5ff6409d4.npy
🔹 Fold 1: Kernel Test (2000x400)
⚡ Cache hit pour test: ./kernel_cache/kernel_test_fbc574de7442c5d995ee7251566318de.npy
🚀 Retraining final SVM with best C: 0.6895827897661538...
✅ Result Fold 1: F1=0.0000 AUC=0.5000

🔹 Fold 2: Kernel Train (267x267)
⚡ Cache hit pour train: ./kernel_cache/kernel_train_6af2f5e9de33ab1ab40a8a64b1796ea9.npy
🔹 Fold 2: Kernel Val (133x267)
⚡ Cache hit pour val: ./kernel_cache/kernel_val_08398909d0445817079114e3eb93b536.npy
🔍 Optimizing C (Optuna)...
[I 2026-03-27 12:14:54,440] A new study created in memory with name: no-name-4a834816-8665-4a53-b8e3-7e94cd6a293f
[I 2026-03-27 12:14:54,453] Trial 0 finished with value: 0.2727272727272727 and parameters: {'C': 0.11055093069159519}. Best is trial 0 with value: 0.2727272727272727.
[I 2026-03-27 12:14:54,468] Trial 1 finished with value: 1.0 and parameters: {'C': 6.8045595804628585}. Best is trial 0 with value: 0.2727272727272727.
[I 2026-03-27 12:14:54,477] Trial 2 finished with value: 1.0 and parameters: {'C': 0.555820256552626}. Best is trial 0 with value: 0.2727272727272727.
[I 2026-03-27 12:14:54,485] Trial 3 finished with value: 0.2727272727272727 and parameters: {'C': 0.438986824659064}. Best is trial 0 with value: 0.2727272727272727.
[I 2026-03-27 12:14:54,491] Trial 4 finished with value: 0.2727272727272727 and parameters: {'C': 0.16468856432610077}. Best is trial 0 with value: 0.2727272727272727.
[I 2026-03-27 12:14:54,499] Trial 5 finished with value: 1.0 and parameters: {'C': 5.1418562499078995}. Best is trial 0 with value: 0.2727272727272727.
[I 2026-03-27 12:14:54,505] Trial 6 finished with value: 1.0 and parameters: {'C': 0.9850675837264786}. Best is trial 0 with value: 0.2727272727272727.
[I 2026-03-27 12:14:54,510] Trial 7 finished with value: 0.2727272727272727 and parameters: {'C': 0.8686370508546539}. Best is trial 0 with value: 0.2727272727272727.
[I 2026-03-27 12:14:54,518] Trial 8 finished with value: 1.0 and parameters: {'C': 6.984812505827192}. Best is trial 0 with value: 0.2727272727272727.
[I 2026-03-27 12:14:54,525] Trial 9 finished with value: 1.0 and parameters: {'C': 3.79806773465183}. Best is trial 0 with value: 0.2727272727272727.
[I 2026-03-27 12:14:54,532] Trial 10 finished with value: 0.2727272727272727 and parameters: {'C': 0.10015549486711907}. Best is trial 0 with value: 0.2727272727272727.
[I 2026-03-27 12:14:54,538] Trial 11 finished with value: 0.2727272727272727 and parameters: {'C': 0.2785430382527712}. Best is trial 0 with value: 0.2727272727272727.
[I 2026-03-27 12:14:54,545] Trial 12 finished with value: 0.2727272727272727 and parameters: {'C': 0.30299175569924225}. Best is trial 0 with value: 0.2727272727272727.
[I 2026-03-27 12:14:54,553] Trial 13 finished with value: 1.0 and parameters: {'C': 2.1258666628999046}. Best is trial 0 with value: 0.2727272727272727.
[I 2026-03-27 12:14:54,560] Trial 14 finished with value: 0.2727272727272727 and parameters: {'C': 0.3406088960577521}. Best is trial 0 with value: 0.2727272727272727.
[I 2026-03-27 12:14:54,566] Trial 15 finished with value: 0.2727272727272727 and parameters: {'C': 0.11650905666261119}. Best is trial 0 with value: 0.2727272727272727.
[I 2026-03-27 12:14:54,574] Trial 16 finished with value: 1.0 and parameters: {'C': 1.8984682045811125}. Best is trial 0 with value: 0.2727272727272727.
[I 2026-03-27 12:14:54,581] Trial 17 finished with value: 0.2727272727272727 and parameters: {'C': 0.20836149686433952}. Best is trial 0 with value: 0.2727272727272727.
[I 2026-03-27 12:14:54,587] Trial 18 finished with value: 1.0 and parameters: {'C': 0.5650423470377847}. Best is trial 0 with value: 0.2727272727272727.
[I 2026-03-27 12:14:54,593] Trial 19 finished with value: 0.2727272727272727 and parameters: {'C': 0.5270535290151387}. Best is trial 0 with value: 0.2727272727272727.
[I 2026-03-27 12:14:54,602] Trial 20 finished with value: 1.0 and parameters: {'C': 1.7840622739378533}. Best is trial 0 with value: 0.2727272727272727.
[I 2026-03-27 12:14:54,608] Trial 21 finished with value: 0.2727272727272727 and parameters: {'C': 0.17688463902773205}. Best is trial 0 with value: 0.2727272727272727.
[I 2026-03-27 12:14:54,614] Trial 22 finished with value: 0.2727272727272727 and parameters: {'C': 0.15266470503709847}. Best is trial 0 with value: 0.2727272727272727.
[I 2026-03-27 12:14:54,620] Trial 23 finished with value: 0.2727272727272727 and parameters: {'C': 0.22816336490278025}. Best is trial 0 with value: 0.2727272727272727.
[I 2026-03-27 12:14:54,626] Trial 24 finished with value: 0.2727272727272727 and parameters: {'C': 0.1426761002136583}. Best is trial 0 with value: 0.2727272727272727.
[I 2026-03-27 12:14:54,633] Trial 25 finished with value: 0.2727272727272727 and parameters: {'C': 0.38316209514884975}. Best is trial 0 with value: 0.2727272727272727.
[I 2026-03-27 12:14:54,639] Trial 26 finished with value: 0.2727272727272727 and parameters: {'C': 0.10259706187411938}. Best is trial 0 with value: 0.2727272727272727.
[I 2026-03-27 12:14:54,645] Trial 27 finished with value: 1.0 and parameters: {'C': 0.21451412389269373}. Best is trial 0 with value: 0.2727272727272727.
[I 2026-03-27 12:14:54,652] Trial 28 finished with value: 0.2727272727272727 and parameters: {'C': 0.431552321908389}. Best is trial 0 with value: 0.2727272727272727.
[I 2026-03-27 12:14:54,658] Trial 29 finished with value: 0.2727272727272727 and parameters: {'C': 0.7980793211688256}. Best is trial 0 with value: 0.2727272727272727.
✅ Optuna a trouvé le meilleur C: 0.11055093069159519
🔹 Fold 2: Kernel TrainVal (400x400)
⚡ Cache hit pour trainval: ./kernel_cache/kernel_trainval_f6ee4da7b2136a9794a38aa13826b7d3.npy
🔹 Fold 2: Kernel Test (2000x400)
⚡ Cache hit pour test: ./kernel_cache/kernel_test_320bc565ad8e6ec3490be4ced1c747bb.npy
🚀 Retraining final SVM with best C: 0.11055093069159519...
✅ Result Fold 2: F1=0.6667 AUC=0.4961

🔹 Fold 3: Kernel Train (267x267)
⚡ Cache hit pour train: ./kernel_cache/kernel_train_33f1778a65516903b30b2356ff8a078d.npy
🔹 Fold 3: Kernel Val (133x267)
⚡ Cache hit pour val: ./kernel_cache/kernel_val_2b184694c39ee43ec0ac245a80581648.npy
🔍 Optimizing C (Optuna)...
[I 2026-03-27 12:14:54,980] A new study created in memory with name: no-name-c00f9c9f-c18f-4ce3-9332-92c591058391
[I 2026-03-27 12:14:54,999] Trial 0 finished with value: 0.32999999999999996 and parameters: {'C': 6.19821351788318}. Best is trial 0 with value: 0.32999999999999996.
[I 2026-03-27 12:14:55,015] Trial 1 finished with value: 0.32999999999999996 and parameters: {'C': 5.255735362635712}. Best is trial 0 with value: 0.32999999999999996.
[I 2026-03-27 12:14:55,028] Trial 2 finished with value: 1.0 and parameters: {'C': 0.3389894139302019}. Best is trial 0 with value: 0.32999999999999996.
[I 2026-03-27 12:14:55,036] Trial 3 finished with value: 0.32999999999999996 and parameters: {'C': 2.142483799420329}. Best is trial 0 with value: 0.32999999999999996.
[I 2026-03-27 12:14:55,044] Trial 4 finished with value: 0.32999999999999996 and parameters: {'C': 3.118511438801009}. Best is trial 0 with value: 0.32999999999999996.
[I 2026-03-27 12:14:55,049] Trial 5 finished with value: 1.0 and parameters: {'C': 0.12481934299702045}. Best is trial 0 with value: 0.32999999999999996.
[I 2026-03-27 12:14:55,057] Trial 6 finished with value: 0.32999999999999996 and parameters: {'C': 1.6362786363835133}. Best is trial 0 with value: 0.32999999999999996.
[I 2026-03-27 12:14:55,062] Trial 7 finished with value: 1.0 and parameters: {'C': 0.5637323091467097}. Best is trial 0 with value: 0.32999999999999996.
[I 2026-03-27 12:14:55,068] Trial 8 finished with value: 1.0 and parameters: {'C': 0.15457358256801612}. Best is trial 0 with value: 0.32999999999999996.
[I 2026-03-27 12:14:55,076] Trial 9 finished with value: 0.32999999999999996 and parameters: {'C': 1.8412239371217443}. Best is trial 0 with value: 0.32999999999999996.
[I 2026-03-27 12:14:55,084] Trial 10 finished with value: 0.32999999999999996 and parameters: {'C': 9.444439101683292}. Best is trial 0 with value: 0.32999999999999996.
[I 2026-03-27 12:14:55,093] Trial 11 finished with value: 0.32999999999999996 and parameters: {'C': 9.647453975711054}. Best is trial 0 with value: 0.32999999999999996.
[I 2026-03-27 12:14:55,101] Trial 12 finished with value: 0.32999999999999996 and parameters: {'C': 5.137390483628102}. Best is trial 0 with value: 0.32999999999999996.
[I 2026-03-27 12:14:55,110] Trial 13 finished with value: 0.32999999999999996 and parameters: {'C': 4.471776417774675}. Best is trial 0 with value: 0.32999999999999996.
[I 2026-03-27 12:14:55,116] Trial 14 finished with value: 1.0 and parameters: {'C': 0.7299506159296311}. Best is trial 0 with value: 0.32999999999999996.
[I 2026-03-27 12:14:55,125] Trial 15 finished with value: 0.32999999999999996 and parameters: {'C': 5.0833082592965075}. Best is trial 0 with value: 0.32999999999999996.
[I 2026-03-27 12:14:55,133] Trial 16 finished with value: 0.32999999999999996 and parameters: {'C': 1.1340213080371533}. Best is trial 0 with value: 0.32999999999999996.
[I 2026-03-27 12:14:55,141] Trial 17 finished with value: 0.32999999999999996 and parameters: {'C': 3.902924633181689}. Best is trial 0 with value: 0.32999999999999996.
[I 2026-03-27 12:14:55,150] Trial 18 finished with value: 0.32999999999999996 and parameters: {'C': 6.5779349749690015}. Best is trial 0 with value: 0.32999999999999996.
[I 2026-03-27 12:14:55,158] Trial 19 finished with value: 0.32999999999999996 and parameters: {'C': 2.110944423317782}. Best is trial 0 with value: 0.32999999999999996.
[I 2026-03-27 12:14:55,166] Trial 20 finished with value: 0.32999999999999996 and parameters: {'C': 2.906056354617492}. Best is trial 0 with value: 0.32999999999999996.
[I 2026-03-27 12:14:55,175] Trial 21 finished with value: 0.32999999999999996 and parameters: {'C': 2.572584108373479}. Best is trial 0 with value: 0.32999999999999996.
[I 2026-03-27 12:14:55,183] Trial 22 finished with value: 0.32999999999999996 and parameters: {'C': 1.3412264200888468}. Best is trial 0 with value: 0.32999999999999996.
[I 2026-03-27 12:14:55,191] Trial 23 finished with value: 0.32999999999999996 and parameters: {'C': 6.882365953607055}. Best is trial 0 with value: 0.32999999999999996.
[I 2026-03-27 12:14:55,199] Trial 24 finished with value: 0.32999999999999996 and parameters: {'C': 3.3936012693668345}. Best is trial 0 with value: 0.32999999999999996.
[I 2026-03-27 12:14:55,208] Trial 25 finished with value: 0.32999999999999996 and parameters: {'C': 6.791287813282074}. Best is trial 0 with value: 0.32999999999999996.
[I 2026-03-27 12:14:55,215] Trial 26 finished with value: 0.32999999999999996 and parameters: {'C': 0.789169641176983}. Best is trial 0 with value: 0.32999999999999996.
[I 2026-03-27 12:14:55,223] Trial 27 finished with value: 0.32999999999999996 and parameters: {'C': 2.3198000725217307}. Best is trial 0 with value: 0.32999999999999996.
[I 2026-03-27 12:14:55,231] Trial 28 finished with value: 0.32999999999999996 and parameters: {'C': 5.926056053729148}. Best is trial 0 with value: 0.32999999999999996.
