[I 2026-03-27 12:46:07,063] Trial 12 finished with value: 1.0 and parameters: {'C': 0.10722852071278473}. Best is trial 10 with value: 0.16919739696312364.
[I 2026-03-27 12:46:07,159] Trial 13 finished with value: 0.34135338345864663 and parameters: {'C': 1.4060020842822119}. Best is trial 10 with value: 0.16919739696312364.
[I 2026-03-27 12:46:07,244] Trial 14 finished with value: 0.19794344473007708 and parameters: {'C': 4.344036978960732}. Best is trial 10 with value: 0.16919739696312364.
[I 2026-03-27 12:46:07,313] Trial 15 finished with value: 0.19083969465648853 and parameters: {'C': 9.98589574289561}. Best is trial 10 with value: 0.16919739696312364.
[I 2026-03-27 12:46:07,408] Trial 16 finished with value: 0.625925925925926 and parameters: {'C': 1.1318649987139484}. Best is trial 10 with value: 0.16919739696312364.
[I 2026-03-27 12:46:07,502] Trial 17 finished with value: 1.0 and parameters: {'C': 0.6628427819348102}. Best is trial 10 with value: 0.16919739696312364.
[I 2026-03-27 12:46:07,595] Trial 18 finished with value: 0.21899736147757254 and parameters: {'C': 1.8719662424243517}. Best is trial 10 with value: 0.16919739696312364.
[I 2026-03-27 12:46:07,680] Trial 19 finished with value: 0.19794344473007708 and parameters: {'C': 4.285849586170287}. Best is trial 10 with value: 0.16919739696312364.
[I 2026-03-27 12:46:07,776] Trial 20 finished with value: 1.0 and parameters: {'C': 0.7538626238656847}. Best is trial 10 with value: 0.16919739696312364.
[I 2026-03-27 12:46:07,846] Trial 21 finished with value: 0.19035532994923854 and parameters: {'C': 9.025183852696545}. Best is trial 10 with value: 0.16919739696312364.
[I 2026-03-27 12:46:07,929] Trial 22 finished with value: 0.19640564826700901 and parameters: {'C': 4.769855068486151}. Best is trial 10 with value: 0.16919739696312364.
[I 2026-03-27 12:46:08,006] Trial 23 finished with value: 0.18829516539440205 and parameters: {'C': 6.554910543174847}. Best is trial 10 with value: 0.16919739696312364.
[I 2026-03-27 12:46:08,084] Trial 24 finished with value: 0.19181585677749358 and parameters: {'C': 6.030212707410458}. Best is trial 10 with value: 0.16919739696312364.
[I 2026-03-27 12:46:08,172] Trial 25 finished with value: 0.20569210866752907 and parameters: {'C': 3.2122067548811244}. Best is trial 10 with value: 0.16919739696312364.
[I 2026-03-27 12:46:08,250] Trial 26 finished with value: 0.18726114649681525 and parameters: {'C': 6.307040348620425}. Best is trial 10 with value: 0.16919739696312364.
[I 2026-03-27 12:46:08,344] Trial 27 finished with value: 0.22911051212938005 and parameters: {'C': 1.719805229746009}. Best is trial 10 with value: 0.16919739696312364.
[I 2026-03-27 12:46:08,432] Trial 28 finished with value: 0.2041343669250646 and parameters: {'C': 3.099731816007039}. Best is trial 10 with value: 0.16919739696312364.
[I 2026-03-27 12:46:08,509] Trial 29 finished with value: 0.18829516539440205 and parameters: {'C': 6.698839320816973}. Best is trial 10 with value: 0.16919739696312364.
✅ Optuna a trouvé le meilleur C: 1.1552247946073186
🔹 Fold 3: Kernel TrainVal (2500x2500)
💾 Kernel sauvegardé: ./kernel_cache/kernel_trainval_76e6104b9653d651538520fb6a5132d5.npy
🔹 Fold 3: Kernel Test (2000x2500)
💾 Kernel sauvegardé: ./kernel_cache/kernel_test_fa9214989d0461db43b9d186dd37bbd7.npy
🚀 Retraining final SVM with best C: 1.1552247946073186...
✅ Result Fold 3: F1=0.7595 AUC=0.8799

🏆 Final Average: F1=0.7670, AUC=0.8831
wandb: updating run metadata; uploading artifact run-b5wcbflz-fold_2confusion_matrix_table-aih1sA
wandb: uploading artifact run-b5wcbflz-fold_2confusion_matrix_table-aih1sA
wandb: uploading config.yaml; uploading media/table/fold_2/confusion_matrix_table_5_b7afe805472c303b8618.table.json; uploading output.log; uploading wandb-summary.json
wandb: uploading media/table/fold_2/confusion_matrix_table_5_b7afe805472c303b8618.table.json; uploading output.log; uploading wandb-summary.json
wandb: 
wandb: Run history:
wandb:                     avg/auc ▁
wandb:                      avg/f1 ▁
wandb:               fold_0/best_C ▁
wandb:   fold_0/config/num_streams ▁
wandb:    fold_0/config/state_tile ▁
wandb: fold_0/config/vram_fraction ▁
wandb:             fold_0/test_acc ▁
wandb:             fold_0/test_auc ▁
wandb:              fold_0/test_f1 ▁
wandb:               fold_1/best_C ▁
wandb:                         +13 ...
wandb: 
wandb: Run summary:
wandb:                             avg/auc 0.88313
wandb:                              avg/f1 0.76702
wandb:                       fold_0/best_C 9.24379
wandb:              fold_0/config/autotune True
wandb:         fold_0/config/dynamic_batch False
wandb:           fold_0/config/learn_tiles True
wandb:           fold_0/config/num_streams 2
wandb: fold_0/config/precompute_all_states True
wandb:            fold_0/config/state_tile -1
wandb:       fold_0/config/use_cuda_graphs False
wandb:                                 +28 ...
wandb: 
wandb: 🚀 View run fashion_mnist_qsvm_torch_ryrz_scale0.1 at: https://wandb.ai/dylan-fouepe-university-of-florence/pp_project/runs/b5wcbflz
wandb: ⭐️ View project at: https://wandb.ai/dylan-fouepe-university-of-florence/pp_project
wandb: Synced 5 W&B file(s), 3 media file(s), 6 artifact file(s) and 0 other file(s)
wandb: Find logs at: ./wandb/run-20260327_124330-b5wcbflz/logs
1368.16user 14.44system 3:21.84elapsed 684%CPU (0avgtext+0avgdata 8448708maxresident)k
24inputs+723952outputs (0major+643921minor)pagefaults 0swaps
