📂 Loading fashion_mnist...
⚠️ Subset Train: 5000
🚀 Starting 3-Fold CV on None via torch
⚙️  Params: tile=None, angle_scale=0.1, embed=ryrz

🔹 Fold 1: Kernel Train (3333x3333)
⚡ Cache hit pour train: ./kernel_cache/kernel_train_17a7ea1bde04623d135e702476a698b4.npy
🔹 Fold 1: Kernel Val (1667x3333)
⚡ Cache hit pour val: ./kernel_cache/kernel_val_3a5de215dd4f2cc741b7613e2e2c0773.npy
🔍 Optimizing C (Optuna) - SKIPPED FOR MANUAL OVERRIDE

⚠️ OVERRIDE : Utilisation manuelle de C=0.45 (Zone optimale identifiée)
🔹 Fold 1: Kernel TrainVal (5000x5000)
⚡ Cache hit pour trainval: ./kernel_cache/kernel_trainval_c6a4a4ad1f80d1842e4a8da80f71ff29.npy
🔹 Fold 1: Kernel Test (2000x5000)
⚡ Cache hit pour test: ./kernel_cache/kernel_test_1cc99db6c203fadc4085082d9250f2a1.npy
🚀 Retraining final SVM with best C: 0.45...
✅ Result Fold 1: F1=0.9118 AUC=0.9871

🔹 Fold 2: Kernel Train (3333x3333)
⚡ Cache hit pour train: ./kernel_cache/kernel_train_314f52acd3d41d5fef585c2dbde48f0d.npy
🔹 Fold 2: Kernel Val (1667x3333)
⚡ Cache hit pour val: ./kernel_cache/kernel_val_3df9584321bf7cffc5bbf6949fe6b271.npy
🔍 Optimizing C (Optuna) - SKIPPED FOR MANUAL OVERRIDE

⚠️ OVERRIDE : Utilisation manuelle de C=0.45 (Zone optimale identifiée)
🔹 Fold 2: Kernel TrainVal (5000x5000)
⚡ Cache hit pour trainval: ./kernel_cache/kernel_trainval_1d3d7123e9415f4935cc5b4862556aff.npy
🔹 Fold 2: Kernel Test (2000x5000)
⚡ Cache hit pour test: ./kernel_cache/kernel_test_a9a11bafdf85b9783eb29d031b06ebbf.npy
🚀 Retraining final SVM with best C: 0.45...
✅ Result Fold 2: F1=0.9259 AUC=0.9875

🔹 Fold 3: Kernel Train (3334x3334)
⚡ Cache hit pour train: ./kernel_cache/kernel_train_2ec3146efd9128e9a7bc2479c310b9dc.npy
🔹 Fold 3: Kernel Val (1666x3334)
⚡ Cache hit pour val: ./kernel_cache/kernel_val_81d20744e23e8faa593a29d56afc2a7a.npy
🔍 Optimizing C (Optuna) - SKIPPED FOR MANUAL OVERRIDE

⚠️ OVERRIDE : Utilisation manuelle de C=0.45 (Zone optimale identifiée)
🔹 Fold 3: Kernel TrainVal (5000x5000)
⚡ Cache hit pour trainval: ./kernel_cache/kernel_trainval_f3440897ffc20bed97826798d71cb80b.npy
🔹 Fold 3: Kernel Test (2000x5000)
⚡ Cache hit pour test: ./kernel_cache/kernel_test_03bfc01ceebc96ad62e9c30c818703df.npy
🚀 Retraining final SVM with best C: 0.45...
✅ Result Fold 3: F1=0.9105 AUC=0.9858

🏆 Final Average: F1=0.9161, AUC=0.9868
📂 Loading fashion_mnist...
⚠️ Subset Train: 5000
🚀 Starting 3-Fold CV on None via torch
⚙️  Params: tile=None, angle_scale=0.1, embed=ryrz

🔹 Fold 1: Kernel Train (3333x3333)
💾 Kernel sauvegardé: ./kernel_cache/kernel_train_17a7ea1bde04623d135e702476a698b4.npy
🔹 Fold 1: Kernel Val (1667x3333)
💾 Kernel sauvegardé: ./kernel_cache/kernel_val_3a5de215dd4f2cc741b7613e2e2c0773.npy
🔍 Optimizing C (Optuna)...
✅ Optuna a trouvé le meilleur C: 8.998196439714414
🔹 Fold 1: Kernel TrainVal (5000x5000)
💾 Kernel sauvegardé: ./kernel_cache/kernel_trainval_c6a4a4ad1f80d1842e4a8da80f71ff29.npy
🔹 Fold 1: Kernel Test (2000x5000)
💾 Kernel sauvegardé: ./kernel_cache/kernel_test_1cc99db6c203fadc4085082d9250f2a1.npy
🚀 Retraining final SVM with best C: 8.998196439714414...
✅ Result Fold 1: F1=0.9678 AUC=0.9962

🔹 Fold 2: Kernel Train (3333x3333)
💾 Kernel sauvegardé: ./kernel_cache/kernel_train_314f52acd3d41d5fef585c2dbde48f0d.npy
🔹 Fold 2: Kernel Val (1667x3333)
💾 Kernel sauvegardé: ./kernel_cache/kernel_val_3df9584321bf7cffc5bbf6949fe6b271.npy
🔍 Optimizing C (Optuna)...
✅ Optuna a trouvé le meilleur C: 9.486029689850733
🔹 Fold 2: Kernel TrainVal (5000x5000)
💾 Kernel sauvegardé: ./kernel_cache/kernel_trainval_1d3d7123e9415f4935cc5b4862556aff.npy
🔹 Fold 2: Kernel Test (2000x5000)
💾 Kernel sauvegardé: ./kernel_cache/kernel_test_a9a11bafdf85b9783eb29d031b06ebbf.npy
🚀 Retraining final SVM with best C: 9.486029689850733...
✅ Result Fold 2: F1=0.9688 AUC=0.9950

🔹 Fold 3: Kernel Train (3334x3334)
💾 Kernel sauvegardé: ./kernel_cache/kernel_train_2ec3146efd9128e9a7bc2479c310b9dc.npy
🔹 Fold 3: Kernel Val (1666x3334)
💾 Kernel sauvegardé: ./kernel_cache/kernel_val_81d20744e23e8faa593a29d56afc2a7a.npy
🔍 Optimizing C (Optuna)...
✅ Optuna a trouvé le meilleur C: 9.714612148782404
🔹 Fold 3: Kernel TrainVal (5000x5000)
💾 Kernel sauvegardé: ./kernel_cache/kernel_trainval_f3440897ffc20bed97826798d71cb80b.npy
🔹 Fold 3: Kernel Test (2000x5000)
💾 Kernel sauvegardé: ./kernel_cache/kernel_test_03bfc01ceebc96ad62e9c30c818703df.npy
🚀 Retraining final SVM with best C: 9.714612148782404...
✅ Result Fold 3: F1=0.9689 AUC=0.9953

🏆 Final Average: F1=0.9685, AUC=0.9955
 📂 Loading fashion_mnist...
⚠️ Subset Train: 5000
🚀 Starting 3-Fold CV on None via torch
⚙️  Params: tile=None, angle_scale=0.1, embed=ryrz

🔹 Fold 1: Kernel Train (3333x3333)
💾 Kernel sauvegardé: ./kernel_cache/kernel_train_f6cc0f09cd3b01f155f6353817f14276.npy
🔹 Fold 1: Kernel Val (1667x3333)
💾 Kernel sauvegardé: ./kernel_cache/kernel_val_7070e9e538743e09cc812a364a715c4e.npy
🔍 Optimizing C (Optuna)...
✅ Optuna a trouvé le meilleur C: 9.260897596922925
🔹 Fold 1: Kernel TrainVal (5000x5000)
💾 Kernel sauvegardé: ./kernel_cache/kernel_trainval_e95404efc3c0b47366bcca1fac4b63c1.npy
🔹 Fold 1: Kernel Test (2000x5000)
💾 Kernel sauvegardé: ./kernel_cache/kernel_test_b364694d6216e2a6bceb31173337d684.npy
🚀 Retraining final SVM with best C: 9.260897596922925...
✅ Result Fold 1: F1=0.7796 AUC=0.8899

🔹 Fold 2: Kernel Train (3333x3333)
💾 Kernel sauvegardé: ./kernel_cache/kernel_train_3b0dd22181d5d04d914bb28d64b05263.npy
🔹 Fold 2: Kernel Val (1667x3333)
💾 Kernel sauvegardé: ./kernel_cache/kernel_val_320df800eb77f61b3af081f0499848c9.npy
🔍 Optimizing C (Optuna)...
✅ Optuna a trouvé le meilleur C: 4.9105383761629
🔹 Fold 2: Kernel TrainVal (5000x5000)
💾 Kernel sauvegardé: ./kernel_cache/kernel_trainval_232e9feaeb47783c9887c90dd270688c.npy
🔹 Fold 2: Kernel Test (2000x5000)
💾 Kernel sauvegardé: ./kernel_cache/kernel_test_e68c6a5becbf405a097f66339f1fbb61.npy
🚀 Retraining final SVM with best C: 4.9105383761629...
✅ Result Fold 2: F1=0.7716 AUC=0.8858

🔹 Fold 3: Kernel Train (3334x3334)
💾 Kernel sauvegardé: ./kernel_cache/kernel_train_e2a442c3295313755c7e63cf582ea4ab.npy
🔹 Fold 3: Kernel Val (1666x3334)
💾 Kernel sauvegardé: ./kernel_cache/kernel_val_9625f73e2e8b6921b879b700894dbcfc.npy
🔍 Optimizing C (Optuna)...
✅ Optuna a trouvé le meilleur C: 8.879271063835422
🔹 Fold 3: Kernel TrainVal (5000x5000)
💾 Kernel sauvegardé: ./kernel_cache/kernel_trainval_37535f3f557a4c9740490cae7fbb86ef.npy
🔹 Fold 3: Kernel Test (2000x5000)
💾 Kernel sauvegardé: ./kernel_cache/kernel_test_360b93188c5f466c4c88a9de419a2482.npy
🚀 Retraining final SVM with best C: 8.879271063835422...
✅ Result Fold 3: F1=0.7792 AUC=0.8897

🏆 Final Average: F1=0.7768, AUC=0.8885
wandb: [wandb.login()] Loaded credentials for https://api.wandb.ai from /root/.netrc.
wandb: Currently logged in as: dylan-fouepe (dylan-fouepe-university-of-florence) to https://api.wandb.ai. Use `wandb login --relogin` to force relogin
wandb: setting up run ja09ki8r
wandb: Tracking run with wandb version 0.25.1
wandb: Run data is saved locally in /app/ProjectWorkParallelProgramming/wandb/run-20260327_124636-ja09ki8r
wandb: Run `wandb offline` to turn off syncing.
wandb: Syncing run fashion_mnist_qsvm_torch_ryrz_scale0.1
wandb: ⭐️ View project at https://wandb.ai/dylan-fouepe-university-of-florence/pp_project
wandb: 🚀 View run at https://wandb.ai/dylan-fouepe-university-of-florence/pp_project/runs/ja09ki8r
📂 Loading fashion_mnist...
⚠️ Subset Train: 5000
Extracting:   0%|          | 0/20 [00:00<?, ?it/s]Extracting:   5%|▌         | 1/20 [00:00<00:03,  5.24it/s]Extracting:  25%|██▌       | 5/20 [00:00<00:00, 15.69it/s]Extracting:  40%|████      | 8/20 [00:00<00:00, 20.21it/s]Extracting:  55%|█████▌    | 11/20 [00:00<00:00, 20.18it/s]Extracting:  80%|████████  | 16/20 [00:00<00:00, 26.88it/s]                                                           Extracting:   0%|          | 0/8 [00:00<?, ?it/s]Extracting:  38%|███▊      | 3/8 [00:00<00:00, 22.73it/s]                                                         🚀 Starting 3-Fold CV on None via torch
⚙️  Params: tile=None, angle_scale=0.1, embed=ryrz

🔹 Fold 1: Kernel Train (3333x3333)
💾 Kernel sauvegardé: ./kernel_cache/kernel_train_f6cc0f09cd3b01f155f6353817f14276.npy
🔹 Fold 1: Kernel Val (1667x3333)
💾 Kernel sauvegardé: ./kernel_cache/kernel_val_7070e9e538743e09cc812a364a715c4e.npy
🔍 Optimizing C (Optuna)...
[I 2026-03-27 12:47:22,645] A new study created in memory with name: no-name-4e9617d4-2b7d-44ad-8d1a-f21bca13a27e
[I 2026-03-27 12:47:23,296] Trial 0 finished with value: 0.2550948699929726 and parameters: {'C': 0.7554371268662041}. Best is trial 0 with value: 0.2550948699929726.
[I 2026-03-27 12:47:23,937] Trial 1 finished with value: 0.9861910241657077 and parameters: {'C': 0.43411398820316205}. Best is trial 0 with value: 0.2550948699929726.
[I 2026-03-27 12:47:24,344] Trial 2 finished with value: 0.21630506245890857 and parameters: {'C': 4.1575024401009815}. Best is trial 2 with value: 0.21630506245890857.
[I 2026-03-27 12:47:24,663] Trial 3 finished with value: 0.21279373368146215 and parameters: {'C': 9.26725756615756}. Best is trial 3 with value: 0.21279373368146215.
[I 2026-03-27 12:47:25,306] Trial 4 finished with value: 1.0 and parameters: {'C': 0.1634403031015223}. Best is trial 3 with value: 0.21279373368146215.
[I 2026-03-27 12:47:25,825] Trial 5 finished with value: 0.21630506245890857 and parameters: {'C': 4.04202439497344}. Best is trial 3 with value: 0.21279373368146215.
[I 2026-03-27 12:47:26,372] Trial 6 finished with value: 0.22715053763440862 and parameters: {'C': 1.0961296281791708}. Best is trial 3 with value: 0.21279373368146215.
[I 2026-03-27 12:47:26,791] Trial 7 finished with value: 0.21499013806706113 and parameters: {'C': 4.2799490220777345}. Best is trial 3 with value: 0.21279373368146215.
[I 2026-03-27 12:47:27,474] Trial 8 finished with value: 0.22602280348759218 and parameters: {'C': 1.183865780966553}. Best is trial 3 with value: 0.21279373368146215.
[I 2026-03-27 12:47:28,069] Trial 9 finished with value: 0.22259136212624586 and parameters: {'C': 2.2812139447809416}. Best is trial 3 with value: 0.21279373368146215.
[I 2026-03-27 12:47:28,396] Trial 10 finished with value: 0.21596858638743455 and parameters: {'C': 8.539008410181633}. Best is trial 3 with value: 0.21279373368146215.
[I 2026-03-27 12:47:28,709] Trial 11 finished with value: 0.21358589157413455 and parameters: {'C': 9.078330544086487}. Best is trial 3 with value: 0.21279373368146215.
[I 2026-03-27 12:47:29,063] Trial 12 finished with value: 0.21358589157413455 and parameters: {'C': 9.749710946862402}. Best is trial 3 with value: 0.21279373368146215.
[I 2026-03-27 12:47:29,531] Trial 13 finished with value: 0.21596858638743455 and parameters: {'C': 5.82056015307202}. Best is trial 3 with value: 0.21279373368146215.
[I 2026-03-27 12:47:30,132] Trial 14 finished with value: 0.2218520986009327 and parameters: {'C': 1.752460387893025}. Best is trial 3 with value: 0.21279373368146215.
[I 2026-03-27 12:47:30,752] Trial 15 finished with value: 1.0 and parameters: {'C': 0.24338610259999782}. Best is trial 3 with value: 0.21279373368146215.
[I 2026-03-27 12:47:31,343] Trial 16 finished with value: 0.2222959522229595 and parameters: {'C': 2.390911420954954}. Best is trial 3 with value: 0.21279373368146215.
[I 2026-03-27 12:47:31,777] Trial 17 finished with value: 0.21279373368146215 and parameters: {'C': 9.592811316811387}. Best is trial 3 with value: 0.21279373368146215.
[I 2026-03-27 12:47:32,154] Trial 18 finished with value: 0.21596858638743455 and parameters: {'C': 5.7508890591197375}. Best is trial 3 with value: 0.21279373368146215.
[I 2026-03-27 12:47:32,681] Trial 19 finished with value: 0.6036866359447004 and parameters: {'C': 0.5530937827678278}. Best is trial 3 with value: 0.21279373368146215.
[I 2026-03-27 12:47:33,244] Trial 20 finished with value: 0.21986754966887412 and parameters: {'C': 2.835268367010033}. Best is trial 3 with value: 0.21279373368146215.
[I 2026-03-27 12:47:33,674] Trial 21 finished with value: 0.21279373368146215 and parameters: {'C': 9.801013024297902}. Best is trial 3 with value: 0.21279373368146215.
[I 2026-03-27 12:47:34,114] Trial 22 finished with value: 0.21596858638743455 and parameters: {'C': 6.152185535518784}. Best is trial 3 with value: 0.21279373368146215.
[I 2026-03-27 12:47:34,464] Trial 23 finished with value: 0.21596858638743455 and parameters: {'C': 6.914630514867682}. Best is trial 3 with value: 0.21279373368146215.
[I 2026-03-27 12:47:34,945] Trial 24 finished with value: 0.21733420879842413 and parameters: {'C': 3.5050508028870406}. Best is trial 3 with value: 0.21279373368146215.
[I 2026-03-27 12:47:35,381] Trial 25 finished with value: 0.21358589157413455 and parameters: {'C': 9.471402859826304}. Best is trial 3 with value: 0.21279373368146215.
[I 2026-03-27 12:47:35,986] Trial 26 finished with value: 0.2218520986009327 and parameters: {'C': 1.5877578765035447}. Best is trial 3 with value: 0.21279373368146215.
[I 2026-03-27 12:47:36,348] Trial 27 finished with value: 0.21494102228047185 and parameters: {'C': 5.336182381599282}. Best is trial 3 with value: 0.21279373368146215.
[I 2026-03-27 12:47:36,675] Trial 28 finished with value: 0.21517331589274036 and parameters: {'C': 7.306905667397272}. Best is trial 3 with value: 0.21279373368146215.
[I 2026-03-27 12:47:37,184] Trial 29 finished with value: 0.2171052631578947 and parameters: {'C': 3.2604596873916583}. Best is trial 3 with value: 0.21279373368146215.
✅ Optuna a trouvé le meilleur C: 9.26725756615756
🔹 Fold 1: Kernel TrainVal (5000x5000)
💾 Kernel sauvegardé: ./kernel_cache/kernel_trainval_e95404efc3c0b47366bcca1fac4b63c1.npy
🔹 Fold 1: Kernel Test (2000x5000)
💾 Kernel sauvegardé: ./kernel_cache/kernel_test_b364694d6216e2a6bceb31173337d684.npy
🚀 Retraining final SVM with best C: 9.26725756615756...
✅ Result Fold 1: F1=0.7796 AUC=0.8899

🔹 Fold 2: Kernel Train (3333x3333)
💾 Kernel sauvegardé: ./kernel_cache/kernel_train_3b0dd22181d5d04d914bb28d64b05263.npy
🔹 Fold 2: Kernel Val (1667x3333)
💾 Kernel sauvegardé: ./kernel_cache/kernel_val_320df800eb77f61b3af081f0499848c9.npy
🔍 Optimizing C (Optuna)...
[I 2026-03-27 12:49:33,518] A new study created in memory with name: no-name-1b70c017-401f-4dda-b25e-6a799677c86f
[I 2026-03-27 12:49:33,991] Trial 0 finished with value: 0.18855656697009104 and parameters: {'C': 5.4336327469763335}. Best is trial 0 with value: 0.18855656697009104.
[I 2026-03-27 12:49:34,561] Trial 1 finished with value: 1.0 and parameters: {'C': 0.2071294487912051}. Best is trial 0 with value: 0.18855656697009104.
[I 2026-03-27 12:49:35,363] Trial 2 finished with value: 0.20645595158036312 and parameters: {'C': 0.8853105676414785}. Best is trial 0 with value: 0.18855656697009104.
[I 2026-03-27 12:49:36,387] Trial 3 finished with value: 1.0 and parameters: {'C': 0.18382841605297706}. Best is trial 0 with value: 0.18855656697009104.
[I 2026-03-27 12:49:37,705] Trial 4 finished with value: 0.22047781569965874 and parameters: {'C': 0.8159644554286234}. Best is trial 0 with value: 0.18855656697009104.
[I 2026-03-27 12:49:39,066] Trial 5 finished with value: 0.32144272691240583 and parameters: {'C': 0.2887419640827799}. Best is trial 0 with value: 0.18855656697009104.
[I 2026-03-27 12:49:40,164] Trial 6 finished with value: 0.1908196721311476 and parameters: {'C': 1.7610407667698424}. Best is trial 0 with value: 0.18855656697009104.
[I 2026-03-27 12:49:40,725] Trial 7 finished with value: 0.19210526315789478 and parameters: {'C': 1.5970359855233005}. Best is trial 0 with value: 0.18855656697009104.
[I 2026-03-27 12:49:41,241] Trial 8 finished with value: 0.18925998690242307 and parameters: {'C': 1.9387045482534373}. Best is trial 0 with value: 0.18855656697009104.
[I 2026-03-27 12:49:41,730] Trial 9 finished with value: 0.18848167539267013 and parameters: {'C': 2.3431943958885877}. Best is trial 9 with value: 0.18848167539267013.
[I 2026-03-27 12:49:42,106] Trial 10 finished with value: 0.1878238341968912 and parameters: {'C': 7.2089007775813405}. Best is trial 10 with value: 0.1878238341968912.
[I 2026-03-27 12:49:42,465] Trial 11 finished with value: 0.18657198192382185 and parameters: {'C': 8.119360414945472}. Best is trial 11 with value: 0.18657198192382185.
[I 2026-03-27 12:49:42,832] Trial 12 finished with value: 0.18657198192382185 and parameters: {'C': 8.143719251837739}. Best is trial 11 with value: 0.18657198192382185.
[I 2026-03-27 12:49:43,186] Trial 13 finished with value: 0.1858064516129032 and parameters: {'C': 8.857558372706107}. Best is trial 13 with value: 0.1858064516129032.
[I 2026-03-27 12:49:43,626] Trial 14 finished with value: 0.18595578673602076 and parameters: {'C': 3.699117201249741}. Best is trial 13 with value: 0.1858064516129032.
[I 2026-03-27 12:49:44,061] Trial 15 finished with value: 0.18542615484710478 and parameters: {'C': 3.9616283552890232}. Best is trial 15 with value: 0.18542615484710478.
[I 2026-03-27 12:49:44,491] Trial 16 finished with value: 0.1864847303443795 and parameters: {'C': 4.168923138646731}. Best is trial 15 with value: 0.18542615484710478.
[I 2026-03-27 12:49:45,032] Trial 17 finished with value: 0.25548098434004474 and parameters: {'C': 0.4917135342461254}. Best is trial 15 with value: 0.18542615484710478.
[I 2026-03-27 12:49:45,479] Trial 18 finished with value: 0.18595578673602076 and parameters: {'C': 3.685233072127538}. Best is trial 15 with value: 0.18542615484710478.
[I 2026-03-27 12:49:45,942] Trial 19 finished with value: 0.18901242642249838 and parameters: {'C': 2.733093560356965}. Best is trial 15 with value: 0.18542615484710478.
[I 2026-03-27 12:49:46,292] Trial 20 finished with value: 0.18556701030927836 and parameters: {'C': 9.534046398113082}. Best is trial 15 with value: 0.18542615484710478.
[I 2026-03-27 12:49:46,634] Trial 21 finished with value: 0.1858064516129032 and parameters: {'C': 8.953212446384674}. Best is trial 15 with value: 0.18542615484710478.
[I 2026-03-27 12:49:47,012] Trial 22 finished with value: 0.18489583333333337 and parameters: {'C': 4.9541618868836395}. Best is trial 22 with value: 0.18489583333333337.
[I 2026-03-27 12:49:47,382] Trial 23 finished with value: 0.1875 and parameters: {'C': 5.227753946534477}. Best is trial 22 with value: 0.18489583333333337.
[I 2026-03-27 12:49:47,894] Trial 24 finished with value: 0.1970899470899471 and parameters: {'C': 1.2186717743714497}. Best is trial 22 with value: 0.18489583333333337.
[I 2026-03-27 12:49:48,264] Trial 25 finished with value: 0.1867704280155642 and parameters: {'C': 5.587793385629901}. Best is trial 22 with value: 0.18489583333333337.
[I 2026-03-27 12:49:48,686] Trial 26 finished with value: 0.18644067796610164 and parameters: {'C': 3.23507199989161}. Best is trial 22 with value: 0.18489583333333337.
[I 2026-03-27 12:49:49,052] Trial 27 finished with value: 0.18758085381630007 and parameters: {'C': 5.77940510816658}. Best is trial 22 with value: 0.18489583333333337.
[I 2026-03-27 12:49:49,549] Trial 28 finished with value: 0.6673151750972763 and parameters: {'C': 0.529130727827281}. Best is trial 22 with value: 0.18489583333333337.
[I 2026-03-27 12:49:49,928] Trial 29 finished with value: 0.18701298701298696 and parameters: {'C': 5.5317255512698145}. Best is trial 22 with value: 0.18489583333333337.
✅ Optuna a trouvé le meilleur C: 4.9541618868836395
🔹 Fold 2: Kernel TrainVal (5000x5000)
💾 Kernel sauvegardé: ./kernel_cache/kernel_trainval_232e9feaeb47783c9887c90dd270688c.npy
🔹 Fold 2: Kernel Test (2000x5000)
💾 Kernel sauvegardé: ./kernel_cache/kernel_test_e68c6a5becbf405a097f66339f1fbb61.npy
🚀 Retraining final SVM with best C: 4.9541618868836395...
✅ Result Fold 2: F1=0.7716 AUC=0.8859

🔹 Fold 3: Kernel Train (3334x3334)
💾 Kernel sauvegardé: ./kernel_cache/kernel_train_e2a442c3295313755c7e63cf582ea4ab.npy
🔹 Fold 3: Kernel Val (1666x3334)
💾 Kernel sauvegardé: ./kernel_cache/kernel_val_9625f73e2e8b6921b879b700894dbcfc.npy
🔍 Optimizing C (Optuna)...
[I 2026-03-27 12:52:14,451] A new study created in memory with name: no-name-d78666d0-20f3-49b1-b2fe-26600fbe3587
[I 2026-03-27 12:52:14,980] Trial 0 finished with value: 0.23553719008264462 and parameters: {'C': 0.8747792256203583}. Best is trial 0 with value: 0.23553719008264462.
[I 2026-03-27 12:52:15,491] Trial 1 finished with value: 0.7635983263598326 and parameters: {'C': 0.5223962164098588}. Best is trial 0 with value: 0.23553719008264462.
[I 2026-03-27 12:52:15,956] Trial 2 finished with value: 0.23024983119513842 and parameters: {'C': 1.9243915315430877}. Best is trial 2 with value: 0.23024983119513842.
[I 2026-03-27 12:52:16,464] Trial 3 finished with value: 1.0 and parameters: {'C': 0.235428416224488}. Best is trial 2 with value: 0.23024983119513842.
[I 2026-03-27 12:52:16,971] Trial 4 finished with value: 0.32854864433811803 and parameters: {'C': 0.1503222889628133}. Best is trial 2 with value: 0.23024983119513842.
[I 2026-03-27 12:52:17,486] Trial 5 finished with value: 1.0 and parameters: {'C': 0.1714688129578695}. Best is trial 2 with value: 0.23024983119513842.
[I 2026-03-27 12:52:17,902] Trial 6 finished with value: 0.22593582887700536 and parameters: {'C': 3.27886995639477}. Best is trial 6 with value: 0.22593582887700536.
[I 2026-03-27 12:52:18,407] Trial 7 finished with value: 1.0 and parameters: {'C': 0.15227027907577967}. Best is trial 6 with value: 0.22593582887700536.
[I 2026-03-27 12:52:18,763] Trial 8 finished with value: 0.21999999999999997 and parameters: {'C': 6.023550949024631}. Best is trial 8 with value: 0.21999999999999997.
[I 2026-03-27 12:52:19,288] Trial 9 finished with value: 1.0 and parameters: {'C': 0.1688227468343782}. Best is trial 8 with value: 0.21999999999999997.
[I 2026-03-27 12:52:19,628] Trial 10 finished with value: 0.217564870259481 and parameters: {'C': 7.716766129282181}. Best is trial 10 with value: 0.217564870259481.
[I 2026-03-27 12:52:19,956] Trial 11 finished with value: 0.2172757475083057 and parameters: {'C': 9.162876816127444}. Best is trial 11 with value: 0.2172757475083057.
