[I 2026-03-27 12:58:45,349] Trial 29 finished with value: 0.019461077844311392 and parameters: {'C': 6.817412305061144}. Best is trial 23 with value: 0.01845386533665838.
✅ Optuna a trouvé le meilleur C: 9.838953894865822
🔹 Fold 3: Kernel TrainVal (12000x12000)
💾 Kernel sauvegardé: ./kernel_cache/kernel_trainval_f51a4612c30a7cd56f8e6bb9bd30bb87.npy
🔹 Fold 3: Kernel Test (2000x12000)
💾 Kernel sauvegardé: ./kernel_cache/kernel_test_167156186a6f0ff5298e63743603de8e.npy
🚀 Retraining final SVM with best C: 9.838953894865822...
✅ Result Fold 3: F1=0.9845 AUC=0.9970

🏆 Final Average: F1=0.9833, AUC=0.9971
wandb: updating run metadata; uploading artifact run-zr0iq4l9-fold_2confusion_matrix_table-3_aEOA
wandb: uploading artifact run-zr0iq4l9-fold_2confusion_matrix_table-3_aEOA
wandb: uploading history steps 5-6, summary, console lines 133-136
wandb: 
wandb: Run history:
wandb:                     avg/auc ▁
wandb:                      avg/f1 ▁
wandb:               fold_0/best_C ▁
wandb:   fold_0/config/num_streams ▁
wandb:    fold_0/config/state_tile ▁
wandb: fold_0/config/vram_fraction ▁
wandb:             fold_0/test_acc ▁
wandb:             fold_0/test_auc ▁
wandb:              fold_0/test_f1 ▁
wandb:               fold_1/best_C ▁
wandb:                         +13 ...
wandb: 
wandb: Run summary:
wandb:                             avg/auc 0.99709
wandb:                              avg/f1 0.98328
wandb:                       fold_0/best_C 9.8287
wandb:              fold_0/config/autotune True
wandb:         fold_0/config/dynamic_batch False
wandb:           fold_0/config/learn_tiles True
wandb:           fold_0/config/num_streams 2
wandb: fold_0/config/precompute_all_states True
wandb:            fold_0/config/state_tile -1
wandb:       fold_0/config/use_cuda_graphs False
wandb:                                 +28 ...
wandb: 
wandb: 🚀 View run fashion_mnist_qsvm_torch_ryrz_scale0.1 at: https://wandb.ai/dylan-fouepe-university-of-florence/pp_project/runs/zr0iq4l9
wandb: ⭐️ View project at: https://wandb.ai/dylan-fouepe-university-of-florence/pp_project
wandb: Synced 5 W&B file(s), 3 media file(s), 6 artifact file(s) and 0 other file(s)
wandb: Find logs at: ./wandb/run-20260327_124309-zr0iq4l9/logs
10963.99user 117.75system 18:28.64elapsed 999%CPU (0avgtext+0avgdata 29753192maxresident)k
24inputs+12377960outputs (0major+7697759minor)pagefaults 0swaps
