[I 2026-03-27 12:45:11,434] Trial 29 finished with value: 0.01727218582489576 and parameters: {'C': 6.030440358889721}. Best is trial 10 with value: 0.015457788347205681.
✅ Optuna a trouvé le meilleur C: 9.429740331500879
🔹 Fold 3: Kernel TrainVal (5000x5000)
💾 Kernel sauvegardé: ./kernel_cache/kernel_trainval_2349921667efe86508bd1b56ff418c37.npy
🔹 Fold 3: Kernel Test (2000x5000)
💾 Kernel sauvegardé: ./kernel_cache/kernel_test_779f3a37b90b1e40bfc44fe343a215cf.npy
🚀 Retraining final SVM with best C: 9.429740331500879...
✅ Result Fold 3: F1=0.9799 AUC=0.9969

🏆 Final Average: F1=0.9802, AUC=0.9967
wandb: updating run metadata; uploading artifact run-xgypbg1w-fold_2confusion_matrix_table-QTLeTg
wandb: uploading artifact run-xgypbg1w-fold_2confusion_matrix_table-QTLeTg
wandb: uploading media/table/fold_2/confusion_matrix_table_5_77aee957caa17bc167cb.table.json; uploading output.log; uploading wandb-summary.json; uploading config.yaml
wandb: uploading output.log; uploading wandb-summary.json; uploading config.yaml
wandb: uploading history steps 5-6, summary, console lines 133-137
wandb: 
wandb: Run history:
wandb:                     avg/auc ▁
wandb:                      avg/f1 ▁
wandb:               fold_0/best_C ▁
wandb:   fold_0/config/num_streams ▁
wandb:    fold_0/config/state_tile ▁
wandb: fold_0/config/vram_fraction ▁
wandb:             fold_0/test_acc ▁
wandb:             fold_0/test_auc ▁
wandb:              fold_0/test_f1 ▁
wandb:               fold_1/best_C ▁
wandb:                         +13 ...
wandb: 
wandb: Run summary:
wandb:                             avg/auc 0.99673
wandb:                              avg/f1 0.98023
wandb:                       fold_0/best_C 9.81001
wandb:              fold_0/config/autotune True
wandb:         fold_0/config/dynamic_batch False
wandb:           fold_0/config/learn_tiles True
wandb:           fold_0/config/num_streams 2
wandb: fold_0/config/precompute_all_states True
wandb:            fold_0/config/state_tile -1
wandb:       fold_0/config/use_cuda_graphs False
wandb:                                 +28 ...
wandb: 
wandb: 🚀 View run fashion_mnist_qsvm_torch_ryrz_scale0.1 at: https://wandb.ai/dylan-fouepe-university-of-florence/pp_project/runs/xgypbg1w
wandb: ⭐️ View project at: https://wandb.ai/dylan-fouepe-university-of-florence/pp_project
wandb: Synced 5 W&B file(s), 3 media file(s), 6 artifact file(s) and 0 other file(s)
wandb: Find logs at: ./wandb/run-20260327_123957-xgypbg1w/logs
3165.10user 26.87system 6:33.60elapsed 810%CPU (0avgtext+0avgdata 13839672maxresident)k
24inputs+2423528outputs (0major+1165876minor)pagefaults 0swaps
