[I 2026-03-27 12:52:20,277] Trial 12 finished with value: 0.2172757475083057 and parameters: {'C': 9.555315585045635}. Best is trial 11 with value: 0.2172757475083057.
[I 2026-03-27 12:52:20,602] Trial 13 finished with value: 0.21779548472775567 and parameters: {'C': 9.936360557760787}. Best is trial 11 with value: 0.2172757475083057.
[I 2026-03-27 12:52:21,004] Trial 14 finished with value: 0.22348232154769843 and parameters: {'C': 3.78549712471339}. Best is trial 11 with value: 0.2172757475083057.
[I 2026-03-27 12:52:21,461] Trial 15 finished with value: 0.22941970310391357 and parameters: {'C': 1.994629680983515}. Best is trial 11 with value: 0.2172757475083057.
[I 2026-03-27 12:52:21,833] Trial 16 finished with value: 0.2231845436375749 and parameters: {'C': 4.59375638816386}. Best is trial 11 with value: 0.2172757475083057.
[I 2026-03-27 12:52:22,320] Trial 17 finished with value: 0.22961956521739135 and parameters: {'C': 1.3397908826873057}. Best is trial 11 with value: 0.2172757475083057.
[I 2026-03-27 12:52:22,738] Trial 18 finished with value: 0.22572002679169456 and parameters: {'C': 2.7656875548441247}. Best is trial 11 with value: 0.2172757475083057.
[I 2026-03-27 12:52:23,086] Trial 19 finished with value: 0.21999999999999997 and parameters: {'C': 6.012935732618301}. Best is trial 11 with value: 0.2172757475083057.
[I 2026-03-27 12:52:23,588] Trial 20 finished with value: 0.7186544342507646 and parameters: {'C': 0.5366767941169992}. Best is trial 11 with value: 0.2172757475083057.
[I 2026-03-27 12:52:23,914] Trial 21 finished with value: 0.2172757475083057 and parameters: {'C': 9.449005547293464}. Best is trial 11 with value: 0.2172757475083057.
[I 2026-03-27 12:52:24,245] Trial 22 finished with value: 0.2172757475083057 and parameters: {'C': 8.595618488209126}. Best is trial 11 with value: 0.2172757475083057.
[I 2026-03-27 12:52:24,606] Trial 23 finished with value: 0.2221480987324883 and parameters: {'C': 5.44876717063611}. Best is trial 11 with value: 0.2172757475083057.
[I 2026-03-27 12:52:24,935] Trial 24 finished with value: 0.2172757475083057 and parameters: {'C': 9.171547558769156}. Best is trial 11 with value: 0.2172757475083057.
[I 2026-03-27 12:52:25,378] Trial 25 finished with value: 0.22520107238605902 and parameters: {'C': 2.636479154006016}. Best is trial 11 with value: 0.2172757475083057.
[I 2026-03-27 12:52:25,746] Trial 26 finished with value: 0.22266666666666668 and parameters: {'C': 4.569181304319838}. Best is trial 11 with value: 0.2172757475083057.
[I 2026-03-27 12:52:26,130] Trial 27 finished with value: 0.22133333333333338 and parameters: {'C': 5.546678477336305}. Best is trial 11 with value: 0.2172757475083057.
[I 2026-03-27 12:52:26,476] Trial 28 finished with value: 0.21999999999999997 and parameters: {'C': 6.8454057732237255}. Best is trial 11 with value: 0.2172757475083057.
[I 2026-03-27 12:52:26,992] Trial 29 finished with value: 0.23003412969283277 and parameters: {'C': 0.9442938582620538}. Best is trial 11 with value: 0.2172757475083057.
✅ Optuna a trouvé le meilleur C: 9.162876816127444
🔹 Fold 3: Kernel TrainVal (5000x5000)
💾 Kernel sauvegardé: ./kernel_cache/kernel_trainval_37535f3f557a4c9740490cae7fbb86ef.npy
🔹 Fold 3: Kernel Test (2000x5000)
💾 Kernel sauvegardé: ./kernel_cache/kernel_test_360b93188c5f466c4c88a9de419a2482.npy
🚀 Retraining final SVM with best C: 9.162876816127444...
✅ Result Fold 3: F1=0.7801 AUC=0.8899

🏆 Final Average: F1=0.7771, AUC=0.8885
wandb: updating run metadata; uploading artifact run-ja09ki8r-fold_2confusion_matrix_table-kcuo0A
wandb: uploading artifact run-ja09ki8r-fold_2confusion_matrix_table-kcuo0A
wandb: uploading artifact run-ja09ki8r-fold_2confusion_matrix_table-kcuo0A; uploading history steps 5-6, summary, console lines 133-137
wandb: uploading artifact run-ja09ki8r-fold_2confusion_matrix_table-kcuo0A
wandb: uploading media/table/fold_2/confusion_matrix_table_5_16d2c7eaac4e3201af59.table.json; uploading wandb-summary.json; uploading config.yaml
wandb: uploading data
wandb: 
wandb: Run history:
wandb:                     avg/auc ▁
wandb:                      avg/f1 ▁
wandb:               fold_0/best_C ▁
wandb:   fold_0/config/num_streams ▁
wandb:    fold_0/config/state_tile ▁
wandb: fold_0/config/vram_fraction ▁
wandb:             fold_0/test_acc ▁
wandb:             fold_0/test_auc ▁
wandb:              fold_0/test_f1 ▁
wandb:               fold_1/best_C ▁
wandb:                         +13 ...
wandb: 
wandb: Run summary:
wandb:                             avg/auc 0.88853
wandb:                              avg/f1 0.77712
wandb:                       fold_0/best_C 9.26726
wandb:              fold_0/config/autotune True
wandb:         fold_0/config/dynamic_batch False
wandb:           fold_0/config/learn_tiles True
wandb:           fold_0/config/num_streams 2
wandb: fold_0/config/precompute_all_states True
wandb:            fold_0/config/state_tile -1
wandb:       fold_0/config/use_cuda_graphs False
wandb:                                 +28 ...
wandb: 
wandb: 🚀 View run fashion_mnist_qsvm_torch_ryrz_scale0.1 at: https://wandb.ai/dylan-fouepe-university-of-florence/pp_project/runs/ja09ki8r
wandb: ⭐️ View project at: https://wandb.ai/dylan-fouepe-university-of-florence/pp_project
wandb: Synced 5 W&B file(s), 3 media file(s), 6 artifact file(s) and 0 other file(s)
wandb: Find logs at: ./wandb/run-20260327_124636-ja09ki8r/logs
3496.92user 27.46system 7:10.66elapsed 818%CPU (0avgtext+0avgdata 13839256maxresident)k
24inputs+2423568outputs (0major+1099044minor)pagefaults 0swaps
