📂 Loading fashion_mnist...
⚠️ Subset Train: 1000
🚀 Starting 3-Fold CV on None via torch
⚙️  Params: tile=None, angle_scale=0.1, embed=ryrz

🔹 Fold 1: Kernel Train (666x666)
⚡ Cache hit pour train: ./kernel_cache/kernel_train_eeb1bcb8e379970ec3048c19a88cb8a8.npy
🔹 Fold 1: Kernel Val (334x666)
⚡ Cache hit pour val: ./kernel_cache/kernel_val_f5e64ca237cbca8c7c0aacfb07b58a30.npy
🔍 Optimizing C (Optuna) - SKIPPED FOR MANUAL OVERRIDE

⚠️ OVERRIDE : Utilisation manuelle de C=0.45 (Zone optimale identifiée)
🔹 Fold 1: Kernel TrainVal (1000x1000)
⚡ Cache hit pour trainval: ./kernel_cache/kernel_trainval_1d33f936de883739356a563bac51bc66.npy
🔹 Fold 1: Kernel Test (2000x1000)
⚡ Cache hit pour test: ./kernel_cache/kernel_test_d9361ffebaececd148c5d22530dc33d7.npy
🚀 Retraining final SVM with best C: 0.45...
✅ Result Fold 1: F1=0.6667 AUC=0.9891

🔹 Fold 2: Kernel Train (667x667)
⚡ Cache hit pour train: ./kernel_cache/kernel_train_218a4d6675202edb5a3a34a919498b6d.npy
🔹 Fold 2: Kernel Val (333x667)
⚡ Cache hit pour val: ./kernel_cache/kernel_val_ed01e0467fae06ff01a33807d1ef731d.npy
🔍 Optimizing C (Optuna) - SKIPPED FOR MANUAL OVERRIDE

⚠️ OVERRIDE : Utilisation manuelle de C=0.45 (Zone optimale identifiée)
🔹 Fold 2: Kernel TrainVal (1000x1000)
⚡ Cache hit pour trainval: ./kernel_cache/kernel_trainval_7ab25827e1ec9f87d8227ac2b1eb928e.npy
🔹 Fold 2: Kernel Test (2000x1000)
⚡ Cache hit pour test: ./kernel_cache/kernel_test_90c821cca137d35b708104ad39b2359b.npy
🚀 Retraining final SVM with best C: 0.45...
✅ Result Fold 2: F1=0.6667 AUC=0.9891

🔹 Fold 3: Kernel Train (667x667)
⚡ Cache hit pour train: ./kernel_cache/kernel_train_b043c5e9312f679f3ad150c144aec46c.npy
🔹 Fold 3: Kernel Val (333x667)
⚡ Cache hit pour val: ./kernel_cache/kernel_val_ac7368d43091f598b7a6c63a2ecde9ab.npy
🔍 Optimizing C (Optuna) - SKIPPED FOR MANUAL OVERRIDE

⚠️ OVERRIDE : Utilisation manuelle de C=0.45 (Zone optimale identifiée)
🔹 Fold 3: Kernel TrainVal (1000x1000)
⚡ Cache hit pour trainval: ./kernel_cache/kernel_trainval_0a89374a7486bf4e4453b17702c6ee84.npy
🔹 Fold 3: Kernel Test (2000x1000)
⚡ Cache hit pour test: ./kernel_cache/kernel_test_83063eac5bd4b384ea2af7e6e070b968.npy
🚀 Retraining final SVM with best C: 0.45...
✅ Result Fold 3: F1=0.6667 AUC=0.9893

🏆 Final Average: F1=0.6667, AUC=0.9892
📂 Loading fashion_mnist...
⚠️ Subset Train: 1000
🚀 Starting 3-Fold CV on None via torch
⚙️  Params: tile=None, angle_scale=0.1, embed=ryrz

🔹 Fold 1: Kernel Train (666x666)
💾 Kernel sauvegardé: ./kernel_cache/kernel_train_eeb1bcb8e379970ec3048c19a88cb8a8.npy
🔹 Fold 1: Kernel Val (334x666)
💾 Kernel sauvegardé: ./kernel_cache/kernel_val_f5e64ca237cbca8c7c0aacfb07b58a30.npy
🔍 Optimizing C (Optuna)...
✅ Optuna a trouvé le meilleur C: 9.36266902451381
🔹 Fold 1: Kernel TrainVal (1000x1000)
💾 Kernel sauvegardé: ./kernel_cache/kernel_trainval_1d33f936de883739356a563bac51bc66.npy
🔹 Fold 1: Kernel Test (2000x1000)
💾 Kernel sauvegardé: ./kernel_cache/kernel_test_d9361ffebaececd148c5d22530dc33d7.npy
🚀 Retraining final SVM with best C: 9.36266902451381...
✅ Result Fold 1: F1=0.9609 AUC=0.9929

🔹 Fold 2: Kernel Train (667x667)
💾 Kernel sauvegardé: ./kernel_cache/kernel_train_218a4d6675202edb5a3a34a919498b6d.npy
🔹 Fold 2: Kernel Val (333x667)
💾 Kernel sauvegardé: ./kernel_cache/kernel_val_ed01e0467fae06ff01a33807d1ef731d.npy
🔍 Optimizing C (Optuna)...
✅ Optuna a trouvé le meilleur C: 6.095610435996455
🔹 Fold 2: Kernel TrainVal (1000x1000)
💾 Kernel sauvegardé: ./kernel_cache/kernel_trainval_7ab25827e1ec9f87d8227ac2b1eb928e.npy
🔹 Fold 2: Kernel Test (2000x1000)
💾 Kernel sauvegardé: ./kernel_cache/kernel_test_90c821cca137d35b708104ad39b2359b.npy
🚀 Retraining final SVM with best C: 6.095610435996455...
✅ Result Fold 2: F1=0.9678 AUC=0.9947

🔹 Fold 3: Kernel Train (667x667)
💾 Kernel sauvegardé: ./kernel_cache/kernel_train_b043c5e9312f679f3ad150c144aec46c.npy
🔹 Fold 3: Kernel Val (333x667)
💾 Kernel sauvegardé: ./kernel_cache/kernel_val_ac7368d43091f598b7a6c63a2ecde9ab.npy
🔍 Optimizing C (Optuna)...
✅ Optuna a trouvé le meilleur C: 3.9733610112130755
🔹 Fold 3: Kernel TrainVal (1000x1000)
💾 Kernel sauvegardé: ./kernel_cache/kernel_trainval_0a89374a7486bf4e4453b17702c6ee84.npy
🔹 Fold 3: Kernel Test (2000x1000)
💾 Kernel sauvegardé: ./kernel_cache/kernel_test_83063eac5bd4b384ea2af7e6e070b968.npy
🚀 Retraining final SVM with best C: 3.9733610112130755...
✅ Result Fold 3: F1=0.9586 AUC=0.9924

🏆 Final Average: F1=0.9625, AUC=0.9934
 📂 Loading fashion_mnist...
⚠️ Subset Train: 1000
🚀 Starting 3-Fold CV on None via torch
⚙️  Params: tile=None, angle_scale=0.1, embed=ryrz

🔹 Fold 1: Kernel Train (666x666)
💾 Kernel sauvegardé: ./kernel_cache/kernel_train_6268b334ee84403c6dd9ae0610aec2d6.npy
🔹 Fold 1: Kernel Val (334x666)
💾 Kernel sauvegardé: ./kernel_cache/kernel_val_bdd2c19af5d35cfd2318ca357ce52fa3.npy
🔍 Optimizing C (Optuna)...
✅ Optuna a trouvé le meilleur C: 4.523316090356395
🔹 Fold 1: Kernel TrainVal (1000x1000)
💾 Kernel sauvegardé: ./kernel_cache/kernel_trainval_b5e078f4800ed008063b642b5ed8ebf2.npy
🔹 Fold 1: Kernel Test (2000x1000)
💾 Kernel sauvegardé: ./kernel_cache/kernel_test_30a2093dc607299267801f3fc7e0d86f.npy
🚀 Retraining final SVM with best C: 4.523316090356395...
✅ Result Fold 1: F1=0.7696 AUC=0.8784

🔹 Fold 2: Kernel Train (667x667)
💾 Kernel sauvegardé: ./kernel_cache/kernel_train_e11c8c59b11673ee1216d8e94c36fb1e.npy
🔹 Fold 2: Kernel Val (333x667)
💾 Kernel sauvegardé: ./kernel_cache/kernel_val_dcbe146470fd285d48c0162a4748165e.npy
🔍 Optimizing C (Optuna)...
✅ Optuna a trouvé le meilleur C: 9.829516039924743
🔹 Fold 2: Kernel TrainVal (1000x1000)
💾 Kernel sauvegardé: ./kernel_cache/kernel_trainval_941fb561c5a1a064fc1043a6cfd2ae7c.npy
🔹 Fold 2: Kernel Test (2000x1000)
💾 Kernel sauvegardé: ./kernel_cache/kernel_test_ee2c151ef5e4aa0643b752d68edc1769.npy
🚀 Retraining final SVM with best C: 9.829516039924743...
✅ Result Fold 2: F1=0.7697 AUC=0.8786

🔹 Fold 3: Kernel Train (667x667)
💾 Kernel sauvegardé: ./kernel_cache/kernel_train_791948169ddacc2497f3b6cc7e47ff6b.npy
🔹 Fold 3: Kernel Val (333x667)
💾 Kernel sauvegardé: ./kernel_cache/kernel_val_47708d1358372077b5caf46bae369e7b.npy
🔍 Optimizing C (Optuna)...
✅ Optuna a trouvé le meilleur C: 9.45268910192453
🔹 Fold 3: Kernel TrainVal (1000x1000)
💾 Kernel sauvegardé: ./kernel_cache/kernel_trainval_d506869768ba4679e3e106b8b5ca1666.npy
🔹 Fold 3: Kernel Test (2000x1000)
💾 Kernel sauvegardé: ./kernel_cache/kernel_test_b6ed848df7a836574888c9df285c2102.npy
🚀 Retraining final SVM with best C: 9.45268910192453...
✅ Result Fold 3: F1=0.7738 AUC=0.8776

🏆 Final Average: F1=0.7710, AUC=0.8782
wandb: [wandb.login()] Loaded credentials for https://api.wandb.ai from /root/.netrc.
wandb: Currently logged in as: dylan-fouepe (dylan-fouepe-university-of-florence) to https://api.wandb.ai. Use `wandb login --relogin` to force relogin
wandb: setting up run qwwfpsm0
wandb: Tracking run with wandb version 0.25.1
wandb: Run data is saved locally in /app/ProjectWorkParallelProgramming/wandb/run-20260327_124134-qwwfpsm0
wandb: Run `wandb offline` to turn off syncing.
wandb: Syncing run fashion_mnist_qsvm_torch_ryrz_scale0.1
wandb: ⭐️ View project at https://wandb.ai/dylan-fouepe-university-of-florence/pp_project
wandb: 🚀 View run at https://wandb.ai/dylan-fouepe-university-of-florence/pp_project/runs/qwwfpsm0
📂 Loading fashion_mnist...
⚠️ Subset Train: 1000
Extracting:   0%|          | 0/4 [00:00<?, ?it/s]Extracting:  25%|██▌       | 1/4 [00:00<00:00,  8.24it/s]                                                         Extracting:   0%|          | 0/8 [00:00<?, ?it/s]Extracting:  12%|█▎        | 1/8 [00:00<00:00,  7.46it/s]Extracting:  88%|████████▊ | 7/8 [00:00<00:00, 33.85it/s]                                                         🚀 Starting 3-Fold CV on None via torch
⚙️  Params: tile=None, angle_scale=0.1, embed=ryrz

🔹 Fold 1: Kernel Train (666x666)
💾 Kernel sauvegardé: ./kernel_cache/kernel_train_6268b334ee84403c6dd9ae0610aec2d6.npy
🔹 Fold 1: Kernel Val (334x666)
💾 Kernel sauvegardé: ./kernel_cache/kernel_val_bdd2c19af5d35cfd2318ca357ce52fa3.npy
🔍 Optimizing C (Optuna)...
[I 2026-03-27 12:41:48,388] A new study created in memory with name: no-name-7c30dc06-73a1-4022-9095-8b1a89a87df9
[I 2026-03-27 12:41:48,421] Trial 0 finished with value: 1.0 and parameters: {'C': 0.3994117933145079}. Best is trial 0 with value: 1.0.
[I 2026-03-27 12:41:48,438] Trial 1 finished with value: 0.3413654618473896 and parameters: {'C': 1.965859589849427}. Best is trial 1 with value: 0.3413654618473896.
[I 2026-03-27 12:41:48,455] Trial 2 finished with value: 0.3413654618473896 and parameters: {'C': 0.992897278733952}. Best is trial 1 with value: 0.3413654618473896.
[I 2026-03-27 12:41:48,471] Trial 3 finished with value: 0.3413654618473896 and parameters: {'C': 0.345988783088276}. Best is trial 1 with value: 0.3413654618473896.
[I 2026-03-27 12:41:48,487] Trial 4 finished with value: 0.19999999999999996 and parameters: {'C': 5.778779574944973}. Best is trial 4 with value: 0.19999999999999996.
[I 2026-03-27 12:41:48,503] Trial 5 finished with value: 0.3413654618473896 and parameters: {'C': 0.14088379250421595}. Best is trial 4 with value: 0.19999999999999996.
[I 2026-03-27 12:41:48,519] Trial 6 finished with value: 0.3413654618473896 and parameters: {'C': 0.1255323959268155}. Best is trial 4 with value: 0.19999999999999996.
[I 2026-03-27 12:41:48,535] Trial 7 finished with value: 1.0 and parameters: {'C': 0.4021755505211171}. Best is trial 4 with value: 0.19999999999999996.
[I 2026-03-27 12:41:48,551] Trial 8 finished with value: 0.3413654618473896 and parameters: {'C': 0.2691349991684974}. Best is trial 4 with value: 0.19999999999999996.
[I 2026-03-27 12:41:48,567] Trial 9 finished with value: 0.3413654618473896 and parameters: {'C': 1.0165746831704872}. Best is trial 4 with value: 0.19999999999999996.
[I 2026-03-27 12:41:48,583] Trial 10 finished with value: 0.21052631578947367 and parameters: {'C': 9.662850435836997}. Best is trial 4 with value: 0.19999999999999996.
[I 2026-03-27 12:41:48,599] Trial 11 finished with value: 0.21052631578947367 and parameters: {'C': 8.337204735185317}. Best is trial 4 with value: 0.19999999999999996.
[I 2026-03-27 12:41:48,615] Trial 12 finished with value: 0.21052631578947367 and parameters: {'C': 9.96309704537496}. Best is trial 4 with value: 0.19999999999999996.
[I 2026-03-27 12:41:48,631] Trial 13 finished with value: 0.19594594594594594 and parameters: {'C': 4.366837316305245}. Best is trial 13 with value: 0.19594594594594594.
[I 2026-03-27 12:41:48,648] Trial 14 finished with value: 0.21379310344827585 and parameters: {'C': 3.747222170817727}. Best is trial 13 with value: 0.19594594594594594.
[I 2026-03-27 12:41:48,664] Trial 15 finished with value: 0.20408163265306123 and parameters: {'C': 4.26326468380695}. Best is trial 13 with value: 0.19594594594594594.
[I 2026-03-27 12:41:48,680] Trial 16 finished with value: 0.2565055762081785 and parameters: {'C': 3.4042739753382656}. Best is trial 13 with value: 0.19594594594594594.
[I 2026-03-27 12:41:48,696] Trial 17 finished with value: 1.0 and parameters: {'C': 1.5754674336986914}. Best is trial 13 with value: 0.19594594594594594.
[I 2026-03-27 12:41:48,712] Trial 18 finished with value: 0.19999999999999996 and parameters: {'C': 5.602979106349505}. Best is trial 13 with value: 0.19594594594594594.
[I 2026-03-27 12:41:48,728] Trial 19 finished with value: 0.33870967741935487 and parameters: {'C': 2.0418169746121486}. Best is trial 13 with value: 0.19594594594594594.
[I 2026-03-27 12:41:48,744] Trial 20 finished with value: 0.21052631578947367 and parameters: {'C': 5.473641483022976}. Best is trial 13 with value: 0.19594594594594594.
[I 2026-03-27 12:41:48,760] Trial 21 finished with value: 0.19999999999999996 and parameters: {'C': 5.77627460026172}. Best is trial 13 with value: 0.19594594594594594.
[I 2026-03-27 12:41:48,776] Trial 22 finished with value: 0.27203065134099613 and parameters: {'C': 3.302253404768677}. Best is trial 13 with value: 0.19594594594594594.
[I 2026-03-27 12:41:48,792] Trial 23 finished with value: 0.20792079207920788 and parameters: {'C': 6.334705418519784}. Best is trial 13 with value: 0.19594594594594594.
[I 2026-03-27 12:41:48,808] Trial 24 finished with value: 0.2535885167464115 and parameters: {'C': 2.603103410398712}. Best is trial 13 with value: 0.19594594594594594.
[I 2026-03-27 12:41:48,824] Trial 25 finished with value: 1.0 and parameters: {'C': 1.0587621240083291}. Best is trial 13 with value: 0.19594594594594594.
[I 2026-03-27 12:41:48,840] Trial 26 finished with value: 0.21052631578947367 and parameters: {'C': 6.416768688188998}. Best is trial 13 with value: 0.19594594594594594.
[I 2026-03-27 12:41:48,857] Trial 27 finished with value: 1.0 and parameters: {'C': 0.6646681451493114}. Best is trial 13 with value: 0.19594594594594594.
[I 2026-03-27 12:41:48,873] Trial 28 finished with value: 0.6237623762376238 and parameters: {'C': 2.5873879887672664}. Best is trial 13 with value: 0.19594594594594594.
[I 2026-03-27 12:41:48,890] Trial 29 finished with value: 0.19463087248322153 and parameters: {'C': 4.715128918542832}. Best is trial 29 with value: 0.19463087248322153.
✅ Optuna a trouvé le meilleur C: 4.715128918542832
🔹 Fold 1: Kernel TrainVal (1000x1000)
💾 Kernel sauvegardé: ./kernel_cache/kernel_trainval_b5e078f4800ed008063b642b5ed8ebf2.npy
🔹 Fold 1: Kernel Test (2000x1000)
💾 Kernel sauvegardé: ./kernel_cache/kernel_test_30a2093dc607299267801f3fc7e0d86f.npy
🚀 Retraining final SVM with best C: 4.715128918542832...
✅ Result Fold 1: F1=0.7691 AUC=0.8779

🔹 Fold 2: Kernel Train (667x667)
💾 Kernel sauvegardé: ./kernel_cache/kernel_train_e11c8c59b11673ee1216d8e94c36fb1e.npy
🔹 Fold 2: Kernel Val (333x667)
💾 Kernel sauvegardé: ./kernel_cache/kernel_val_dcbe146470fd285d48c0162a4748165e.npy
🔍 Optimizing C (Optuna)...
[I 2026-03-27 12:42:20,560] A new study created in memory with name: no-name-7de68593-b518-4127-b834-f19fd3b62728
[I 2026-03-27 12:42:20,588] Trial 0 finished with value: 1.0 and parameters: {'C': 1.2100984150043599}. Best is trial 0 with value: 1.0.
[I 2026-03-27 12:42:20,630] Trial 1 finished with value: 0.3266932270916335 and parameters: {'C': 0.14308098907656155}. Best is trial 1 with value: 0.3266932270916335.
[I 2026-03-27 12:42:20,673] Trial 2 finished with value: 1.0 and parameters: {'C': 0.10175429576500925}. Best is trial 1 with value: 0.3266932270916335.
[I 2026-03-27 12:42:20,716] Trial 3 finished with value: 0.22112211221122113 and parameters: {'C': 8.736665392863431}. Best is trial 3 with value: 0.22112211221122113.
[I 2026-03-27 12:42:20,764] Trial 4 finished with value: 0.3266932270916335 and parameters: {'C': 0.8969871731564522}. Best is trial 3 with value: 0.22112211221122113.
[I 2026-03-27 12:42:20,805] Trial 5 finished with value: 0.2616487455197133 and parameters: {'C': 3.410020915237641}. Best is trial 3 with value: 0.22112211221122113.
[I 2026-03-27 12:42:20,832] Trial 6 finished with value: 0.23333333333333328 and parameters: {'C': 6.319666019957438}. Best is trial 3 with value: 0.22112211221122113.
[I 2026-03-27 12:42:20,854] Trial 7 finished with value: 1.0 and parameters: {'C': 0.6081918206268536}. Best is trial 3 with value: 0.22112211221122113.
[I 2026-03-27 12:42:20,882] Trial 8 finished with value: 1.0 and parameters: {'C': 0.5866447969064374}. Best is trial 3 with value: 0.22112211221122113.
[I 2026-03-27 12:42:20,925] Trial 9 finished with value: 0.23333333333333328 and parameters: {'C': 5.609206664742781}. Best is trial 3 with value: 0.22112211221122113.
[I 2026-03-27 12:42:20,972] Trial 10 finished with value: 0.8469945355191257 and parameters: {'C': 2.3192034890132827}. Best is trial 3 with value: 0.22112211221122113.
[I 2026-03-27 12:42:21,015] Trial 11 finished with value: 0.22112211221122113 and parameters: {'C': 8.635785876316154}. Best is trial 3 with value: 0.22112211221122113.
[I 2026-03-27 12:42:21,059] Trial 12 finished with value: 0.22112211221122113 and parameters: {'C': 8.78070541517989}. Best is trial 3 with value: 0.22112211221122113.
[I 2026-03-27 12:42:21,102] Trial 13 finished with value: 0.21568627450980393 and parameters: {'C': 9.694155418136152}. Best is trial 13 with value: 0.21568627450980393.
[I 2026-03-27 12:42:21,145] Trial 14 finished with value: 0.3705179282868526 and parameters: {'C': 2.9265720121096757}. Best is trial 13 with value: 0.21568627450980393.
[I 2026-03-27 12:42:21,196] Trial 15 finished with value: 1.0 and parameters: {'C': 0.2898944414930654}. Best is trial 13 with value: 0.21568627450980393.
[I 2026-03-27 12:42:21,250] Trial 16 finished with value: 0.9882352941176471 and parameters: {'C': 1.9112387978704073}. Best is trial 13 with value: 0.21568627450980393.
[I 2026-03-27 12:42:21,292] Trial 17 finished with value: 0.24489795918367352 and parameters: {'C': 4.798056239644898}. Best is trial 13 with value: 0.21568627450980393.
[I 2026-03-27 12:42:21,317] Trial 18 finished with value: 0.21967213114754103 and parameters: {'C': 9.25701364291296}. Best is trial 13 with value: 0.21568627450980393.
[I 2026-03-27 12:42:21,339] Trial 19 finished with value: 0.2465753424657534 and parameters: {'C': 4.015068084875497}. Best is trial 13 with value: 0.21568627450980393.
[I 2026-03-27 12:42:21,360] Trial 20 finished with value: 1.0 and parameters: {'C': 1.6852232176278288}. Best is trial 13 with value: 0.21568627450980393.
[I 2026-03-27 12:42:21,381] Trial 21 finished with value: 0.21568627450980393 and parameters: {'C': 9.816834219332119}. Best is trial 13 with value: 0.21568627450980393.
[I 2026-03-27 12:42:21,402] Trial 22 finished with value: 0.21967213114754103 and parameters: {'C': 9.238351223765315}. Best is trial 13 with value: 0.21568627450980393.
[I 2026-03-27 12:42:21,424] Trial 23 finished with value: 0.22923588039867104 and parameters: {'C': 6.021261483705828}. Best is trial 13 with value: 0.21568627450980393.
[I 2026-03-27 12:42:21,452] Trial 24 finished with value: 0.2364864864864865 and parameters: {'C': 4.5194301706563325}. Best is trial 13 with value: 0.21568627450980393.
[I 2026-03-27 12:42:21,481] Trial 25 finished with value: 0.23333333333333328 and parameters: {'C': 6.283580748050583}. Best is trial 13 with value: 0.21568627450980393.
[I 2026-03-27 12:42:21,502] Trial 26 finished with value: 0.21568627450980393 and parameters: {'C': 9.921571452302489}. Best is trial 13 with value: 0.21568627450980393.
[I 2026-03-27 12:42:21,523] Trial 27 finished with value: 0.19999999999999996 and parameters: {'C': 2.954552378463787}. Best is trial 27 with value: 0.19999999999999996.
[I 2026-03-27 12:42:21,545] Trial 28 finished with value: 0.33333333333333337 and parameters: {'C': 3.0741977407195704}. Best is trial 27 with value: 0.19999999999999996.
[I 2026-03-27 12:42:21,566] Trial 29 finished with value: 0.8571428571428572 and parameters: {'C': 2.3078870896341117}. Best is trial 27 with value: 0.19999999999999996.
✅ Optuna a trouvé le meilleur C: 2.954552378463787
🔹 Fold 2: Kernel TrainVal (1000x1000)
💾 Kernel sauvegardé: ./kernel_cache/kernel_trainval_941fb561c5a1a064fc1043a6cfd2ae7c.npy
🔹 Fold 2: Kernel Test (2000x1000)
💾 Kernel sauvegardé: ./kernel_cache/kernel_test_ee2c151ef5e4aa0643b752d68edc1769.npy
🚀 Retraining final SVM with best C: 2.954552378463787...
✅ Result Fold 2: F1=0.7649 AUC=0.8850

🔹 Fold 3: Kernel Train (667x667)
💾 Kernel sauvegardé: ./kernel_cache/kernel_train_791948169ddacc2497f3b6cc7e47ff6b.npy
🔹 Fold 3: Kernel Val (333x667)
💾 Kernel sauvegardé: ./kernel_cache/kernel_val_47708d1358372077b5caf46bae369e7b.npy
🔍 Optimizing C (Optuna)...
[I 2026-03-27 12:42:54,609] A new study created in memory with name: no-name-a4bb40ce-d4d5-4ec2-9743-4540554582bd
[I 2026-03-27 12:42:54,643] Trial 0 finished with value: 1.0 and parameters: {'C': 1.1491159721256508}. Best is trial 0 with value: 1.0.
[I 2026-03-27 12:42:54,660] Trial 1 finished with value: 1.0 and parameters: {'C': 0.14551295988002957}. Best is trial 0 with value: 1.0.
[I 2026-03-27 12:42:54,676] Trial 2 finished with value: 1.0 and parameters: {'C': 0.31469020983665397}. Best is trial 0 with value: 1.0.
[I 2026-03-27 12:42:54,693] Trial 3 finished with value: 1.0 and parameters: {'C': 0.17519183040215836}. Best is trial 0 with value: 1.0.
[I 2026-03-27 12:42:54,709] Trial 4 finished with value: 1.0 and parameters: {'C': 1.2569462200906354}. Best is trial 0 with value: 1.0.
[I 2026-03-27 12:42:54,724] Trial 5 finished with value: 1.0 and parameters: {'C': 0.5330128960024176}. Best is trial 0 with value: 1.0.
[I 2026-03-27 12:42:54,740] Trial 6 finished with value: 1.0 and parameters: {'C': 0.9232494656418012}. Best is trial 0 with value: 1.0.
[I 2026-03-27 12:42:54,755] Trial 7 finished with value: 0.2435897435897436 and parameters: {'C': 8.315099997124486}. Best is trial 7 with value: 0.2435897435897436.
[I 2026-03-27 12:42:54,771] Trial 8 finished with value: 1.0 and parameters: {'C': 0.10586388603537751}. Best is trial 7 with value: 0.2435897435897436.
[I 2026-03-27 12:42:54,786] Trial 9 finished with value: 1.0 and parameters: {'C': 0.31155575771649374}. Best is trial 7 with value: 0.2435897435897436.
[I 2026-03-27 12:42:54,803] Trial 10 finished with value: 0.2435897435897436 and parameters: {'C': 8.765427174120818}. Best is trial 7 with value: 0.2435897435897436.
[I 2026-03-27 12:42:54,824] Trial 11 finished with value: 0.2435897435897436 and parameters: {'C': 8.378587166264419}. Best is trial 7 with value: 0.2435897435897436.
[I 2026-03-27 12:42:54,844] Trial 12 finished with value: 0.2411575562700965 and parameters: {'C': 9.89447244593708}. Best is trial 12 with value: 0.2411575562700965.
[I 2026-03-27 12:42:54,864] Trial 13 finished with value: 0.27574750830564787 and parameters: {'C': 3.606368918508355}. Best is trial 12 with value: 0.2411575562700965.
[I 2026-03-27 12:42:54,883] Trial 14 finished with value: 0.2540192926045016 and parameters: {'C': 4.664758887570553}. Best is trial 12 with value: 0.2411575562700965.
