 📂 Loading fashion_mnist...
⚠️ Subset Train: 400
🚀 Starting 3-Fold CV on None via torch
⚙️  Params: tile=None, angle_scale=0.1, embed=ryrz

🔹 Fold 1: Kernel Train (266x266)
💾 Kernel sauvegardé: ./kernel_cache/kernel_train_65cda0c27a515414963671c05a8df57b.npy
🔹 Fold 1: Kernel Val (134x266)
💾 Kernel sauvegardé: ./kernel_cache/kernel_val_1e1b0c7c869154a392cfe94570a2d09e.npy
🔍 Optimizing C (Optuna)...
✅ Optuna a trouvé le meilleur C: 9.896815106707471
🔹 Fold 1: Kernel TrainVal (400x400)
💾 Kernel sauvegardé: ./kernel_cache/kernel_trainval_bd8d1821ee8c801aae01d8a6b6e9ad8e.npy
🔹 Fold 1: Kernel Test (2000x400)
💾 Kernel sauvegardé: ./kernel_cache/kernel_test_44ed2ef391e8da7e86764a7cf691577e.npy
🚀 Retraining final SVM with best C: 9.896815106707471...
✅ Result Fold 1: F1=0.9698 AUC=0.9961

🔹 Fold 2: Kernel Train (267x267)
💾 Kernel sauvegardé: ./kernel_cache/kernel_train_e452791f0e761ea06dddafa4a6daf36c.npy
🔹 Fold 2: Kernel Val (133x267)
💾 Kernel sauvegardé: ./kernel_cache/kernel_val_eff8831953eb27061f0e389c8306842e.npy
🔍 Optimizing C (Optuna)...
✅ Optuna a trouvé le meilleur C: 4.661729463286883
🔹 Fold 2: Kernel TrainVal (400x400)
💾 Kernel sauvegardé: ./kernel_cache/kernel_trainval_d7f98c240efb85c853e1875b5e0d7534.npy
🔹 Fold 2: Kernel Test (2000x400)
💾 Kernel sauvegardé: ./kernel_cache/kernel_test_186b02c5f796d11cc8845de5517ca126.npy
🚀 Retraining final SVM with best C: 4.661729463286883...
✅ Result Fold 2: F1=0.9544 AUC=0.9951

🔹 Fold 3: Kernel Train (267x267)
💾 Kernel sauvegardé: ./kernel_cache/kernel_train_520aec5599df9a6d4dddba86b5fac119.npy
🔹 Fold 3: Kernel Val (133x267)
💾 Kernel sauvegardé: ./kernel_cache/kernel_val_ddd939caeaf8619d643f0ceada3631c5.npy
🔍 Optimizing C (Optuna)...
✅ Optuna a trouvé le meilleur C: 9.166367353071914
🔹 Fold 3: Kernel TrainVal (400x400)
💾 Kernel sauvegardé: ./kernel_cache/kernel_trainval_5d7c379ed7ae3f40bf71837c7d8629db.npy
🔹 Fold 3: Kernel Test (2000x400)
💾 Kernel sauvegardé: ./kernel_cache/kernel_test_9d4bb37707c3288841252fb8a09e7949.npy
🚀 Retraining final SVM with best C: 9.166367353071914...
✅ Result Fold 3: F1=0.9642 AUC=0.9958

🏆 Final Average: F1=0.9628, AUC=0.9957
wandb: [wandb.login()] Loaded credentials for https://api.wandb.ai from /root/.netrc.
wandb: Currently logged in as: dylan-fouepe (dylan-fouepe-university-of-florence) to https://api.wandb.ai. Use `wandb login --relogin` to force relogin
wandb: setting up run 3tvep8vv
wandb: Tracking run with wandb version 0.25.1
wandb: Run data is saved locally in /app/ProjectWorkParallelProgramming/wandb/run-20260327_123749-3tvep8vv
wandb: Run `wandb offline` to turn off syncing.
wandb: Syncing run fashion_mnist_qsvm_torch_ryrz_scale0.1
wandb: ⭐️ View project at https://wandb.ai/dylan-fouepe-university-of-florence/pp_project
wandb: 🚀 View run at https://wandb.ai/dylan-fouepe-university-of-florence/pp_project/runs/3tvep8vv
📂 Loading fashion_mnist...
⚠️ Subset Train: 400
Extracting:   0%|          | 0/2 [00:00<?, ?it/s]Extracting:  50%|█████     | 1/2 [00:00<00:00,  9.63it/s]                                                         Extracting:   0%|          | 0/8 [00:00<?, ?it/s]Extracting:  12%|█▎        | 1/8 [00:00<00:00,  7.86it/s]Extracting:  88%|████████▊ | 7/8 [00:00<00:00, 34.38it/s]                                                         🚀 Starting 3-Fold CV on None via torch
⚙️  Params: tile=None, angle_scale=0.1, embed=ryrz

🔹 Fold 1: Kernel Train (266x266)
⚡ Cache hit pour train: ./kernel_cache/kernel_train_65cda0c27a515414963671c05a8df57b.npy
🔹 Fold 1: Kernel Val (134x266)
⚡ Cache hit pour val: ./kernel_cache/kernel_val_1e1b0c7c869154a392cfe94570a2d09e.npy
🔍 Optimizing C (Optuna)...
[I 2026-03-27 12:37:52,158] A new study created in memory with name: no-name-83b7f84d-2fa3-4157-b2e8-974d3cb065df
[I 2026-03-27 12:37:52,174] Trial 0 finished with value: 0.0535714285714286 and parameters: {'C': 6.445169310912389}. Best is trial 0 with value: 0.0535714285714286.
[I 2026-03-27 12:37:52,182] Trial 1 finished with value: 0.3886010362694301 and parameters: {'C': 1.1957198793324681}. Best is trial 0 with value: 0.0535714285714286.
[I 2026-03-27 12:37:52,191] Trial 2 finished with value: 0.3886010362694301 and parameters: {'C': 1.3665080703922012}. Best is trial 0 with value: 0.0535714285714286.
[I 2026-03-27 12:37:52,199] Trial 3 finished with value: 1.0 and parameters: {'C': 1.1773951902657114}. Best is trial 0 with value: 0.0535714285714286.
[I 2026-03-27 12:37:52,208] Trial 4 finished with value: 1.0 and parameters: {'C': 1.8824340450696508}. Best is trial 0 with value: 0.0535714285714286.
[I 2026-03-27 12:37:52,213] Trial 5 finished with value: 0.3886010362694301 and parameters: {'C': 0.34600237069347256}. Best is trial 0 with value: 0.0535714285714286.
[I 2026-03-27 12:37:52,218] Trial 6 finished with value: 1.0 and parameters: {'C': 0.388097430997348}. Best is trial 0 with value: 0.0535714285714286.
[I 2026-03-27 12:37:52,224] Trial 7 finished with value: 0.3886010362694301 and parameters: {'C': 2.2947498272812146}. Best is trial 0 with value: 0.0535714285714286.
[I 2026-03-27 12:37:52,229] Trial 8 finished with value: 0.388235294117647 and parameters: {'C': 3.713833614217533}. Best is trial 0 with value: 0.0535714285714286.
[I 2026-03-27 12:37:52,234] Trial 9 finished with value: 0.3886010362694301 and parameters: {'C': 2.4956415900310094}. Best is trial 0 with value: 0.0535714285714286.
[I 2026-03-27 12:37:52,241] Trial 10 finished with value: 0.04424778761061943 and parameters: {'C': 9.924255291884462}. Best is trial 10 with value: 0.04424778761061943.
[I 2026-03-27 12:37:52,247] Trial 11 finished with value: 0.04424778761061943 and parameters: {'C': 9.473525347015935}. Best is trial 10 with value: 0.04424778761061943.
[I 2026-03-27 12:37:52,253] Trial 12 finished with value: 0.04424778761061943 and parameters: {'C': 9.862122571758167}. Best is trial 10 with value: 0.04424778761061943.
[I 2026-03-27 12:37:52,259] Trial 13 finished with value: 1.0 and parameters: {'C': 0.10962262990793747}. Best is trial 10 with value: 0.04424778761061943.
[I 2026-03-27 12:37:52,264] Trial 14 finished with value: 0.051724137931034475 and parameters: {'C': 5.266159283228622}. Best is trial 10 with value: 0.04424778761061943.
[I 2026-03-27 12:37:52,270] Trial 15 finished with value: 0.04424778761061943 and parameters: {'C': 9.987934383697386}. Best is trial 10 with value: 0.04424778761061943.
[I 2026-03-27 12:37:52,276] Trial 16 finished with value: 1.0 and parameters: {'C': 0.5646340708819071}. Best is trial 10 with value: 0.04424778761061943.
[I 2026-03-27 12:37:52,282] Trial 17 finished with value: 0.12121212121212122 and parameters: {'C': 4.162292198579523}. Best is trial 10 with value: 0.04424778761061943.
[I 2026-03-27 12:37:52,288] Trial 18 finished with value: 0.0535714285714286 and parameters: {'C': 6.833662664442739}. Best is trial 10 with value: 0.04424778761061943.
[I 2026-03-27 12:37:52,294] Trial 19 finished with value: 0.3886010362694301 and parameters: {'C': 0.10816944707845874}. Best is trial 10 with value: 0.04424778761061943.
[I 2026-03-27 12:37:52,300] Trial 20 finished with value: 0.37209302325581395 and parameters: {'C': 3.7829154402683973}. Best is trial 10 with value: 0.04424778761061943.
[I 2026-03-27 12:37:52,306] Trial 21 finished with value: 0.04424778761061943 and parameters: {'C': 9.336574347362678}. Best is trial 10 with value: 0.04424778761061943.
[I 2026-03-27 12:37:52,311] Trial 22 finished with value: 0.04424778761061943 and parameters: {'C': 9.746556255039511}. Best is trial 10 with value: 0.04424778761061943.
[I 2026-03-27 12:37:52,317] Trial 23 finished with value: 0.0535714285714286 and parameters: {'C': 6.091747380403465}. Best is trial 10 with value: 0.04424778761061943.
[I 2026-03-27 12:37:52,323] Trial 24 finished with value: 0.36898395721925137 and parameters: {'C': 3.122090544612701}. Best is trial 10 with value: 0.04424778761061943.
[I 2026-03-27 12:37:52,329] Trial 25 finished with value: 0.0535714285714286 and parameters: {'C': 7.055329014495417}. Best is trial 10 with value: 0.04424778761061943.
[I 2026-03-27 12:37:52,335] Trial 26 finished with value: 0.06779661016949157 and parameters: {'C': 4.892439073777922}. Best is trial 10 with value: 0.04424778761061943.
[I 2026-03-27 12:37:52,341] Trial 27 finished with value: 1.0 and parameters: {'C': 0.8008885176725623}. Best is trial 10 with value: 0.04424778761061943.
[I 2026-03-27 12:37:52,347] Trial 28 finished with value: 0.0535714285714286 and parameters: {'C': 7.877559063481485}. Best is trial 10 with value: 0.04424778761061943.
[I 2026-03-27 12:37:52,353] Trial 29 finished with value: 0.04347826086956519 and parameters: {'C': 5.446933433744027}. Best is trial 29 with value: 0.04347826086956519.
✅ Optuna a trouvé le meilleur C: 5.446933433744027
🔹 Fold 1: Kernel TrainVal (400x400)
⚡ Cache hit pour trainval: ./kernel_cache/kernel_trainval_bd8d1821ee8c801aae01d8a6b6e9ad8e.npy
🔹 Fold 1: Kernel Test (2000x400)
⚡ Cache hit pour test: ./kernel_cache/kernel_test_44ed2ef391e8da7e86764a7cf691577e.npy
🚀 Retraining final SVM with best C: 5.446933433744027...
✅ Result Fold 1: F1=0.9676 AUC=0.9959

🔹 Fold 2: Kernel Train (267x267)
⚡ Cache hit pour train: ./kernel_cache/kernel_train_e452791f0e761ea06dddafa4a6daf36c.npy
🔹 Fold 2: Kernel Val (133x267)
⚡ Cache hit pour val: ./kernel_cache/kernel_val_eff8831953eb27061f0e389c8306842e.npy
🔍 Optimizing C (Optuna)...
[I 2026-03-27 12:37:53,832] A new study created in memory with name: no-name-f4fccfb5-6365-496f-ade1-05e7b7b7d217
[I 2026-03-27 12:37:53,843] Trial 0 finished with value: 0.2727272727272727 and parameters: {'C': 0.2588897540007879}. Best is trial 0 with value: 0.2727272727272727.
[I 2026-03-27 12:37:53,854] Trial 1 finished with value: 1.0 and parameters: {'C': 1.2167401819570185}. Best is trial 0 with value: 0.2727272727272727.
[I 2026-03-27 12:37:53,866] Trial 2 finished with value: 0.1648351648351648 and parameters: {'C': 3.5673816570910692}. Best is trial 2 with value: 0.1648351648351648.
[I 2026-03-27 12:37:53,872] Trial 3 finished with value: 1.0 and parameters: {'C': 0.23724517490466795}. Best is trial 2 with value: 0.1648351648351648.
[I 2026-03-27 12:37:53,878] Trial 4 finished with value: 0.2727272727272727 and parameters: {'C': 1.467121662121257}. Best is trial 2 with value: 0.1648351648351648.
[I 2026-03-27 12:37:53,883] Trial 5 finished with value: 0.2727272727272727 and parameters: {'C': 0.3829884826745756}. Best is trial 2 with value: 0.1648351648351648.
[I 2026-03-27 12:37:53,888] Trial 6 finished with value: 1.0 and parameters: {'C': 0.19890272360846206}. Best is trial 2 with value: 0.1648351648351648.
[I 2026-03-27 12:37:53,893] Trial 7 finished with value: 0.027027027027026973 and parameters: {'C': 4.997990278121486}. Best is trial 7 with value: 0.027027027027026973.
[I 2026-03-27 12:37:53,898] Trial 8 finished with value: 1.0 and parameters: {'C': 0.3338541911249055}. Best is trial 7 with value: 0.027027027027026973.
[I 2026-03-27 12:37:53,904] Trial 9 finished with value: 0.04109589041095896 and parameters: {'C': 7.809655743995188}. Best is trial 7 with value: 0.027027027027026973.
[I 2026-03-27 12:37:53,910] Trial 10 finished with value: 0.04109589041095896 and parameters: {'C': 9.901422131955162}. Best is trial 7 with value: 0.027027027027026973.
[I 2026-03-27 12:37:53,916] Trial 11 finished with value: 0.04109589041095896 and parameters: {'C': 8.55652699853141}. Best is trial 7 with value: 0.027027027027026973.
[I 2026-03-27 12:37:53,921] Trial 12 finished with value: 0.15555555555555556 and parameters: {'C': 3.6180406032595664}. Best is trial 7 with value: 0.027027027027026973.
[I 2026-03-27 12:37:53,927] Trial 13 finished with value: 0.15083798882681565 and parameters: {'C': 3.640467557576054}. Best is trial 7 with value: 0.027027027027026973.
[I 2026-03-27 12:37:53,933] Trial 14 finished with value: 0.07042253521126762 and parameters: {'C': 5.378341204310337}. Best is trial 7 with value: 0.027027027027026973.
[I 2026-03-27 12:37:53,939] Trial 15 finished with value: 0.2727272727272727 and parameters: {'C': 2.090393172690012}. Best is trial 7 with value: 0.027027027027026973.
[I 2026-03-27 12:37:53,945] Trial 16 finished with value: 0.2727272727272727 and parameters: {'C': 0.8319812049988494}. Best is trial 7 with value: 0.027027027027026973.
[I 2026-03-27 12:37:53,950] Trial 17 finished with value: 1.0 and parameters: {'C': 0.11492856553521476}. Best is trial 7 with value: 0.027027027027026973.
[I 2026-03-27 12:37:53,956] Trial 18 finished with value: 0.2727272727272727 and parameters: {'C': 0.7003900635587125}. Best is trial 7 with value: 0.027027027027026973.
[I 2026-03-27 12:37:53,962] Trial 19 finished with value: 0.04109589041095896 and parameters: {'C': 6.512071104546282}. Best is trial 7 with value: 0.027027027027026973.
[I 2026-03-27 12:37:53,968] Trial 20 finished with value: 0.04109589041095896 and parameters: {'C': 2.4740189033646067}. Best is trial 7 with value: 0.027027027027026973.
[I 2026-03-27 12:37:53,974] Trial 21 finished with value: 0.04109589041095896 and parameters: {'C': 9.964490333672634}. Best is trial 7 with value: 0.027027027027026973.
[I 2026-03-27 12:37:53,979] Trial 22 finished with value: 0.05555555555555558 and parameters: {'C': 5.7350601740471685}. Best is trial 7 with value: 0.027027027027026973.
[I 2026-03-27 12:37:53,985] Trial 23 finished with value: 0.04109589041095896 and parameters: {'C': 9.983595485933813}. Best is trial 7 with value: 0.027027027027026973.
[I 2026-03-27 12:37:53,991] Trial 24 finished with value: 0.027027027027026973 and parameters: {'C': 4.952729160694793}. Best is trial 7 with value: 0.027027027027026973.
[I 2026-03-27 12:37:53,997] Trial 25 finished with value: 0.2727272727272727 and parameters: {'C': 2.5743670889498316}. Best is trial 7 with value: 0.027027027027026973.
[I 2026-03-27 12:37:54,003] Trial 26 finished with value: 0.02631578947368418 and parameters: {'C': 4.421313332475702}. Best is trial 26 with value: 0.02631578947368418.
[I 2026-03-27 12:37:54,009] Trial 27 finished with value: 0.027027027027026973 and parameters: {'C': 5.122399768887747}. Best is trial 26 with value: 0.02631578947368418.
[I 2026-03-27 12:37:54,015] Trial 28 finished with value: 1.0 and parameters: {'C': 1.5643634836894624}. Best is trial 26 with value: 0.02631578947368418.
[I 2026-03-27 12:37:54,021] Trial 29 finished with value: 0.05063291139240511 and parameters: {'C': 4.2165798289793575}. Best is trial 26 with value: 0.02631578947368418.
✅ Optuna a trouvé le meilleur C: 4.421313332475702
🔹 Fold 2: Kernel TrainVal (400x400)
⚡ Cache hit pour trainval: ./kernel_cache/kernel_trainval_d7f98c240efb85c853e1875b5e0d7534.npy
🔹 Fold 2: Kernel Test (2000x400)
⚡ Cache hit pour test: ./kernel_cache/kernel_test_186b02c5f796d11cc8845de5517ca126.npy
🚀 Retraining final SVM with best C: 4.421313332475702...
✅ Result Fold 2: F1=0.9527 AUC=0.9951

🔹 Fold 3: Kernel Train (267x267)
⚡ Cache hit pour train: ./kernel_cache/kernel_train_520aec5599df9a6d4dddba86b5fac119.npy
🔹 Fold 3: Kernel Val (133x267)
⚡ Cache hit pour val: ./kernel_cache/kernel_val_ddd939caeaf8619d643f0ceada3631c5.npy
🔍 Optimizing C (Optuna)...
[I 2026-03-27 12:37:54,380] A new study created in memory with name: no-name-80aeb065-591e-4c93-b66f-7eb2744bf3ce
[I 2026-03-27 12:37:54,386] Trial 0 finished with value: 1.0 and parameters: {'C': 0.3503789183931956}. Best is trial 0 with value: 1.0.
[I 2026-03-27 12:37:54,391] Trial 1 finished with value: 0.32999999999999996 and parameters: {'C': 0.6436423602543104}. Best is trial 1 with value: 0.32999999999999996.
[I 2026-03-27 12:37:54,397] Trial 2 finished with value: 1.0 and parameters: {'C': 0.27531141334698356}. Best is trial 1 with value: 0.32999999999999996.
[I 2026-03-27 12:37:54,402] Trial 3 finished with value: 1.0 and parameters: {'C': 0.8686209074529568}. Best is trial 1 with value: 0.32999999999999996.
[I 2026-03-27 12:37:54,407] Trial 4 finished with value: 1.0 and parameters: {'C': 0.3612072880063983}. Best is trial 1 with value: 0.32999999999999996.
[I 2026-03-27 12:37:54,413] Trial 5 finished with value: 0.03076923076923077 and parameters: {'C': 9.29957726101839}. Best is trial 5 with value: 0.03076923076923077.
[I 2026-03-27 12:37:54,418] Trial 6 finished with value: 1.0 and parameters: {'C': 0.19067181277157533}. Best is trial 5 with value: 0.03076923076923077.
[I 2026-03-27 12:37:54,422] Trial 7 finished with value: 0.32999999999999996 and parameters: {'C': 0.9083907437769646}. Best is trial 5 with value: 0.03076923076923077.
[I 2026-03-27 12:37:54,428] Trial 8 finished with value: 0.7402597402597403 and parameters: {'C': 3.220455335308447}. Best is trial 5 with value: 0.03076923076923077.
[I 2026-03-27 12:37:54,433] Trial 9 finished with value: 0.675 and parameters: {'C': 3.323260255739978}. Best is trial 5 with value: 0.03076923076923077.
[I 2026-03-27 12:37:54,439] Trial 10 finished with value: 0.03076923076923077 and parameters: {'C': 9.008169523781344}. Best is trial 5 with value: 0.03076923076923077.
[I 2026-03-27 12:37:54,445] Trial 11 finished with value: 0.03076923076923077 and parameters: {'C': 8.329359496157684}. Best is trial 5 with value: 0.03076923076923077.
[I 2026-03-27 12:37:54,451] Trial 12 finished with value: 0.03076923076923077 and parameters: {'C': 8.97106535009296}. Best is trial 5 with value: 0.03076923076923077.
[I 2026-03-27 12:37:54,457] Trial 13 finished with value: 1.0 and parameters: {'C': 2.806821526766928}. Best is trial 5 with value: 0.03076923076923077.
[I 2026-03-27 12:37:54,463] Trial 14 finished with value: 0.08064516129032262 and parameters: {'C': 5.398233504519114}. Best is trial 5 with value: 0.03076923076923077.
[I 2026-03-27 12:37:54,469] Trial 15 finished with value: 1.0 and parameters: {'C': 1.7844500558068912}. Best is trial 5 with value: 0.03076923076923077.
[I 2026-03-27 12:37:54,475] Trial 16 finished with value: 0.08064516129032262 and parameters: {'C': 5.316108384111763}. Best is trial 5 with value: 0.03076923076923077.
[I 2026-03-27 12:37:54,481] Trial 17 finished with value: 1.0 and parameters: {'C': 1.633653230252879}. Best is trial 5 with value: 0.03076923076923077.
[I 2026-03-27 12:37:54,487] Trial 18 finished with value: 0.03076923076923077 and parameters: {'C': 5.499692977212507}. Best is trial 5 with value: 0.03076923076923077.
[I 2026-03-27 12:37:54,493] Trial 19 finished with value: 1.0 and parameters: {'C': 0.10274441987926904}. Best is trial 5 with value: 0.03076923076923077.
[I 2026-03-27 12:37:54,499] Trial 20 finished with value: 0.03076923076923077 and parameters: {'C': 9.05690577195529}. Best is trial 5 with value: 0.03076923076923077.
[I 2026-03-27 12:37:54,505] Trial 21 finished with value: 0.03076923076923077 and parameters: {'C': 9.752705208170198}. Best is trial 5 with value: 0.03076923076923077.
[I 2026-03-27 12:37:54,511] Trial 22 finished with value: 0.046875 and parameters: {'C': 5.849837331271448}. Best is trial 5 with value: 0.03076923076923077.
[I 2026-03-27 12:37:54,516] Trial 23 finished with value: 1.0 and parameters: {'C': 2.0852127079496516}. Best is trial 5 with value: 0.03076923076923077.
[I 2026-03-27 12:37:54,522] Trial 24 finished with value: 0.03875968992248058 and parameters: {'C': 6.86529282377702}. Best is trial 5 with value: 0.03076923076923077.
[I 2026-03-27 12:37:54,529] Trial 25 finished with value: 0.2761904761904762 and parameters: {'C': 3.9818706503353742}. Best is trial 5 with value: 0.03076923076923077.
[I 2026-03-27 12:37:54,536] Trial 26 finished with value: 0.07801418439716312 and parameters: {'C': 4.309598594075886}. Best is trial 5 with value: 0.03076923076923077.
[I 2026-03-27 12:37:54,542] Trial 27 finished with value: 0.03875968992248058 and parameters: {'C': 7.384860404800419}. Best is trial 5 with value: 0.03076923076923077.
[I 2026-03-27 12:37:54,548] Trial 28 finished with value: 0.32999999999999996 and parameters: {'C': 2.4989725044873006}. Best is trial 5 with value: 0.03076923076923077.
