[I 2026-03-27 12:14:55,238] Trial 29 finished with value: 1.0 and parameters: {'C': 0.257659576411997}. Best is trial 0 with value: 0.32999999999999996.
✅ Optuna a trouvé le meilleur C: 6.19821351788318
🔹 Fold 3: Kernel TrainVal (400x400)
⚡ Cache hit pour trainval: ./kernel_cache/kernel_trainval_b32b3c3be546b518965ce5cf8d1abffd.npy
🔹 Fold 3: Kernel Test (2000x400)
⚡ Cache hit pour test: ./kernel_cache/kernel_test_b228b2532e7ba8c6a6a1b996bedf62c3.npy
🚀 Retraining final SVM with best C: 6.19821351788318...
✅ Result Fold 3: F1=0.6667 AUC=0.5000

🏆 Final Average: F1=0.4444, AUC=0.4987
wandb: uploading artifact run-pbwwww6l-fold_1confusion_matrix_table-gs0IuA; uploading artifact run-pbwwww6l-fold_2confusion_matrix_table-2tOhkA; updating run metadata
wandb: uploading artifact run-pbwwww6l-fold_1confusion_matrix_table-gs0IuA; uploading artifact run-pbwwww6l-fold_2confusion_matrix_table-2tOhkA
wandb: uploading artifact run-pbwwww6l-fold_2confusion_matrix_table-2tOhkA
wandb: uploading output.log; uploading wandb-summary.json; uploading config.yaml; uploading media/table/fold_2/confusion_matrix_table_5_179c889c6c5ffcd7215b.table.json
wandb: uploading history steps 0-6, summary, console lines 1-197
wandb: 
wandb: Run history:
wandb:                     avg/auc ▁
wandb:                      avg/f1 ▁
wandb:               fold_0/best_C ▁
wandb:   fold_0/config/num_streams ▁
wandb:    fold_0/config/state_tile ▁
wandb: fold_0/config/vram_fraction ▁
wandb:             fold_0/test_acc ▁
wandb:             fold_0/test_auc ▁
wandb:              fold_0/test_f1 ▁
wandb:               fold_1/best_C ▁
wandb:                         +13 ...
wandb: 
wandb: Run summary:
wandb:                             avg/auc 0.49869
wandb:                              avg/f1 0.44444
wandb:                       fold_0/best_C 0.68958
wandb:              fold_0/config/autotune True
wandb:         fold_0/config/dynamic_batch False
wandb:           fold_0/config/learn_tiles True
wandb:           fold_0/config/num_streams 2
wandb: fold_0/config/precompute_all_states True
wandb:            fold_0/config/state_tile -1
wandb:       fold_0/config/use_cuda_graphs False
wandb:                                 +28 ...
wandb: 
wandb: 🚀 View run fashion_mnist_qsvm_cuda_states_ryrz_scale0.1 at: https://wandb.ai/dylan-fouepe-university-of-florence/pp_project/runs/pbwwww6l
wandb: ⭐️ View project at: https://wandb.ai/dylan-fouepe-university-of-florence/pp_project
wandb: Synced 5 W&B file(s), 3 media file(s), 6 artifact file(s) and 0 other file(s)
wandb: Find logs at: ./wandb/run-20260327_121449-pbwwww6l/logs
32.79user 2.41system 0:16.00elapsed 220%CPU (0avgtext+0avgdata 1184464maxresident)k
8936inputs+688outputs (0major+436377minor)pagefaults 0swaps
wandb: [wandb.login()] Loaded credentials for https://api.wandb.ai from /root/.netrc.
wandb: Currently logged in as: dylan-fouepe (dylan-fouepe-university-of-florence) to https://api.wandb.ai. Use `wandb login --relogin` to force relogin
wandb: setting up run el18cngt
wandb: Tracking run with wandb version 0.25.1
wandb: Run data is saved locally in /app/ProjectWorkParallelProgramming/wandb/run-20260327_124753-el18cngt
wandb: Run `wandb offline` to turn off syncing.
wandb: Syncing run fashion_mnist_qsvm_cuda_states_ryrz_scale0.1
wandb: ⭐️ View project at https://wandb.ai/dylan-fouepe-university-of-florence/pp_project
wandb: 🚀 View run at https://wandb.ai/dylan-fouepe-university-of-florence/pp_project/runs/el18cngt
📂 Loading fashion_mnist...
⚠️ Subset Train: 400
Extracting:   0%|          | 0/2 [00:00<?, ?it/s]                                                 Extracting:   0%|          | 0/8 [00:00<?, ?it/s]Extracting:  12%|█▎        | 1/8 [00:00<00:00,  8.81it/s]Extracting:  88%|████████▊ | 7/8 [00:00<00:00, 34.12it/s]                                                         🚀 Starting 3-Fold CV on None via cuda_states
⚙️  Params: tile=-1, angle_scale=0.1, embed=ryrz

🔹 Fold 1: Kernel Train (266x266)
📊 Auto-sized state_tile=32768 (using 95% VRAM)
⚠️ Using conservative tiles for 16 qubits: M=16, N=16, K=16
🧠 Learned kernel tiles: M=32, N=16, K=64
🌊 Stream pool initialized with 2 streams
📊 Estimated VRAM: states=0.3GB, kernel=0.0GB, total=0.3GB
⚡ Bulk precomputing 266 + 266 states...
