[I 2026-03-27 12:28:43,929] Trial 29 finished with value: 0.21035058430717868 and parameters: {'C': 9.94106015776482}. Best is trial 11 with value: 0.21002785515320332.
✅ Optuna a trouvé le meilleur C: 9.690467087405839
🔹 Fold 3: Kernel TrainVal (12000x12000)
💾 Kernel sauvegardé: ./kernel_cache/kernel_trainval_0d46a51180bb78ce24e5f54e8f8f4591.npy
🔹 Fold 3: Kernel Test (2000x12000)
💾 Kernel sauvegardé: ./kernel_cache/kernel_test_5ec95822eacfee4fe331f4a022c978eb.npy
🚀 Retraining final SVM with best C: 9.690467087405839...
✅ Result Fold 3: F1=0.7906 AUC=0.8940

🏆 Final Average: F1=0.7904, AUC=0.8944
wandb: updating run metadata; uploading artifact run-0eayaf3n-fold_2confusion_matrix_table-97fjmg
wandb: uploading artifact run-0eayaf3n-fold_2confusion_matrix_table-97fjmg
wandb: uploading media/table/fold_2/confusion_matrix_table_5_2d8daadd9b184eac26cd.table.json; uploading output.log; uploading wandb-summary.json; uploading config.yaml
wandb: 
wandb: Run history:
wandb:                     avg/auc ▁
wandb:                      avg/f1 ▁
wandb:               fold_0/best_C ▁
wandb:   fold_0/config/num_streams ▁
wandb:    fold_0/config/state_tile ▁
wandb: fold_0/config/vram_fraction ▁
wandb:             fold_0/test_acc ▁
wandb:             fold_0/test_auc ▁
wandb:              fold_0/test_f1 ▁
wandb:               fold_1/best_C ▁
wandb:                         +13 ...
wandb: 
wandb: Run summary:
wandb:                             avg/auc 0.89442
wandb:                              avg/f1 0.79043
wandb:                       fold_0/best_C 9.71835
wandb:              fold_0/config/autotune True
wandb:         fold_0/config/dynamic_batch False
wandb:           fold_0/config/learn_tiles True
wandb:           fold_0/config/num_streams 2
wandb: fold_0/config/precompute_all_states True
wandb:            fold_0/config/state_tile -1
wandb:       fold_0/config/use_cuda_graphs False
wandb:                                 +28 ...
wandb: 
wandb: 🚀 View run fashion_mnist_qsvm_torch_ryrz_scale0.1 at: https://wandb.ai/dylan-fouepe-university-of-florence/pp_project/runs/0eayaf3n
wandb: ⭐️ View project at: https://wandb.ai/dylan-fouepe-university-of-florence/pp_project
wandb: Synced 5 W&B file(s), 3 media file(s), 6 artifact file(s) and 0 other file(s)
wandb: Find logs at: ./wandb/run-20260327_121328-0eayaf3n/logs
10236.28user 115.09system 18:00.49elapsed 958%CPU (0avgtext+0avgdata 29789112maxresident)k
24inputs+12378096outputs (0major+6782418minor)pagefaults 0swaps
