[I 2026-03-27 12:40:34,952] Trial 29 finished with value: 1.0 and parameters: {'C': 0.554524231073284}. Best is trial 7 with value: 0.02893890675241162.
✅ Optuna a trouvé le meilleur C: 8.690646312546196
🔹 Fold 3: Kernel TrainVal (1000x1000)
💾 Kernel sauvegardé: ./kernel_cache/kernel_trainval_1771a22e7fabc59e193e0e87b3222a06.npy
🔹 Fold 3: Kernel Test (2000x1000)
💾 Kernel sauvegardé: ./kernel_cache/kernel_test_97b75a5761fc2c5b9d300c139f1dfa61.npy
🚀 Retraining final SVM with best C: 8.690646312546196...
✅ Result Fold 3: F1=0.9722 AUC=0.9963

🏆 Final Average: F1=0.9679, AUC=0.9957
wandb: updating run metadata; uploading artifact run-wt8j1a9w-fold_2confusion_matrix_table-NOD92g
wandb: uploading artifact run-wt8j1a9w-fold_2confusion_matrix_table-NOD92g
wandb: uploading media/table/fold_2/confusion_matrix_table_5_232d0c5ae2ff0f79c1ca.table.json; uploading output.log; uploading wandb-summary.json; uploading config.yaml
wandb: uploading history steps 5-6, summary, console lines 133-137
wandb: 
wandb: Run history:
wandb:                     avg/auc ▁
wandb:                      avg/f1 ▁
wandb:               fold_0/best_C ▁
wandb:   fold_0/config/num_streams ▁
wandb:    fold_0/config/state_tile ▁
wandb: fold_0/config/vram_fraction ▁
wandb:             fold_0/test_acc ▁
wandb:             fold_0/test_auc ▁
wandb:              fold_0/test_f1 ▁
wandb:               fold_1/best_C ▁
wandb:                         +13 ...
wandb: 
wandb: Run summary:
wandb:                             avg/auc 0.99569
wandb:                              avg/f1 0.96786
wandb:                       fold_0/best_C 2.7982
wandb:              fold_0/config/autotune True
wandb:         fold_0/config/dynamic_batch False
wandb:           fold_0/config/learn_tiles True
wandb:           fold_0/config/num_streams 2
wandb: fold_0/config/precompute_all_states True
wandb:            fold_0/config/state_tile -1
wandb:       fold_0/config/use_cuda_graphs False
wandb:                                 +28 ...
wandb: 
wandb: 🚀 View run fashion_mnist_qsvm_torch_ryrz_scale0.1 at: https://wandb.ai/dylan-fouepe-university-of-florence/pp_project/runs/wt8j1a9w
wandb: ⭐️ View project at: https://wandb.ai/dylan-fouepe-university-of-florence/pp_project
wandb: Synced 5 W&B file(s), 3 media file(s), 6 artifact file(s) and 0 other file(s)
wandb: Find logs at: ./wandb/run-20260327_123919-wt8j1a9w/logs
822.05user 8.81system 1:44.18elapsed 797%CPU (0avgtext+0avgdata 5293028maxresident)k
24inputs+172992outputs (0major+612081minor)pagefaults 0swaps
