[I 2026-03-27 12:42:10,123] Trial 25 finished with value: 0.018226002430133614 and parameters: {'C': 7.022265060898126}. Best is trial 10 with value: 0.01703163017031628.
[I 2026-03-27 12:42:10,215] Trial 26 finished with value: 0.028290282902828978 and parameters: {'C': 1.9795445938122156}. Best is trial 10 with value: 0.01703163017031628.
[I 2026-03-27 12:42:10,281] Trial 27 finished with value: 0.023199023199023228 and parameters: {'C': 3.8594152341452874}. Best is trial 10 with value: 0.01703163017031628.
[I 2026-03-27 12:42:10,341] Trial 28 finished with value: 0.020706455542021884 and parameters: {'C': 5.698217416034584}. Best is trial 10 with value: 0.01703163017031628.
[I 2026-03-27 12:42:10,455] Trial 29 finished with value: 1.0 and parameters: {'C': 0.10072680196131825}. Best is trial 10 with value: 0.01703163017031628.
✅ Optuna a trouvé le meilleur C: 8.158250446599919
🔹 Fold 3: Kernel TrainVal (2500x2500)
💾 Kernel sauvegardé: ./kernel_cache/kernel_trainval_5f0964ebc2222182fb22e22a1352dd44.npy
🔹 Fold 3: Kernel Test (2000x2500)
💾 Kernel sauvegardé: ./kernel_cache/kernel_test_c0ff39ed6a08cf63479c18574498b017.npy
🚀 Retraining final SVM with best C: 8.158250446599919...
✅ Result Fold 3: F1=0.9758 AUC=0.9962

🏆 Final Average: F1=0.9761, AUC=0.9962
wandb: updating run metadata; uploading artifact run-libwgwmx-fold_2confusion_matrix_table--3b3MQ
wandb: uploading artifact run-libwgwmx-fold_2confusion_matrix_table--3b3MQ
wandb: uploading wandb-summary.json; uploading config.yaml; uploading media/table/fold_2/confusion_matrix_table_5_dbdd608503d1ea5102aa.table.json; uploading output.log
wandb: uploading history steps 5-6, summary, console lines 133-137
wandb: 
wandb: Run history:
wandb:                     avg/auc ▁
wandb:                      avg/f1 ▁
wandb:               fold_0/best_C ▁
wandb:   fold_0/config/num_streams ▁
wandb:    fold_0/config/state_tile ▁
wandb: fold_0/config/vram_fraction ▁
wandb:             fold_0/test_acc ▁
wandb:             fold_0/test_auc ▁
wandb:              fold_0/test_f1 ▁
wandb:               fold_1/best_C ▁
wandb:                         +13 ...
wandb: 
wandb: Run summary:
wandb:                             avg/auc 0.99624
wandb:                              avg/f1 0.97613
wandb:                       fold_0/best_C 8.32926
wandb:              fold_0/config/autotune True
wandb:         fold_0/config/dynamic_batch False
wandb:           fold_0/config/learn_tiles True
wandb:           fold_0/config/num_streams 2
wandb: fold_0/config/precompute_all_states True
wandb:            fold_0/config/state_tile -1
wandb:       fold_0/config/use_cuda_graphs False
wandb:                                 +28 ...
wandb: 
wandb: 🚀 View run fashion_mnist_qsvm_torch_ryrz_scale0.1 at: https://wandb.ai/dylan-fouepe-university-of-florence/pp_project/runs/libwgwmx
wandb: ⭐️ View project at: https://wandb.ai/dylan-fouepe-university-of-florence/pp_project
wandb: Synced 5 W&B file(s), 3 media file(s), 6 artifact file(s) and 0 other file(s)
wandb: Find logs at: ./wandb/run-20260327_123939-libwgwmx/logs
1358.11user 13.62system 3:17.23elapsed 695%CPU (0avgtext+0avgdata 8454168maxresident)k
24inputs+723952outputs (0major+677880minor)pagefaults 0swaps
