 📂 Loading fashion_mnist...
⚠️ Subset Train: 1000
🚀 Starting 3-Fold CV on None via torch
⚙️  Params: tile=None, angle_scale=0.1, embed=ryrz

🔹 Fold 1: Kernel Train (666x666)
💾 Kernel sauvegardé: ./kernel_cache/kernel_train_45f27e27c28fa4d68ccb207a49745d62.npy
🔹 Fold 1: Kernel Val (334x666)
💾 Kernel sauvegardé: ./kernel_cache/kernel_val_aa2f1d07ee99b2ab3675fdeef17d9fcd.npy
🔍 Optimizing C (Optuna)...
✅ Optuna a trouvé le meilleur C: 2.095619406237219
🔹 Fold 1: Kernel TrainVal (1000x1000)
💾 Kernel sauvegardé: ./kernel_cache/kernel_trainval_3d60fa939844e6feee65444816819f01.npy
🔹 Fold 1: Kernel Test (2000x1000)
💾 Kernel sauvegardé: ./kernel_cache/kernel_test_dab2ff58b557e057497f04b864ee5065.npy
🚀 Retraining final SVM with best C: 2.095619406237219...
✅ Result Fold 1: F1=0.9539 AUC=0.9947

🔹 Fold 2: Kernel Train (667x667)
💾 Kernel sauvegardé: ./kernel_cache/kernel_train_25d2ed2b61fded04e056895d793c5ac9.npy
🔹 Fold 2: Kernel Val (333x667)
💾 Kernel sauvegardé: ./kernel_cache/kernel_val_df10716e4818cce6bf8eaf37252df9ac.npy
🔍 Optimizing C (Optuna)...
✅ Optuna a trouvé le meilleur C: 9.587862907502682
🔹 Fold 2: Kernel TrainVal (1000x1000)
💾 Kernel sauvegardé: ./kernel_cache/kernel_trainval_9e597ddbcd5916edb076945d6d2f632b.npy
🔹 Fold 2: Kernel Test (2000x1000)
💾 Kernel sauvegardé: ./kernel_cache/kernel_test_7381b4457bba7ddbbe4bc06ee9deae5e.npy
🚀 Retraining final SVM with best C: 9.587862907502682...
✅ Result Fold 2: F1=0.9720 AUC=0.9961

🔹 Fold 3: Kernel Train (667x667)
💾 Kernel sauvegardé: ./kernel_cache/kernel_train_efeb9d3043f16c37c281eeb716e58609.npy
🔹 Fold 3: Kernel Val (333x667)
💾 Kernel sauvegardé: ./kernel_cache/kernel_val_e2471d72ab9f68980e43cc4bce4cbed3.npy
🔍 Optimizing C (Optuna)...
✅ Optuna a trouvé le meilleur C: 9.620721488950357
🔹 Fold 3: Kernel TrainVal (1000x1000)
💾 Kernel sauvegardé: ./kernel_cache/kernel_trainval_1771a22e7fabc59e193e0e87b3222a06.npy
🔹 Fold 3: Kernel Test (2000x1000)
💾 Kernel sauvegardé: ./kernel_cache/kernel_test_97b75a5761fc2c5b9d300c139f1dfa61.npy
🚀 Retraining final SVM with best C: 9.620721488950357...
✅ Result Fold 3: F1=0.9737 AUC=0.9965

🏆 Final Average: F1=0.9665, AUC=0.9957
wandb: [wandb.login()] Loaded credentials for https://api.wandb.ai from /root/.netrc.
wandb: Currently logged in as: dylan-fouepe (dylan-fouepe-university-of-florence) to https://api.wandb.ai. Use `wandb login --relogin` to force relogin
wandb: setting up run wt8j1a9w
wandb: Tracking run with wandb version 0.25.1
wandb: Run data is saved locally in /app/ProjectWorkParallelProgramming/wandb/run-20260327_123919-wt8j1a9w
wandb: Run `wandb offline` to turn off syncing.
wandb: Syncing run fashion_mnist_qsvm_torch_ryrz_scale0.1
wandb: ⭐️ View project at https://wandb.ai/dylan-fouepe-university-of-florence/pp_project
wandb: 🚀 View run at https://wandb.ai/dylan-fouepe-university-of-florence/pp_project/runs/wt8j1a9w
📂 Loading fashion_mnist...
⚠️ Subset Train: 1000
Extracting:   0%|          | 0/4 [00:00<?, ?it/s]Extracting:  25%|██▌       | 1/4 [00:00<00:00,  9.17it/s]                                                         Extracting:   0%|          | 0/8 [00:00<?, ?it/s]Extracting:  12%|█▎        | 1/8 [00:00<00:00,  8.82it/s]Extracting:  88%|████████▊ | 7/8 [00:00<00:00, 35.36it/s]                                                         🚀 Starting 3-Fold CV on None via torch
⚙️  Params: tile=None, angle_scale=0.1, embed=ryrz

🔹 Fold 1: Kernel Train (666x666)
💾 Kernel sauvegardé: ./kernel_cache/kernel_train_45f27e27c28fa4d68ccb207a49745d62.npy
🔹 Fold 1: Kernel Val (334x666)
💾 Kernel sauvegardé: ./kernel_cache/kernel_val_aa2f1d07ee99b2ab3675fdeef17d9fcd.npy
🔍 Optimizing C (Optuna)...
[I 2026-03-27 12:39:32,030] A new study created in memory with name: no-name-6eaf07e2-9809-40e0-a6bf-3bd074d73fb3
[I 2026-03-27 12:39:32,069] Trial 0 finished with value: 0.03880597014925369 and parameters: {'C': 2.226967633741499}. Best is trial 0 with value: 0.03880597014925369.
[I 2026-03-27 12:39:32,086] Trial 1 finished with value: 0.32015810276679846 and parameters: {'C': 0.48433766681567353}. Best is trial 0 with value: 0.03880597014925369.
[I 2026-03-27 12:39:32,103] Trial 2 finished with value: 0.5779816513761468 and parameters: {'C': 1.5118381237599174}. Best is trial 0 with value: 0.03880597014925369.
[I 2026-03-27 12:39:32,116] Trial 3 finished with value: 0.03880597014925369 and parameters: {'C': 7.241494398829036}. Best is trial 0 with value: 0.03880597014925369.
[I 2026-03-27 12:39:32,132] Trial 4 finished with value: 1.0 and parameters: {'C': 0.38563882357409185}. Best is trial 0 with value: 0.03880597014925369.
[I 2026-03-27 12:39:32,148] Trial 5 finished with value: 0.13907284768211925 and parameters: {'C': 1.9813093052341635}. Best is trial 0 with value: 0.03880597014925369.
[I 2026-03-27 12:39:32,164] Trial 6 finished with value: 0.32015810276679846 and parameters: {'C': 0.3119943952101803}. Best is trial 0 with value: 0.03880597014925369.
[I 2026-03-27 12:39:32,178] Trial 7 finished with value: 0.03880597014925369 and parameters: {'C': 5.738665021551286}. Best is trial 0 with value: 0.03880597014925369.
[I 2026-03-27 12:39:32,194] Trial 8 finished with value: 0.32015810276679846 and parameters: {'C': 0.13123345469041656}. Best is trial 0 with value: 0.03880597014925369.
[I 2026-03-27 12:39:32,210] Trial 9 finished with value: 0.0359281437125748 and parameters: {'C': 2.798196155810506}. Best is trial 9 with value: 0.0359281437125748.
[I 2026-03-27 12:39:32,228] Trial 10 finished with value: 0.0359281437125748 and parameters: {'C': 3.5322864758674934}. Best is trial 9 with value: 0.0359281437125748.
[I 2026-03-27 12:39:32,244] Trial 11 finished with value: 0.0359281437125748 and parameters: {'C': 3.594284200518943}. Best is trial 9 with value: 0.0359281437125748.
[I 2026-03-27 12:39:32,257] Trial 12 finished with value: 0.03880597014925369 and parameters: {'C': 9.068245728874658}. Best is trial 9 with value: 0.0359281437125748.
[I 2026-03-27 12:39:32,273] Trial 13 finished with value: 0.0359281437125748 and parameters: {'C': 3.4685416053721454}. Best is trial 9 with value: 0.0359281437125748.
[I 2026-03-27 12:39:32,290] Trial 14 finished with value: 0.32015810276679846 and parameters: {'C': 0.9251726280521807}. Best is trial 9 with value: 0.0359281437125748.
[I 2026-03-27 12:39:32,306] Trial 15 finished with value: 0.32015810276679846 and parameters: {'C': 0.927549573635343}. Best is trial 9 with value: 0.0359281437125748.
[I 2026-03-27 12:39:32,322] Trial 16 finished with value: 0.03880597014925369 and parameters: {'C': 4.646154588473101}. Best is trial 9 with value: 0.0359281437125748.
[I 2026-03-27 12:39:32,338] Trial 17 finished with value: 0.0359281437125748 and parameters: {'C': 2.7160417560916406}. Best is trial 9 with value: 0.0359281437125748.
[I 2026-03-27 12:39:32,354] Trial 18 finished with value: 0.31881188118811876 and parameters: {'C': 1.2663296718937782}. Best is trial 9 with value: 0.0359281437125748.
[I 2026-03-27 12:39:32,370] Trial 19 finished with value: 1.0 and parameters: {'C': 0.5968005111119523}. Best is trial 9 with value: 0.0359281437125748.
[I 2026-03-27 12:39:32,385] Trial 20 finished with value: 0.03880597014925369 and parameters: {'C': 5.294207261612594}. Best is trial 9 with value: 0.0359281437125748.
[I 2026-03-27 12:39:32,401] Trial 21 finished with value: 0.0359281437125748 and parameters: {'C': 3.4707352011425594}. Best is trial 9 with value: 0.0359281437125748.
[I 2026-03-27 12:39:32,416] Trial 22 finished with value: 0.0359281437125748 and parameters: {'C': 3.6064047628842917}. Best is trial 9 with value: 0.0359281437125748.
[I 2026-03-27 12:39:32,432] Trial 23 finished with value: 0.21985815602836878 and parameters: {'C': 1.773982404856062}. Best is trial 9 with value: 0.0359281437125748.
[I 2026-03-27 12:39:32,444] Trial 24 finished with value: 0.03880597014925369 and parameters: {'C': 9.734343428737965}. Best is trial 9 with value: 0.0359281437125748.
[I 2026-03-27 12:39:32,460] Trial 25 finished with value: 0.0359281437125748 and parameters: {'C': 3.1358920911526416}. Best is trial 9 with value: 0.0359281437125748.
[I 2026-03-27 12:39:32,475] Trial 26 finished with value: 0.03880597014925369 and parameters: {'C': 4.701055491917724}. Best is trial 9 with value: 0.0359281437125748.
[I 2026-03-27 12:39:32,491] Trial 27 finished with value: 0.051987767584097844 and parameters: {'C': 2.3567500679689233}. Best is trial 9 with value: 0.0359281437125748.
[I 2026-03-27 12:39:32,507] Trial 28 finished with value: 0.32015810276679846 and parameters: {'C': 1.2404093168052628}. Best is trial 9 with value: 0.0359281437125748.
[I 2026-03-27 12:39:32,523] Trial 29 finished with value: 0.03880597014925369 and parameters: {'C': 2.355240642090807}. Best is trial 9 with value: 0.0359281437125748.
✅ Optuna a trouvé le meilleur C: 2.798196155810506
🔹 Fold 1: Kernel TrainVal (1000x1000)
💾 Kernel sauvegardé: ./kernel_cache/kernel_trainval_3d60fa939844e6feee65444816819f01.npy
🔹 Fold 1: Kernel Test (2000x1000)
💾 Kernel sauvegardé: ./kernel_cache/kernel_test_dab2ff58b557e057497f04b864ee5065.npy
🚀 Retraining final SVM with best C: 2.798196155810506...
✅ Result Fold 1: F1=0.9594 AUC=0.9948

🔹 Fold 2: Kernel Train (667x667)
💾 Kernel sauvegardé: ./kernel_cache/kernel_train_25d2ed2b61fded04e056895d793c5ac9.npy
🔹 Fold 2: Kernel Val (333x667)
💾 Kernel sauvegardé: ./kernel_cache/kernel_val_df10716e4818cce6bf8eaf37252df9ac.npy
🔍 Optimizing C (Optuna)...
[I 2026-03-27 12:40:02,653] A new study created in memory with name: no-name-b2351c24-2410-4a63-80ef-ce6a3d1d5c2e
[I 2026-03-27 12:40:02,692] Trial 0 finished with value: 0.09152542372881356 and parameters: {'C': 1.9763586964185813}. Best is trial 0 with value: 0.09152542372881356.
[I 2026-03-27 12:40:02,732] Trial 1 finished with value: 0.3481781376518218 and parameters: {'C': 0.14388622567160286}. Best is trial 0 with value: 0.09152542372881356.
[I 2026-03-27 12:40:02,756] Trial 2 finished with value: 0.3481781376518218 and parameters: {'C': 0.44370323159104874}. Best is trial 0 with value: 0.09152542372881356.
[I 2026-03-27 12:40:02,787] Trial 3 finished with value: 0.04487179487179482 and parameters: {'C': 4.084114413041709}. Best is trial 3 with value: 0.04487179487179482.
[I 2026-03-27 12:40:02,812] Trial 4 finished with value: 0.03821656050955413 and parameters: {'C': 8.415602583921336}. Best is trial 4 with value: 0.03821656050955413.
[I 2026-03-27 12:40:02,839] Trial 5 finished with value: 0.04153354632587858 and parameters: {'C': 5.97571304777572}. Best is trial 4 with value: 0.03821656050955413.
[I 2026-03-27 12:40:02,866] Trial 6 finished with value: 0.03821656050955413 and parameters: {'C': 7.1800895553043595}. Best is trial 4 with value: 0.03821656050955413.
[I 2026-03-27 12:40:02,900] Trial 7 finished with value: 0.048231511254019255 and parameters: {'C': 3.1001311898490536}. Best is trial 4 with value: 0.03821656050955413.
[I 2026-03-27 12:40:02,938] Trial 8 finished with value: 0.3481781376518218 and parameters: {'C': 0.9397740118991467}. Best is trial 4 with value: 0.03821656050955413.
[I 2026-03-27 12:40:02,978] Trial 9 finished with value: 0.3481781376518218 and parameters: {'C': 0.4101885409932566}. Best is trial 4 with value: 0.03821656050955413.
[I 2026-03-27 12:40:03,047] Trial 10 finished with value: 0.03821656050955413 and parameters: {'C': 9.358596323149024}. Best is trial 4 with value: 0.03821656050955413.
[I 2026-03-27 12:40:03,072] Trial 11 finished with value: 0.03821656050955413 and parameters: {'C': 9.49259817025776}. Best is trial 4 with value: 0.03821656050955413.
[I 2026-03-27 12:40:03,107] Trial 12 finished with value: 0.05228758169934644 and parameters: {'C': 1.6855337600505986}. Best is trial 4 with value: 0.03821656050955413.
[I 2026-03-27 12:40:03,139] Trial 13 finished with value: 0.04487179487179482 and parameters: {'C': 4.462616715001345}. Best is trial 4 with value: 0.03821656050955413.
[I 2026-03-27 12:40:03,175] Trial 14 finished with value: 0.04153354632587858 and parameters: {'C': 2.1547990701218622}. Best is trial 4 with value: 0.03821656050955413.
[I 2026-03-27 12:40:03,209] Trial 15 finished with value: 0.3481781376518218 and parameters: {'C': 0.9348433191567339}. Best is trial 4 with value: 0.03821656050955413.
[I 2026-03-27 12:40:03,241] Trial 16 finished with value: 0.03821656050955413 and parameters: {'C': 7.413343434130303}. Best is trial 4 with value: 0.03821656050955413.
[I 2026-03-27 12:40:03,274] Trial 17 finished with value: 0.04487179487179482 and parameters: {'C': 3.7430454886925943}. Best is trial 4 with value: 0.03821656050955413.
[I 2026-03-27 12:40:03,307] Trial 18 finished with value: 0.3481781376518218 and parameters: {'C': 0.4849340125069194}. Best is trial 4 with value: 0.03821656050955413.
[I 2026-03-27 12:40:03,343] Trial 19 finished with value: 0.3481781376518218 and parameters: {'C': 0.1821882680827015}. Best is trial 4 with value: 0.03821656050955413.
[I 2026-03-27 12:40:03,376] Trial 20 finished with value: 0.04153354632587858 and parameters: {'C': 6.210275239993077}. Best is trial 4 with value: 0.03821656050955413.
[I 2026-03-27 12:40:03,404] Trial 21 finished with value: 0.03514376996805113 and parameters: {'C': 8.949304176706418}. Best is trial 21 with value: 0.03514376996805113.
[I 2026-03-27 12:40:03,429] Trial 22 finished with value: 0.03821656050955413 and parameters: {'C': 9.843593472188909}. Best is trial 21 with value: 0.03514376996805113.
[I 2026-03-27 12:40:03,456] Trial 23 finished with value: 0.04153354632587858 and parameters: {'C': 5.8664881353183}. Best is trial 21 with value: 0.03514376996805113.
[I 2026-03-27 12:40:03,484] Trial 24 finished with value: 0.05228758169934644 and parameters: {'C': 2.328457584251406}. Best is trial 21 with value: 0.03514376996805113.
[I 2026-03-27 12:40:03,501] Trial 25 finished with value: 0.18274111675126903 and parameters: {'C': 1.435158099397418}. Best is trial 21 with value: 0.03514376996805113.
[I 2026-03-27 12:40:03,519] Trial 26 finished with value: 0.048231511254019255 and parameters: {'C': 2.9053247344960162}. Best is trial 21 with value: 0.03514376996805113.
[I 2026-03-27 12:40:03,539] Trial 27 finished with value: 0.04153354632587858 and parameters: {'C': 4.955467022962759}. Best is trial 21 with value: 0.03514376996805113.
[I 2026-03-27 12:40:03,572] Trial 28 finished with value: 0.03821656050955413 and parameters: {'C': 7.375849748782921}. Best is trial 21 with value: 0.03514376996805113.
[I 2026-03-27 12:40:03,617] Trial 29 finished with value: 0.048231511254019255 and parameters: {'C': 3.112780427858373}. Best is trial 21 with value: 0.03514376996805113.
✅ Optuna a trouvé le meilleur C: 8.949304176706418
🔹 Fold 2: Kernel TrainVal (1000x1000)
💾 Kernel sauvegardé: ./kernel_cache/kernel_trainval_9e597ddbcd5916edb076945d6d2f632b.npy
🔹 Fold 2: Kernel Test (2000x1000)
💾 Kernel sauvegardé: ./kernel_cache/kernel_test_7381b4457bba7ddbbe4bc06ee9deae5e.npy
🚀 Retraining final SVM with best C: 8.949304176706418...
✅ Result Fold 2: F1=0.9720 AUC=0.9960

🔹 Fold 3: Kernel Train (667x667)
💾 Kernel sauvegardé: ./kernel_cache/kernel_train_efeb9d3043f16c37c281eeb716e58609.npy
🔹 Fold 3: Kernel Val (333x667)
💾 Kernel sauvegardé: ./kernel_cache/kernel_val_e2471d72ab9f68980e43cc4bce4cbed3.npy
🔍 Optimizing C (Optuna)...
[I 2026-03-27 12:40:34,482] A new study created in memory with name: no-name-dbe08f61-32a6-40ae-be63-36f045b51ba6
[I 2026-03-27 12:40:34,517] Trial 0 finished with value: 1.0 and parameters: {'C': 0.195393824155448}. Best is trial 0 with value: 1.0.
[I 2026-03-27 12:40:34,534] Trial 1 finished with value: 1.0 and parameters: {'C': 0.9717849141539482}. Best is trial 0 with value: 1.0.
[I 2026-03-27 12:40:34,550] Trial 2 finished with value: 1.0 and parameters: {'C': 1.056223009676965}. Best is trial 0 with value: 1.0.
[I 2026-03-27 12:40:34,566] Trial 3 finished with value: 0.035598705501618144 and parameters: {'C': 4.4418446261574855}. Best is trial 3 with value: 0.035598705501618144.
[I 2026-03-27 12:40:34,582] Trial 4 finished with value: 0.16788321167883213 and parameters: {'C': 2.0332929264085675}. Best is trial 3 with value: 0.035598705501618144.
[I 2026-03-27 12:40:34,598] Trial 5 finished with value: 1.0 and parameters: {'C': 0.2913013454536006}. Best is trial 3 with value: 0.035598705501618144.
[I 2026-03-27 12:40:34,614] Trial 6 finished with value: 1.0 and parameters: {'C': 0.6466740007695025}. Best is trial 3 with value: 0.035598705501618144.
[I 2026-03-27 12:40:34,627] Trial 7 finished with value: 0.02893890675241162 and parameters: {'C': 8.690646312546196}. Best is trial 7 with value: 0.02893890675241162.
[I 2026-03-27 12:40:34,642] Trial 8 finished with value: 0.33891213389121344 and parameters: {'C': 1.745675799326235}. Best is trial 7 with value: 0.02893890675241162.
[I 2026-03-27 12:40:34,658] Trial 9 finished with value: 0.052631578947368474 and parameters: {'C': 2.7636169669904493}. Best is trial 7 with value: 0.02893890675241162.
[I 2026-03-27 12:40:34,671] Trial 10 finished with value: 0.02893890675241162 and parameters: {'C': 9.4790239843072}. Best is trial 7 with value: 0.02893890675241162.
[I 2026-03-27 12:40:34,684] Trial 11 finished with value: 0.02893890675241162 and parameters: {'C': 9.36004383279488}. Best is trial 7 with value: 0.02893890675241162.
[I 2026-03-27 12:40:34,697] Trial 12 finished with value: 0.02893890675241162 and parameters: {'C': 9.683762174591163}. Best is trial 7 with value: 0.02893890675241162.
[I 2026-03-27 12:40:34,711] Trial 13 finished with value: 0.035598705501618144 and parameters: {'C': 5.305219878478102}. Best is trial 7 with value: 0.02893890675241162.
[I 2026-03-27 12:40:34,727] Trial 14 finished with value: 0.035598705501618144 and parameters: {'C': 4.859611744218576}. Best is trial 7 with value: 0.02893890675241162.
[I 2026-03-27 12:40:34,739] Trial 15 finished with value: 0.02893890675241162 and parameters: {'C': 9.85782763992903}. Best is trial 7 with value: 0.02893890675241162.
[I 2026-03-27 12:40:34,755] Trial 16 finished with value: 0.04234527687296419 and parameters: {'C': 3.23769668783928}. Best is trial 7 with value: 0.02893890675241162.
[I 2026-03-27 12:40:34,772] Trial 17 finished with value: 1.0 and parameters: {'C': 0.38655295411005447}. Best is trial 7 with value: 0.02893890675241162.
[I 2026-03-27 12:40:34,789] Trial 18 finished with value: 1.0 and parameters: {'C': 0.1301958661558721}. Best is trial 7 with value: 0.02893890675241162.
[I 2026-03-27 12:40:34,803] Trial 19 finished with value: 0.032258064516129004 and parameters: {'C': 5.943109692149037}. Best is trial 7 with value: 0.02893890675241162.
[I 2026-03-27 12:40:34,820] Trial 20 finished with value: 0.2825112107623319 and parameters: {'C': 1.4526017233416182}. Best is trial 7 with value: 0.02893890675241162.
[I 2026-03-27 12:40:34,833] Trial 21 finished with value: 0.02893890675241162 and parameters: {'C': 7.653694179634387}. Best is trial 7 with value: 0.02893890675241162.
[I 2026-03-27 12:40:34,849] Trial 22 finished with value: 0.04234527687296419 and parameters: {'C': 3.580438934282846}. Best is trial 7 with value: 0.02893890675241162.
[I 2026-03-27 12:40:34,863] Trial 23 finished with value: 0.032258064516129004 and parameters: {'C': 6.592861025633366}. Best is trial 7 with value: 0.02893890675241162.
[I 2026-03-27 12:40:34,876] Trial 24 finished with value: 0.02893890675241162 and parameters: {'C': 9.91257112870543}. Best is trial 7 with value: 0.02893890675241162.
[I 2026-03-27 12:40:34,890] Trial 25 finished with value: 0.032258064516129004 and parameters: {'C': 6.941116008971467}. Best is trial 7 with value: 0.02893890675241162.
[I 2026-03-27 12:40:34,906] Trial 26 finished with value: 0.049180327868852514 and parameters: {'C': 2.6232403582703103}. Best is trial 7 with value: 0.02893890675241162.
[I 2026-03-27 12:40:34,922] Trial 27 finished with value: 0.038961038961038974 and parameters: {'C': 4.194015895686751}. Best is trial 7 with value: 0.02893890675241162.
[I 2026-03-27 12:40:34,935] Trial 28 finished with value: 0.032258064516129004 and parameters: {'C': 7.3061662548012976}. Best is trial 7 with value: 0.02893890675241162.
